TpTrace Verbose: 0 : 14492, 1, 2022/12/10, 13:11:25.916, 141548872973, vstest.console.dll, Version: 17.4.0-release-20221019-01 Current process architecture: X64
TpTrace Verbose: 0 : 14492, 1, 2022/12/10, 13:11:25.918, 141548891741, vstest.console.dll, Runtime location: C:\Program Files\dotnet\shared\Microsoft.NETCore.App\7.0.0
TpTrace Verbose: 0 : 14492, 1, 2022/12/10, 13:11:25.921, 141548925650, vstest.console.dll, ArtifactProcessingPostProcessModeProcessorExecutor.Initialize: ArtifactProcessingMode.Collect
TpTrace Verbose: 0 : 14492, 1, 2022/12/10, 13:11:25.921, 141548927277, vstest.console.dll, TestSessionCorrelationIdProcessorModeProcessorExecutor.Initialize: TestSessionCorrelationId '14008_6c920ef3-a6cc-415a-a3aa-7bbee5c306b0'
TpTrace Information: 0 : 14492, 1, 2022/12/10, 13:11:25.932, 141549030440, vstest.console.dll, FilePatternParser: The given file D:\Documents\GitHub\VetAppointment_.NET\VetAppointment - APIs + Tests\VetAppointment - Working\VetAppointment.Integration.Test\bin\Debug\net7.0\fine-code-coverage\build-output\VetAppointment.Integration.Test.dll is a full path.
TpTrace Verbose: 0 : 14492, 1, 2022/12/10, 13:11:25.938, 141549094682, vstest.console.dll, TestPluginCache.DiscoverTestExtensions: finding test extensions in assemblies ends with: RuntimeProvider.dll TPluginInfo: Microsoft.VisualStudio.TestPlatform.Common.ExtensionFramework.Utilities.TestRuntimePluginInformation TExtension: Microsoft.VisualStudio.TestPlatform.ObjectModel.Host.ITestRuntimeProvider
TpTrace Verbose: 0 : 14492, 1, 2022/12/10, 13:11:25.938, 141549096965, vstest.console.dll, TestPluginCache.GetExtensionPaths: Filtered extension paths: 
TpTrace Verbose: 0 : 14492, 1, 2022/12/10, 13:11:25.938, 141549097857, vstest.console.dll, TestPluginCache.GetExtensionPaths: Added default extension paths: C:\Program Files\dotnet\sdk\7.0.100\Extensions\Microsoft.Diagnostics.NETCore.Client.dll
C:\Program Files\dotnet\sdk\7.0.100\Extensions\Microsoft.TestPlatform.Extensions.BlameDataCollector.dll
C:\Program Files\dotnet\sdk\7.0.100\Extensions\Microsoft.TestPlatform.Extensions.EventLogCollector.dll
C:\Program Files\dotnet\sdk\7.0.100\Extensions\Microsoft.TestPlatform.TestHostRuntimeProvider.dll
C:\Program Files\dotnet\sdk\7.0.100\Extensions\Microsoft.VisualStudio.TestPlatform.Extensions.Html.TestLogger.dll
C:\Program Files\dotnet\sdk\7.0.100\Extensions\Microsoft.VisualStudio.TestPlatform.Extensions.Trx.TestLogger.dll
TpTrace Verbose: 0 : 14492, 1, 2022/12/10, 13:11:25.938, 141549098292, vstest.console.dll, TestPluginCache.GetExtensionPaths: Added unfilterableExtensionPaths: 
TpTrace Information: 0 : 14492, 1, 2022/12/10, 13:11:25.939, 141549105625, vstest.console.dll, AssemblyResolver.ctor: Creating AssemblyResolver with searchDirectories C:\Program Files\dotnet\sdk\7.0.100\Extensions,C:\Program Files\dotnet\sdk\7.0.100
TpTrace Verbose: 0 : 14492, 1, 2022/12/10, 13:11:25.940, 141549116711, vstest.console.dll, TestPluginCache.DiscoverTestExtensions: Discovering the extensions using extension path.
TpTrace Verbose: 0 : 14492, 1, 2022/12/10, 13:11:25.940, 141549118052, vstest.console.dll, TestPluginCache.GetExtensionPaths: Filtered extension paths: 
TpTrace Verbose: 0 : 14492, 1, 2022/12/10, 13:11:25.940, 141549118599, vstest.console.dll, TestPluginCache.GetExtensionPaths: Added default extension paths: C:\Program Files\dotnet\sdk\7.0.100\Extensions\Microsoft.Diagnostics.NETCore.Client.dll
C:\Program Files\dotnet\sdk\7.0.100\Extensions\Microsoft.TestPlatform.Extensions.BlameDataCollector.dll
C:\Program Files\dotnet\sdk\7.0.100\Extensions\Microsoft.TestPlatform.Extensions.EventLogCollector.dll
C:\Program Files\dotnet\sdk\7.0.100\Extensions\Microsoft.TestPlatform.TestHostRuntimeProvider.dll
C:\Program Files\dotnet\sdk\7.0.100\Extensions\Microsoft.VisualStudio.TestPlatform.Extensions.Html.TestLogger.dll
C:\Program Files\dotnet\sdk\7.0.100\Extensions\Microsoft.VisualStudio.TestPlatform.Extensions.Trx.TestLogger.dll
TpTrace Verbose: 0 : 14492, 1, 2022/12/10, 13:11:25.940, 141549118949, vstest.console.dll, TestPluginCache.GetExtensionPaths: Added unfilterableExtensionPaths: 
TpTrace Verbose: 0 : 14492, 1, 2022/12/10, 13:11:25.941, 141549120535, vstest.console.dll, TestPluginCache.DiscoverTestExtensions: Discovering the extensions using allExtensionPaths: C:\Program Files\dotnet\sdk\7.0.100\Extensions\Microsoft.Diagnostics.NETCore.Client.dll
C:\Program Files\dotnet\sdk\7.0.100\Extensions\Microsoft.TestPlatform.Extensions.BlameDataCollector.dll
C:\Program Files\dotnet\sdk\7.0.100\Extensions\Microsoft.TestPlatform.Extensions.EventLogCollector.dll
C:\Program Files\dotnet\sdk\7.0.100\Extensions\Microsoft.TestPlatform.TestHostRuntimeProvider.dll
C:\Program Files\dotnet\sdk\7.0.100\Extensions\Microsoft.VisualStudio.TestPlatform.Extensions.Html.TestLogger.dll
C:\Program Files\dotnet\sdk\7.0.100\Extensions\Microsoft.VisualStudio.TestPlatform.Extensions.Trx.TestLogger.dll
TpTrace Information: 0 : 14492, 1, 2022/12/10, 13:11:25.941, 141549121673, vstest.console.dll, AssemblyResolver.AddSearchDirectories: Adding more searchDirectories C:\Program Files\dotnet\sdk\7.0.100\Extensions,C:\Program Files\dotnet\sdk\7.0.100
TpTrace Information: 0 : 14492, 1, 2022/12/10, 13:11:25.941, 141549122294, vstest.console.dll, AssemblyResolver.AddSearchDirectories: Adding more searchDirectories C:\Program Files\dotnet\sdk\7.0.100\Extensions,C:\Program Files\dotnet\sdk\7.0.100
TpTrace Information: 0 : 14492, 1, 2022/12/10, 13:11:25.941, 141549122664, vstest.console.dll, AssemblyResolver.AddSearchDirectories: Adding more searchDirectories C:\Program Files\dotnet\sdk\7.0.100\Extensions,C:\Program Files\dotnet\sdk\7.0.100
TpTrace Information: 0 : 14492, 1, 2022/12/10, 13:11:25.941, 141549122987, vstest.console.dll, AssemblyResolver.AddSearchDirectories: Adding more searchDirectories C:\Program Files\dotnet\sdk\7.0.100\Extensions,C:\Program Files\dotnet\sdk\7.0.100
TpTrace Information: 0 : 14492, 1, 2022/12/10, 13:11:25.941, 141549123353, vstest.console.dll, AssemblyResolver.AddSearchDirectories: Adding more searchDirectories C:\Program Files\dotnet\sdk\7.0.100\Extensions,C:\Program Files\dotnet\sdk\7.0.100
TpTrace Information: 0 : 14492, 1, 2022/12/10, 13:11:25.941, 141549123683, vstest.console.dll, AssemblyResolver.AddSearchDirectories: Adding more searchDirectories C:\Program Files\dotnet\sdk\7.0.100\Extensions,C:\Program Files\dotnet\sdk\7.0.100
TpTrace Information: 0 : 14492, 1, 2022/12/10, 13:11:25.941, 141549128204, vstest.console.dll, AssemblyResolver.OnResolve: Microsoft.Diagnostics.NETCore.Client: Resolving assembly.
TpTrace Information: 0 : 14492, 1, 2022/12/10, 13:11:25.941, 141549128978, vstest.console.dll, AssemblyResolver.OnResolve: Microsoft.Diagnostics.NETCore.Client: Searching in: 'C:\Program Files\dotnet\sdk\7.0.100\Extensions'.
TpTrace Information: 0 : 14492, 1, 2022/12/10, 13:11:25.949, 141549205618, vstest.console.dll, AssemblyResolver.OnResolve: Microsoft.Diagnostics.NETCore.Client: Loading assembly 'C:\Program Files\dotnet\sdk\7.0.100\Extensions\Microsoft.Diagnostics.NETCore.Client.dll'.
TpTrace Information: 0 : 14492, 1, 2022/12/10, 13:11:25.950, 141549214090, vstest.console.dll, AssemblyResolver.OnResolve: Resolved assembly: Microsoft.Diagnostics.NETCore.Client, from path: C:\Program Files\dotnet\sdk\7.0.100\Extensions\Microsoft.Diagnostics.NETCore.Client.dll
TpTrace Verbose: 0 : 14492, 1, 2022/12/10, 13:11:25.951, 141549228462, vstest.console.dll, MetadataReaderExtensionsHelper: Discovering extensions inside assembly 'Microsoft.Diagnostics.NETCore.Client, Version=0.2.6.42401, Culture=neutral, PublicKeyToken=31bf3856ad364e35' file path 'C:\Program Files\dotnet\sdk\7.0.100\Extensions\Microsoft.Diagnostics.NETCore.Client.dll'
TpTrace Information: 0 : 14492, 1, 2022/12/10, 13:11:25.956, 141549271962, vstest.console.dll, AssemblyResolver.OnResolve: Microsoft.Bcl.AsyncInterfaces: Resolving assembly.
TpTrace Information: 0 : 14492, 1, 2022/12/10, 13:11:25.956, 141549272920, vstest.console.dll, AssemblyResolver.OnResolve: Microsoft.Bcl.AsyncInterfaces: Searching in: 'C:\Program Files\dotnet\sdk\7.0.100\Extensions'.
TpTrace Information: 0 : 14492, 1, 2022/12/10, 13:11:25.956, 141549273735, vstest.console.dll, AssemblyResolver.OnResolve: Microsoft.Bcl.AsyncInterfaces: Assembly path does not exist: 'C:\Program Files\dotnet\sdk\7.0.100\Extensions\Microsoft.Bcl.AsyncInterfaces.dll', returning.
TpTrace Information: 0 : 14492, 1, 2022/12/10, 13:11:25.956, 141549274877, vstest.console.dll, AssemblyResolver.OnResolve: Microsoft.Bcl.AsyncInterfaces: Assembly path does not exist: 'C:\Program Files\dotnet\sdk\7.0.100\Extensions\Microsoft.Bcl.AsyncInterfaces.exe', returning.
TpTrace Information: 0 : 14492, 1, 2022/12/10, 13:11:25.956, 141549275288, vstest.console.dll, AssemblyResolver.OnResolve: Microsoft.Bcl.AsyncInterfaces: Searching in: 'C:\Program Files\dotnet\sdk\7.0.100'.
TpTrace Information: 0 : 14492, 1, 2022/12/10, 13:11:25.956, 141549275881, vstest.console.dll, AssemblyResolver.OnResolve: Microsoft.Bcl.AsyncInterfaces: Assembly path does not exist: 'C:\Program Files\dotnet\sdk\7.0.100\Microsoft.Bcl.AsyncInterfaces.dll', returning.
TpTrace Information: 0 : 14492, 1, 2022/12/10, 13:11:25.956, 141549276455, vstest.console.dll, AssemblyResolver.OnResolve: Microsoft.Bcl.AsyncInterfaces: Assembly path does not exist: 'C:\Program Files\dotnet\sdk\7.0.100\Microsoft.Bcl.AsyncInterfaces.exe', returning.
TpTrace Information: 0 : 14492, 1, 2022/12/10, 13:11:25.956, 141549276846, vstest.console.dll, AssemblyResolver.OnResolve: Microsoft.Bcl.AsyncInterfaces: Failed to load assembly.
TpTrace Verbose: 0 : 14492, 1, 2022/12/10, 13:11:25.956, 141549277247, vstest.console.dll, CurrentDomainAssemblyResolve: Resolving assembly 'Microsoft.Bcl.AsyncInterfaces'.
TpTrace Information: 0 : 14492, 1, 2022/12/10, 13:11:25.956, 141549277877, vstest.console.dll, AssemblyResolver.OnResolve: Microsoft.Bcl.AsyncInterfaces: Resolving assembly.
TpTrace Information: 0 : 14492, 1, 2022/12/10, 13:11:25.956, 141549278305, vstest.console.dll, AssemblyResolver.OnResolve: Microsoft.Bcl.AsyncInterfaces: Resolved from cache.
TpTrace Verbose: 0 : 14492, 1, 2022/12/10, 13:11:25.956, 141549278625, vstest.console.dll, CurrentDomainAssemblyResolve: Resolving assembly 'Microsoft.Bcl.AsyncInterfaces'.
TpTrace Verbose: 0 : 14492, 1, 2022/12/10, 13:11:25.956, 141549279002, vstest.console.dll, CurrentDomainAssemblyResolve: Failed to resolve assembly 'Microsoft.Bcl.AsyncInterfaces'.
TpTrace Verbose: 0 : 14492, 1, 2022/12/10, 13:11:25.957, 141549285725, vstest.console.dll, CurrentDomainAssemblyResolve: Failed to resolve assembly 'Microsoft.Bcl.AsyncInterfaces'.
TpTrace Warning: 0 : 14492, 1, 2022/12/10, 13:11:25.964, 141549355901, vstest.console.dll, TestPluginDiscoverer: Failed to get types from assembly 'Microsoft.Diagnostics.NETCore.Client, Version=0.2.6.42401, Culture=neutral, PublicKeyToken=31bf3856ad364e35'. Error: System.Reflection.ReflectionTypeLoadException: Unable to load one or more of the requested types.
Could not load file or assembly 'Microsoft.Bcl.AsyncInterfaces, Version=1.0.0.0, Culture=neutral, PublicKeyToken=cc7b13ffcd2ddd51'. The system cannot find the file specified.
   at System.Reflection.RuntimeModule.GetTypes(RuntimeModule module)
   at System.Reflection.Assembly.GetTypes()
   at Microsoft.VisualStudio.TestPlatform.Common.ExtensionFramework.TestPluginDiscoverer.GetTestExtensionsFromAssembly[TPluginInfo,TExtension](Assembly assembly, Dictionary`2 pluginInfos, String filePath)
System.IO.FileNotFoundException: Could not load file or assembly 'Microsoft.Bcl.AsyncInterfaces, Version=1.0.0.0, Culture=neutral, PublicKeyToken=cc7b13ffcd2ddd51'. The system cannot find the file specified.
File name: 'Microsoft.Bcl.AsyncInterfaces, Version=1.0.0.0, Culture=neutral, PublicKeyToken=cc7b13ffcd2ddd51'
 ---> System.IO.FileNotFoundException: Could not load file or assembly 'Microsoft.Bcl.AsyncInterfaces, Culture=neutral, PublicKeyToken=null'. The system cannot find the file specified.
File name: 'Microsoft.Bcl.AsyncInterfaces, Culture=neutral, PublicKeyToken=null'
   at System.Reflection.RuntimeAssembly.InternalLoad(AssemblyName assemblyName, StackCrawlMark& stackMark, AssemblyLoadContext assemblyLoadContext, RuntimeAssembly requestingAssembly, Boolean throwOnFileNotFound)
   at System.Reflection.Assembly.Load(AssemblyName assemblyRef)
   at Microsoft.VisualStudio.TestPlatform.Common.ExtensionFramework.TestPluginCache.CurrentDomainAssemblyResolve(Object sender, AssemblyResolveEventArgs args)
   at System.Runtime.Loader.AssemblyLoadContext.GetFirstResolvedAssemblyFromResolvingEvent(AssemblyName assemblyName)
   at System.Runtime.Loader.AssemblyLoadContext.ResolveUsingEvent(AssemblyName assemblyName)
   at System.Runtime.Loader.AssemblyLoadContext.ResolveUsingResolvingEvent(IntPtr gchManagedAssemblyLoadContext, AssemblyName assemblyName)
TpTrace Warning: 0 : 14492, 1, 2022/12/10, 13:11:25.965, 141549360821, vstest.console.dll, LoaderExceptions: System.IO.FileNotFoundException: Could not load file or assembly 'Microsoft.Bcl.AsyncInterfaces, Version=1.0.0.0, Culture=neutral, PublicKeyToken=cc7b13ffcd2ddd51'. The system cannot find the file specified.
File name: 'Microsoft.Bcl.AsyncInterfaces, Version=1.0.0.0, Culture=neutral, PublicKeyToken=cc7b13ffcd2ddd51'
 ---> System.IO.FileNotFoundException: Could not load file or assembly 'Microsoft.Bcl.AsyncInterfaces, Culture=neutral, PublicKeyToken=null'. The system cannot find the file specified.
File name: 'Microsoft.Bcl.AsyncInterfaces, Culture=neutral, PublicKeyToken=null'
   at System.Reflection.RuntimeAssembly.InternalLoad(AssemblyName assemblyName, StackCrawlMark& stackMark, AssemblyLoadContext assemblyLoadContext, RuntimeAssembly requestingAssembly, Boolean throwOnFileNotFound)
   at System.Reflection.Assembly.Load(AssemblyName assemblyRef)
   at Microsoft.VisualStudio.TestPlatform.Common.ExtensionFramework.TestPluginCache.CurrentDomainAssemblyResolve(Object sender, AssemblyResolveEventArgs args)
   at System.Runtime.Loader.AssemblyLoadContext.GetFirstResolvedAssemblyFromResolvingEvent(AssemblyName assemblyName)
   at System.Runtime.Loader.AssemblyLoadContext.ResolveUsingEvent(AssemblyName assemblyName)
   at System.Runtime.Loader.AssemblyLoadContext.ResolveUsingResolvingEvent(IntPtr gchManagedAssemblyLoadContext, AssemblyName assemblyName)
TpTrace Information: 0 : 14492, 1, 2022/12/10, 13:11:25.965, 141549363062, vstest.console.dll, AssemblyResolver.OnResolve: Microsoft.TestPlatform.Extensions.BlameDataCollector: Resolving assembly.
TpTrace Information: 0 : 14492, 1, 2022/12/10, 13:11:25.965, 141549363567, vstest.console.dll, AssemblyResolver.OnResolve: Microsoft.TestPlatform.Extensions.BlameDataCollector: Searching in: 'C:\Program Files\dotnet\sdk\7.0.100\Extensions'.
TpTrace Information: 0 : 14492, 1, 2022/12/10, 13:11:25.965, 141549369808, vstest.console.dll, AssemblyResolver.OnResolve: Microsoft.TestPlatform.Extensions.BlameDataCollector: Loading assembly 'C:\Program Files\dotnet\sdk\7.0.100\Extensions\Microsoft.TestPlatform.Extensions.BlameDataCollector.dll'.
TpTrace Information: 0 : 14492, 1, 2022/12/10, 13:11:25.966, 141549379896, vstest.console.dll, AssemblyResolver.OnResolve: Resolved assembly: Microsoft.TestPlatform.Extensions.BlameDataCollector, from path: C:\Program Files\dotnet\sdk\7.0.100\Extensions\Microsoft.TestPlatform.Extensions.BlameDataCollector.dll
TpTrace Verbose: 0 : 14492, 1, 2022/12/10, 13:11:25.967, 141549381270, vstest.console.dll, MetadataReaderExtensionsHelper: Discovering extensions inside assembly 'Microsoft.TestPlatform.Extensions.BlameDataCollector, Version=15.0.0.0, Culture=neutral, PublicKeyToken=b03f5f7f11d50a3a' file path 'C:\Program Files\dotnet\sdk\7.0.100\Extensions\Microsoft.TestPlatform.Extensions.BlameDataCollector.dll'
TpTrace Information: 0 : 14492, 1, 2022/12/10, 13:11:25.968, 141549399362, vstest.console.dll, AssemblyResolver.OnResolve: Microsoft.TestPlatform.Extensions.EventLogCollector: Resolving assembly.
TpTrace Information: 0 : 14492, 1, 2022/12/10, 13:11:25.969, 141549400190, vstest.console.dll, AssemblyResolver.OnResolve: Microsoft.TestPlatform.Extensions.EventLogCollector: Searching in: 'C:\Program Files\dotnet\sdk\7.0.100\Extensions'.
TpTrace Information: 0 : 14492, 1, 2022/12/10, 13:11:25.969, 141549405456, vstest.console.dll, AssemblyResolver.OnResolve: Microsoft.TestPlatform.Extensions.EventLogCollector: Loading assembly 'C:\Program Files\dotnet\sdk\7.0.100\Extensions\Microsoft.TestPlatform.Extensions.EventLogCollector.dll'.
TpTrace Information: 0 : 14492, 1, 2022/12/10, 13:11:25.970, 141549411326, vstest.console.dll, AssemblyResolver.OnResolve: Resolved assembly: Microsoft.TestPlatform.Extensions.EventLogCollector, from path: C:\Program Files\dotnet\sdk\7.0.100\Extensions\Microsoft.TestPlatform.Extensions.EventLogCollector.dll
TpTrace Verbose: 0 : 14492, 1, 2022/12/10, 13:11:25.970, 141549412115, vstest.console.dll, MetadataReaderExtensionsHelper: Discovering extensions inside assembly 'Microsoft.TestPlatform.Extensions.EventLogCollector, Version=15.0.0.0, Culture=neutral, PublicKeyToken=b03f5f7f11d50a3a' file path 'C:\Program Files\dotnet\sdk\7.0.100\Extensions\Microsoft.TestPlatform.Extensions.EventLogCollector.dll'
TpTrace Information: 0 : 14492, 1, 2022/12/10, 13:11:25.972, 141549432301, vstest.console.dll, AssemblyResolver.OnResolve: Microsoft.TestPlatform.TestHostRuntimeProvider: Resolving assembly.
TpTrace Information: 0 : 14492, 1, 2022/12/10, 13:11:25.972, 141549433109, vstest.console.dll, AssemblyResolver.OnResolve: Microsoft.TestPlatform.TestHostRuntimeProvider: Searching in: 'C:\Program Files\dotnet\sdk\7.0.100\Extensions'.
TpTrace Information: 0 : 14492, 1, 2022/12/10, 13:11:25.972, 141549438307, vstest.console.dll, AssemblyResolver.OnResolve: Microsoft.TestPlatform.TestHostRuntimeProvider: Loading assembly 'C:\Program Files\dotnet\sdk\7.0.100\Extensions\Microsoft.TestPlatform.TestHostRuntimeProvider.dll'.
TpTrace Information: 0 : 14492, 1, 2022/12/10, 13:11:25.973, 141549444059, vstest.console.dll, AssemblyResolver.OnResolve: Resolved assembly: Microsoft.TestPlatform.TestHostRuntimeProvider, from path: C:\Program Files\dotnet\sdk\7.0.100\Extensions\Microsoft.TestPlatform.TestHostRuntimeProvider.dll
TpTrace Verbose: 0 : 14492, 1, 2022/12/10, 13:11:25.973, 141549444884, vstest.console.dll, MetadataReaderExtensionsHelper: Discovering extensions inside assembly 'Microsoft.TestPlatform.TestHostRuntimeProvider, Version=15.0.0.0, Culture=neutral, PublicKeyToken=b03f5f7f11d50a3a' file path 'C:\Program Files\dotnet\sdk\7.0.100\Extensions\Microsoft.TestPlatform.TestHostRuntimeProvider.dll'
TpTrace Information: 0 : 14492, 1, 2022/12/10, 13:11:25.975, 141549469063, vstest.console.dll, GetTestExtensionFromType: Register extension with identifier data 'HostProvider://DefaultTestHost' and type 'Microsoft.VisualStudio.TestPlatform.CrossPlatEngine.Hosting.DefaultTestHostManager, Microsoft.TestPlatform.TestHostRuntimeProvider, Version=15.0.0.0, Culture=neutral, PublicKeyToken=b03f5f7f11d50a3a' inside file 'C:\Program Files\dotnet\sdk\7.0.100\Extensions\Microsoft.TestPlatform.TestHostRuntimeProvider.dll'
TpTrace Information: 0 : 14492, 1, 2022/12/10, 13:11:25.976, 141549471882, vstest.console.dll, GetTestExtensionFromType: Register extension with identifier data 'HostProvider://DotnetTestHost' and type 'Microsoft.VisualStudio.TestPlatform.CrossPlatEngine.Hosting.DotnetTestHostManager, Microsoft.TestPlatform.TestHostRuntimeProvider, Version=15.0.0.0, Culture=neutral, PublicKeyToken=b03f5f7f11d50a3a' inside file 'C:\Program Files\dotnet\sdk\7.0.100\Extensions\Microsoft.TestPlatform.TestHostRuntimeProvider.dll'
TpTrace Information: 0 : 14492, 1, 2022/12/10, 13:11:25.976, 141549472823, vstest.console.dll, AssemblyResolver.OnResolve: Microsoft.VisualStudio.TestPlatform.Extensions.Html.TestLogger: Resolving assembly.
TpTrace Information: 0 : 14492, 1, 2022/12/10, 13:11:25.976, 141549473218, vstest.console.dll, AssemblyResolver.OnResolve: Microsoft.VisualStudio.TestPlatform.Extensions.Html.TestLogger: Searching in: 'C:\Program Files\dotnet\sdk\7.0.100\Extensions'.
TpTrace Information: 0 : 14492, 1, 2022/12/10, 13:11:25.977, 141549481795, vstest.console.dll, AssemblyResolver.OnResolve: Microsoft.VisualStudio.TestPlatform.Extensions.Html.TestLogger: Loading assembly 'C:\Program Files\dotnet\sdk\7.0.100\Extensions\Microsoft.VisualStudio.TestPlatform.Extensions.Html.TestLogger.dll'.
TpTrace Information: 0 : 14492, 1, 2022/12/10, 13:11:25.978, 141549494830, vstest.console.dll, AssemblyResolver.OnResolve: Resolved assembly: Microsoft.VisualStudio.TestPlatform.Extensions.Html.TestLogger, from path: C:\Program Files\dotnet\sdk\7.0.100\Extensions\Microsoft.VisualStudio.TestPlatform.Extensions.Html.TestLogger.dll
TpTrace Verbose: 0 : 14492, 1, 2022/12/10, 13:11:25.978, 141549496056, vstest.console.dll, MetadataReaderExtensionsHelper: Discovering extensions inside assembly 'Microsoft.VisualStudio.TestPlatform.Extensions.Html.TestLogger, Version=15.0.0.0, Culture=neutral, PublicKeyToken=b03f5f7f11d50a3a' file path 'C:\Program Files\dotnet\sdk\7.0.100\Extensions\Microsoft.VisualStudio.TestPlatform.Extensions.Html.TestLogger.dll'
TpTrace Information: 0 : 14492, 1, 2022/12/10, 13:11:25.979, 141549507303, vstest.console.dll, AssemblyResolver.OnResolve: Microsoft.VisualStudio.TestPlatform.Extensions.Trx.TestLogger: Resolving assembly.
TpTrace Information: 0 : 14492, 1, 2022/12/10, 13:11:25.979, 141549508142, vstest.console.dll, AssemblyResolver.OnResolve: Microsoft.VisualStudio.TestPlatform.Extensions.Trx.TestLogger: Searching in: 'C:\Program Files\dotnet\sdk\7.0.100\Extensions'.
TpTrace Information: 0 : 14492, 1, 2022/12/10, 13:11:25.980, 141549513278, vstest.console.dll, AssemblyResolver.OnResolve: Microsoft.VisualStudio.TestPlatform.Extensions.Trx.TestLogger: Loading assembly 'C:\Program Files\dotnet\sdk\7.0.100\Extensions\Microsoft.VisualStudio.TestPlatform.Extensions.Trx.TestLogger.dll'.
TpTrace Information: 0 : 14492, 1, 2022/12/10, 13:11:25.981, 141549522900, vstest.console.dll, AssemblyResolver.OnResolve: Resolved assembly: Microsoft.VisualStudio.TestPlatform.Extensions.Trx.TestLogger, from path: C:\Program Files\dotnet\sdk\7.0.100\Extensions\Microsoft.VisualStudio.TestPlatform.Extensions.Trx.TestLogger.dll
TpTrace Verbose: 0 : 14492, 1, 2022/12/10, 13:11:25.981, 141549523974, vstest.console.dll, MetadataReaderExtensionsHelper: Discovering extensions inside assembly 'Microsoft.VisualStudio.TestPlatform.Extensions.Trx.TestLogger, Version=15.0.0.0, Culture=neutral, PublicKeyToken=b03f5f7f11d50a3a' file path 'C:\Program Files\dotnet\sdk\7.0.100\Extensions\Microsoft.VisualStudio.TestPlatform.Extensions.Trx.TestLogger.dll'
TpTrace Verbose: 0 : 14492, 1, 2022/12/10, 13:11:25.983, 141549541387, vstest.console.dll, TestPluginCache: Discovered the extensions using extension path ''.
TpTrace Verbose: 0 : 14492, 1, 2022/12/10, 13:11:25.983, 141549542467, vstest.console.dll, TestPluginCache: Discoverers are ''.
TpTrace Verbose: 0 : 14492, 1, 2022/12/10, 13:11:25.983, 141549542817, vstest.console.dll, TestPluginCache: Executors are ''.
TpTrace Verbose: 0 : 14492, 1, 2022/12/10, 13:11:25.983, 141549543106, vstest.console.dll, TestPluginCache: Executors2 are ''.
TpTrace Verbose: 0 : 14492, 1, 2022/12/10, 13:11:25.983, 141549543385, vstest.console.dll, TestPluginCache: Setting providers are ''.
TpTrace Verbose: 0 : 14492, 1, 2022/12/10, 13:11:25.983, 141549543657, vstest.console.dll, TestPluginCache: Loggers are ''.
TpTrace Verbose: 0 : 14492, 1, 2022/12/10, 13:11:25.983, 141549544958, vstest.console.dll, TestPluginCache: TestHosts are 'HostProvider://DefaultTestHost,HostProvider://DotnetTestHost'.
TpTrace Verbose: 0 : 14492, 1, 2022/12/10, 13:11:25.983, 141549545379, vstest.console.dll, TestPluginCache: DataCollectors are ''.
TpTrace Information: 0 : 14492, 1, 2022/12/10, 13:11:25.993, 141549649676, vstest.console.dll, RunTestsArgumentProcessor:Execute: Test run is starting.
TpTrace Verbose: 0 : 14492, 1, 2022/12/10, 13:11:25.994, 141549650694, vstest.console.dll, RunTestsArgumentProcessor:Execute: Queuing Test run.
TpTrace Information: 0 : 14492, 1, 2022/12/10, 13:11:25.994, 141549653193, vstest.console.dll, TestRequestManager.RunTests: run tests started.
TpTrace Information: 0 : 14492, 1, 2022/12/10, 13:11:25.995, 141549666800, vstest.console.dll, AssemblyMetadataProvider.GetFrameworkName: Determined framework:'.NETCoreApp,Version=v7.0' for source: 'D:\Documents\GitHub\VetAppointment_.NET\VetAppointment - APIs + Tests\VetAppointment - Working\VetAppointment.Integration.Test\bin\Debug\net7.0\fine-code-coverage\build-output\VetAppointment.Integration.Test.dll'
TpTrace Information: 0 : 14492, 1, 2022/12/10, 13:11:25.995, 141549669085, vstest.console.dll, Determined framework for all sources: .NETCoreApp,Version=v7.0
TpTrace Verbose: 0 : 14492, 1, 2022/12/10, 13:11:25.996, 141549673503, vstest.console.dll, TestRequestManager.UpdateRunSettingsIfRequired: Default architecture: X64 IsDefaultTargetArchitecture: True, Current process architecture: X64 OperatingSystem: Windows.
TpTrace Information: 0 : 14492, 1, 2022/12/10, 13:11:25.999, 141549701556, vstest.console.dll, AssemblyMetadataProvider.GetArchitecture: Determined architecture:AnyCPU info for assembly: D:\Documents\GitHub\VetAppointment_.NET\VetAppointment - APIs + Tests\VetAppointment - Working\VetAppointment.Integration.Test\bin\Debug\net7.0\fine-code-coverage\build-output\VetAppointment.Integration.Test.dll
TpTrace Information: 0 : 14492, 1, 2022/12/10, 13:11:25.999, 141549702420, vstest.console.dll, Determined platform for source 'D:\Documents\GitHub\VetAppointment_.NET\VetAppointment - APIs + Tests\VetAppointment - Working\VetAppointment.Integration.Test\bin\Debug\net7.0\fine-code-coverage\build-output\VetAppointment.Integration.Test.dll' was AnyCPU and it will use the default plaform X64.
TpTrace Information: 0 : 14492, 1, 2022/12/10, 13:11:25.999, 141549702772, vstest.console.dll, None of the sources provided any runnable platform, using the default platform: X64
TpTrace Information: 0 : 14492, 1, 2022/12/10, 13:11:25.999, 141549703870, vstest.console.dll, Platform was updated to 'X64'.
TpTrace Information: 0 : 14492, 1, 2022/12/10, 13:11:26.003, 141549740297, vstest.console.dll, InferRunSettingsHelper.IsTestSettingsEnabled: Unable to navigate to RunSettings/MSTest. Current node: RunSettings
TpTrace Information: 0 : 14492, 1, 2022/12/10, 13:11:26.003, 141549746976, vstest.console.dll, AssemblyResolver.OnResolve: Microsoft.VisualStudio.TestPlatform.Fakes: Resolving assembly.
TpTrace Information: 0 : 14492, 1, 2022/12/10, 13:11:26.003, 141549747616, vstest.console.dll, AssemblyResolver.OnResolve: Microsoft.VisualStudio.TestPlatform.Fakes: Searching in: 'C:\Program Files\dotnet\sdk\7.0.100\Extensions'.
TpTrace Information: 0 : 14492, 1, 2022/12/10, 13:11:26.003, 141549748579, vstest.console.dll, AssemblyResolver.OnResolve: Microsoft.VisualStudio.TestPlatform.Fakes: Assembly path does not exist: 'C:\Program Files\dotnet\sdk\7.0.100\Extensions\Microsoft.VisualStudio.TestPlatform.Fakes.dll', returning.
TpTrace Information: 0 : 14492, 1, 2022/12/10, 13:11:26.003, 141549749354, vstest.console.dll, AssemblyResolver.OnResolve: Microsoft.VisualStudio.TestPlatform.Fakes: Assembly path does not exist: 'C:\Program Files\dotnet\sdk\7.0.100\Extensions\Microsoft.VisualStudio.TestPlatform.Fakes.exe', returning.
TpTrace Information: 0 : 14492, 1, 2022/12/10, 13:11:26.003, 141549749712, vstest.console.dll, AssemblyResolver.OnResolve: Microsoft.VisualStudio.TestPlatform.Fakes: Searching in: 'C:\Program Files\dotnet\sdk\7.0.100'.
TpTrace Information: 0 : 14492, 1, 2022/12/10, 13:11:26.004, 141549750294, vstest.console.dll, AssemblyResolver.OnResolve: Microsoft.VisualStudio.TestPlatform.Fakes: Assembly path does not exist: 'C:\Program Files\dotnet\sdk\7.0.100\Microsoft.VisualStudio.TestPlatform.Fakes.dll', returning.
TpTrace Information: 0 : 14492, 1, 2022/12/10, 13:11:26.004, 141549750884, vstest.console.dll, AssemblyResolver.OnResolve: Microsoft.VisualStudio.TestPlatform.Fakes: Assembly path does not exist: 'C:\Program Files\dotnet\sdk\7.0.100\Microsoft.VisualStudio.TestPlatform.Fakes.exe', returning.
TpTrace Information: 0 : 14492, 1, 2022/12/10, 13:11:26.004, 141549751288, vstest.console.dll, AssemblyResolver.OnResolve: Microsoft.VisualStudio.TestPlatform.Fakes: Failed to load assembly.
TpTrace Information: 0 : 14492, 1, 2022/12/10, 13:11:26.004, 141549753812, vstest.console.dll, Failed to load assembly Microsoft.VisualStudio.TestPlatform.Fakes, Version=17.0.0.0, Culture=neutral. Reason:System.IO.FileNotFoundException: Could not load file or assembly 'Microsoft.VisualStudio.TestPlatform.Fakes, Version=17.0.0.0, Culture=neutral, PublicKeyToken=null'. The system cannot find the file specified.
File name: 'Microsoft.VisualStudio.TestPlatform.Fakes, Version=17.0.0.0, Culture=neutral, PublicKeyToken=null'
   at System.Reflection.RuntimeAssembly.InternalLoad(AssemblyName assemblyName, StackCrawlMark& stackMark, AssemblyLoadContext assemblyLoadContext, RuntimeAssembly requestingAssembly, Boolean throwOnFileNotFound)
   at System.Reflection.Assembly.Load(AssemblyName assemblyRef)
   at Microsoft.VisualStudio.TestPlatform.Common.Utilities.FakesUtilities.LoadTestPlatformAssembly()
TpTrace Verbose: 0 : 14492, 1, 2022/12/10, 13:11:26.007, 141549787655, vstest.console.dll, TestPluginCache.DiscoverTestExtensions: finding test extensions in assemblies ends with: TestLogger.dll TPluginInfo: Microsoft.VisualStudio.TestPlatform.Common.ExtensionFramework.Utilities.TestLoggerPluginInformation TExtension: Microsoft.VisualStudio.TestPlatform.ObjectModel.Client.ITestLogger
TpTrace Verbose: 0 : 14492, 1, 2022/12/10, 13:11:26.007, 141549788622, vstest.console.dll, TestPluginCache.GetExtensionPaths: Filtered extension paths: 
TpTrace Verbose: 0 : 14492, 1, 2022/12/10, 13:11:26.007, 141549789048, vstest.console.dll, TestPluginCache.GetExtensionPaths: Added default extension paths: C:\Program Files\dotnet\sdk\7.0.100\Extensions\Microsoft.Diagnostics.NETCore.Client.dll
C:\Program Files\dotnet\sdk\7.0.100\Extensions\Microsoft.TestPlatform.Extensions.BlameDataCollector.dll
C:\Program Files\dotnet\sdk\7.0.100\Extensions\Microsoft.TestPlatform.Extensions.EventLogCollector.dll
C:\Program Files\dotnet\sdk\7.0.100\Extensions\Microsoft.TestPlatform.TestHostRuntimeProvider.dll
C:\Program Files\dotnet\sdk\7.0.100\Extensions\Microsoft.VisualStudio.TestPlatform.Extensions.Html.TestLogger.dll
C:\Program Files\dotnet\sdk\7.0.100\Extensions\Microsoft.VisualStudio.TestPlatform.Extensions.Trx.TestLogger.dll
TpTrace Verbose: 0 : 14492, 1, 2022/12/10, 13:11:26.007, 141549789483, vstest.console.dll, TestPluginCache.GetExtensionPaths: Added unfilterableExtensionPaths: 
TpTrace Information: 0 : 14492, 1, 2022/12/10, 13:11:26.008, 141549790700, vstest.console.dll, AssemblyResolver.AddSearchDirectories: Adding more searchDirectories C:\Program Files\dotnet\sdk\7.0.100\Extensions,C:\Program Files\dotnet\sdk\7.0.100
TpTrace Verbose: 0 : 14492, 1, 2022/12/10, 13:11:26.008, 141549791230, vstest.console.dll, TestPluginCache.DiscoverTestExtensions: Discovering the extensions using extension path.
TpTrace Verbose: 0 : 14492, 1, 2022/12/10, 13:11:26.008, 141549791608, vstest.console.dll, TestPluginCache.GetExtensionPaths: Filtered extension paths: 
TpTrace Verbose: 0 : 14492, 1, 2022/12/10, 13:11:26.008, 141549791919, vstest.console.dll, TestPluginCache.GetExtensionPaths: Added default extension paths: C:\Program Files\dotnet\sdk\7.0.100\Extensions\Microsoft.Diagnostics.NETCore.Client.dll
C:\Program Files\dotnet\sdk\7.0.100\Extensions\Microsoft.TestPlatform.Extensions.BlameDataCollector.dll
C:\Program Files\dotnet\sdk\7.0.100\Extensions\Microsoft.TestPlatform.Extensions.EventLogCollector.dll
C:\Program Files\dotnet\sdk\7.0.100\Extensions\Microsoft.TestPlatform.TestHostRuntimeProvider.dll
C:\Program Files\dotnet\sdk\7.0.100\Extensions\Microsoft.VisualStudio.TestPlatform.Extensions.Html.TestLogger.dll
C:\Program Files\dotnet\sdk\7.0.100\Extensions\Microsoft.VisualStudio.TestPlatform.Extensions.Trx.TestLogger.dll
TpTrace Verbose: 0 : 14492, 1, 2022/12/10, 13:11:26.008, 141549792269, vstest.console.dll, TestPluginCache.GetExtensionPaths: Added unfilterableExtensionPaths: 
TpTrace Verbose: 0 : 14492, 1, 2022/12/10, 13:11:26.008, 141549792590, vstest.console.dll, TestPluginCache.DiscoverTestExtensions: Discovering the extensions using allExtensionPaths: C:\Program Files\dotnet\sdk\7.0.100\Extensions\Microsoft.Diagnostics.NETCore.Client.dll
C:\Program Files\dotnet\sdk\7.0.100\Extensions\Microsoft.TestPlatform.Extensions.BlameDataCollector.dll
C:\Program Files\dotnet\sdk\7.0.100\Extensions\Microsoft.TestPlatform.Extensions.EventLogCollector.dll
C:\Program Files\dotnet\sdk\7.0.100\Extensions\Microsoft.TestPlatform.TestHostRuntimeProvider.dll
C:\Program Files\dotnet\sdk\7.0.100\Extensions\Microsoft.VisualStudio.TestPlatform.Extensions.Html.TestLogger.dll
C:\Program Files\dotnet\sdk\7.0.100\Extensions\Microsoft.VisualStudio.TestPlatform.Extensions.Trx.TestLogger.dll
TpTrace Information: 0 : 14492, 1, 2022/12/10, 13:11:26.008, 141549793599, vstest.console.dll, AssemblyResolver.AddSearchDirectories: Adding more searchDirectories C:\Program Files\dotnet\sdk\7.0.100\Extensions,C:\Program Files\dotnet\sdk\7.0.100
TpTrace Information: 0 : 14492, 1, 2022/12/10, 13:11:26.008, 141549794046, vstest.console.dll, AssemblyResolver.AddSearchDirectories: Adding more searchDirectories C:\Program Files\dotnet\sdk\7.0.100\Extensions,C:\Program Files\dotnet\sdk\7.0.100
TpTrace Information: 0 : 14492, 1, 2022/12/10, 13:11:26.008, 141549794381, vstest.console.dll, AssemblyResolver.AddSearchDirectories: Adding more searchDirectories C:\Program Files\dotnet\sdk\7.0.100\Extensions,C:\Program Files\dotnet\sdk\7.0.100
TpTrace Information: 0 : 14492, 1, 2022/12/10, 13:11:26.008, 141549794758, vstest.console.dll, AssemblyResolver.AddSearchDirectories: Adding more searchDirectories C:\Program Files\dotnet\sdk\7.0.100\Extensions,C:\Program Files\dotnet\sdk\7.0.100
TpTrace Information: 0 : 14492, 1, 2022/12/10, 13:11:26.008, 141549795088, vstest.console.dll, AssemblyResolver.AddSearchDirectories: Adding more searchDirectories C:\Program Files\dotnet\sdk\7.0.100\Extensions,C:\Program Files\dotnet\sdk\7.0.100
TpTrace Information: 0 : 14492, 1, 2022/12/10, 13:11:26.008, 141549795405, vstest.console.dll, AssemblyResolver.AddSearchDirectories: Adding more searchDirectories C:\Program Files\dotnet\sdk\7.0.100\Extensions,C:\Program Files\dotnet\sdk\7.0.100
TpTrace Verbose: 0 : 14492, 1, 2022/12/10, 13:11:26.008, 141549796432, vstest.console.dll, MetadataReaderExtensionsHelper: Discovering extensions inside assembly 'Microsoft.Diagnostics.NETCore.Client, Version=0.2.6.42401, Culture=neutral, PublicKeyToken=31bf3856ad364e35' file path 'C:\Program Files\dotnet\sdk\7.0.100\Extensions\Microsoft.Diagnostics.NETCore.Client.dll'
TpTrace Information: 0 : 14492, 1, 2022/12/10, 13:11:26.009, 141549805661, vstest.console.dll, AssemblyResolver.OnResolve: Microsoft.Bcl.AsyncInterfaces: Resolving assembly.
TpTrace Information: 0 : 14492, 1, 2022/12/10, 13:11:26.009, 141549806287, vstest.console.dll, AssemblyResolver.OnResolve: Microsoft.Bcl.AsyncInterfaces: Resolved from cache.
TpTrace Verbose: 0 : 14492, 1, 2022/12/10, 13:11:26.009, 141549806623, vstest.console.dll, CurrentDomainAssemblyResolve: Resolving assembly 'Microsoft.Bcl.AsyncInterfaces'.
TpTrace Information: 0 : 14492, 1, 2022/12/10, 13:11:26.009, 141549807101, vstest.console.dll, AssemblyResolver.OnResolve: Microsoft.Bcl.AsyncInterfaces: Resolving assembly.
TpTrace Information: 0 : 14492, 1, 2022/12/10, 13:11:26.009, 141549807493, vstest.console.dll, AssemblyResolver.OnResolve: Microsoft.Bcl.AsyncInterfaces: Resolved from cache.
TpTrace Verbose: 0 : 14492, 1, 2022/12/10, 13:11:26.009, 141549807786, vstest.console.dll, CurrentDomainAssemblyResolve: Resolving assembly 'Microsoft.Bcl.AsyncInterfaces'.
TpTrace Verbose: 0 : 14492, 1, 2022/12/10, 13:11:26.009, 141549808072, vstest.console.dll, CurrentDomainAssemblyResolve: Failed to resolve assembly 'Microsoft.Bcl.AsyncInterfaces'.
TpTrace Verbose: 0 : 14492, 1, 2022/12/10, 13:11:26.009, 141549809473, vstest.console.dll, CurrentDomainAssemblyResolve: Failed to resolve assembly 'Microsoft.Bcl.AsyncInterfaces'.
TpTrace Warning: 0 : 14492, 1, 2022/12/10, 13:11:26.010, 141549812637, vstest.console.dll, TestPluginDiscoverer: Failed to get types from assembly 'Microsoft.Diagnostics.NETCore.Client, Version=0.2.6.42401, Culture=neutral, PublicKeyToken=31bf3856ad364e35'. Error: System.Reflection.ReflectionTypeLoadException: Unable to load one or more of the requested types.
Could not load file or assembly 'Microsoft.Bcl.AsyncInterfaces, Version=1.0.0.0, Culture=neutral, PublicKeyToken=cc7b13ffcd2ddd51'. The system cannot find the file specified.
   at System.Reflection.RuntimeModule.GetTypes(RuntimeModule module)
   at System.Reflection.Assembly.GetTypes()
   at Microsoft.VisualStudio.TestPlatform.Common.ExtensionFramework.TestPluginDiscoverer.GetTestExtensionsFromAssembly[TPluginInfo,TExtension](Assembly assembly, Dictionary`2 pluginInfos, String filePath)
System.IO.FileNotFoundException: Could not load file or assembly 'Microsoft.Bcl.AsyncInterfaces, Version=1.0.0.0, Culture=neutral, PublicKeyToken=cc7b13ffcd2ddd51'. The system cannot find the file specified.
File name: 'Microsoft.Bcl.AsyncInterfaces, Version=1.0.0.0, Culture=neutral, PublicKeyToken=cc7b13ffcd2ddd51'
 ---> System.IO.FileNotFoundException: Could not load file or assembly 'Microsoft.Bcl.AsyncInterfaces, Culture=neutral, PublicKeyToken=null'. The system cannot find the file specified.
File name: 'Microsoft.Bcl.AsyncInterfaces, Culture=neutral, PublicKeyToken=null'
   at System.Reflection.RuntimeAssembly.InternalLoad(AssemblyName assemblyName, StackCrawlMark& stackMark, AssemblyLoadContext assemblyLoadContext, RuntimeAssembly requestingAssembly, Boolean throwOnFileNotFound)
   at System.Reflection.Assembly.Load(AssemblyName assemblyRef)
   at Microsoft.VisualStudio.TestPlatform.Common.ExtensionFramework.TestPluginCache.CurrentDomainAssemblyResolve(Object sender, AssemblyResolveEventArgs args)
   at System.Runtime.Loader.AssemblyLoadContext.GetFirstResolvedAssemblyFromResolvingEvent(AssemblyName assemblyName)
   at System.Runtime.Loader.AssemblyLoadContext.ResolveUsingEvent(AssemblyName assemblyName)
   at System.Runtime.Loader.AssemblyLoadContext.ResolveUsingResolvingEvent(IntPtr gchManagedAssemblyLoadContext, AssemblyName assemblyName)
TpTrace Warning: 0 : 14492, 1, 2022/12/10, 13:11:26.010, 141549814407, vstest.console.dll, LoaderExceptions: System.IO.FileNotFoundException: Could not load file or assembly 'Microsoft.Bcl.AsyncInterfaces, Version=1.0.0.0, Culture=neutral, PublicKeyToken=cc7b13ffcd2ddd51'. The system cannot find the file specified.
File name: 'Microsoft.Bcl.AsyncInterfaces, Version=1.0.0.0, Culture=neutral, PublicKeyToken=cc7b13ffcd2ddd51'
 ---> System.IO.FileNotFoundException: Could not load file or assembly 'Microsoft.Bcl.AsyncInterfaces, Culture=neutral, PublicKeyToken=null'. The system cannot find the file specified.
File name: 'Microsoft.Bcl.AsyncInterfaces, Culture=neutral, PublicKeyToken=null'
   at System.Reflection.RuntimeAssembly.InternalLoad(AssemblyName assemblyName, StackCrawlMark& stackMark, AssemblyLoadContext assemblyLoadContext, RuntimeAssembly requestingAssembly, Boolean throwOnFileNotFound)
   at System.Reflection.Assembly.Load(AssemblyName assemblyRef)
   at Microsoft.VisualStudio.TestPlatform.Common.ExtensionFramework.TestPluginCache.CurrentDomainAssemblyResolve(Object sender, AssemblyResolveEventArgs args)
   at System.Runtime.Loader.AssemblyLoadContext.GetFirstResolvedAssemblyFromResolvingEvent(AssemblyName assemblyName)
   at System.Runtime.Loader.AssemblyLoadContext.ResolveUsingEvent(AssemblyName assemblyName)
   at System.Runtime.Loader.AssemblyLoadContext.ResolveUsingResolvingEvent(IntPtr gchManagedAssemblyLoadContext, AssemblyName assemblyName)
TpTrace Verbose: 0 : 14492, 1, 2022/12/10, 13:11:26.010, 141549815491, vstest.console.dll, MetadataReaderExtensionsHelper: Discovering extensions inside assembly 'Microsoft.TestPlatform.Extensions.BlameDataCollector, Version=15.0.0.0, Culture=neutral, PublicKeyToken=b03f5f7f11d50a3a' file path 'C:\Program Files\dotnet\sdk\7.0.100\Extensions\Microsoft.TestPlatform.Extensions.BlameDataCollector.dll'
TpTrace Information: 0 : 14492, 1, 2022/12/10, 13:11:26.011, 141549822227, vstest.console.dll, GetTestExtensionFromType: Register extension with identifier data 'logger://Microsoft/TestPlatform/Extensions/Blame/v1' and type 'Microsoft.TestPlatform.Extensions.BlameDataCollector.BlameLogger, Microsoft.TestPlatform.Extensions.BlameDataCollector, Version=15.0.0.0, Culture=neutral, PublicKeyToken=b03f5f7f11d50a3a' inside file 'C:\Program Files\dotnet\sdk\7.0.100\Extensions\Microsoft.TestPlatform.Extensions.BlameDataCollector.dll'
TpTrace Verbose: 0 : 14492, 1, 2022/12/10, 13:11:26.011, 141549822944, vstest.console.dll, MetadataReaderExtensionsHelper: Discovering extensions inside assembly 'Microsoft.TestPlatform.Extensions.EventLogCollector, Version=15.0.0.0, Culture=neutral, PublicKeyToken=b03f5f7f11d50a3a' file path 'C:\Program Files\dotnet\sdk\7.0.100\Extensions\Microsoft.TestPlatform.Extensions.EventLogCollector.dll'
TpTrace Verbose: 0 : 14492, 1, 2022/12/10, 13:11:26.011, 141549827533, vstest.console.dll, MetadataReaderExtensionsHelper: Discovering extensions inside assembly 'Microsoft.TestPlatform.TestHostRuntimeProvider, Version=15.0.0.0, Culture=neutral, PublicKeyToken=b03f5f7f11d50a3a' file path 'C:\Program Files\dotnet\sdk\7.0.100\Extensions\Microsoft.TestPlatform.TestHostRuntimeProvider.dll'
TpTrace Verbose: 0 : 14492, 1, 2022/12/10, 13:11:26.012, 141549832017, vstest.console.dll, MetadataReaderExtensionsHelper: Discovering extensions inside assembly 'Microsoft.VisualStudio.TestPlatform.Extensions.Html.TestLogger, Version=15.0.0.0, Culture=neutral, PublicKeyToken=b03f5f7f11d50a3a' file path 'C:\Program Files\dotnet\sdk\7.0.100\Extensions\Microsoft.VisualStudio.TestPlatform.Extensions.Html.TestLogger.dll'
TpTrace Information: 0 : 14492, 1, 2022/12/10, 13:11:26.013, 141549844068, vstest.console.dll, GetTestExtensionFromType: Register extension with identifier data 'logger://Microsoft/TestPlatform/HtmlLogger/v1' and type 'Microsoft.VisualStudio.TestPlatform.Extensions.HtmlLogger.HtmlLogger, Microsoft.VisualStudio.TestPlatform.Extensions.Html.TestLogger, Version=15.0.0.0, Culture=neutral, PublicKeyToken=b03f5f7f11d50a3a' inside file 'C:\Program Files\dotnet\sdk\7.0.100\Extensions\Microsoft.VisualStudio.TestPlatform.Extensions.Html.TestLogger.dll'
TpTrace Verbose: 0 : 14492, 1, 2022/12/10, 13:11:26.013, 141549845794, vstest.console.dll, MetadataReaderExtensionsHelper: Discovering extensions inside assembly 'Microsoft.VisualStudio.TestPlatform.Extensions.Trx.TestLogger, Version=15.0.0.0, Culture=neutral, PublicKeyToken=b03f5f7f11d50a3a' file path 'C:\Program Files\dotnet\sdk\7.0.100\Extensions\Microsoft.VisualStudio.TestPlatform.Extensions.Trx.TestLogger.dll'
TpTrace Information: 0 : 14492, 1, 2022/12/10, 13:11:26.014, 141549855022, vstest.console.dll, GetTestExtensionFromType: Register extension with identifier data 'logger://Microsoft/TestPlatform/TrxLogger/v1' and type 'Microsoft.VisualStudio.TestPlatform.Extensions.TrxLogger.TrxLogger, Microsoft.VisualStudio.TestPlatform.Extensions.Trx.TestLogger, Version=15.0.0.0, Culture=neutral, PublicKeyToken=b03f5f7f11d50a3a' inside file 'C:\Program Files\dotnet\sdk\7.0.100\Extensions\Microsoft.VisualStudio.TestPlatform.Extensions.Trx.TestLogger.dll'
TpTrace Verbose: 0 : 14492, 1, 2022/12/10, 13:11:26.014, 141549856493, vstest.console.dll, TestPluginCache: Discovered the extensions using extension path ''.
TpTrace Verbose: 0 : 14492, 1, 2022/12/10, 13:11:26.014, 141549856959, vstest.console.dll, TestPluginCache: Discoverers are ''.
TpTrace Verbose: 0 : 14492, 1, 2022/12/10, 13:11:26.014, 141549857260, vstest.console.dll, TestPluginCache: Executors are ''.
TpTrace Verbose: 0 : 14492, 1, 2022/12/10, 13:11:26.014, 141549857538, vstest.console.dll, TestPluginCache: Executors2 are ''.
TpTrace Verbose: 0 : 14492, 1, 2022/12/10, 13:11:26.014, 141549857929, vstest.console.dll, TestPluginCache: Setting providers are ''.
TpTrace Verbose: 0 : 14492, 1, 2022/12/10, 13:11:26.014, 141549858766, vstest.console.dll, TestPluginCache: Loggers are 'logger://Microsoft/TestPlatform/Extensions/Blame/v1,logger://Microsoft/TestPlatform/HtmlLogger/v1,logger://Microsoft/TestPlatform/TrxLogger/v1'.
TpTrace Verbose: 0 : 14492, 1, 2022/12/10, 13:11:26.014, 141549859892, vstest.console.dll, TestPluginCache: TestHosts are 'HostProvider://DefaultTestHost,HostProvider://DotnetTestHost'.
TpTrace Verbose: 0 : 14492, 1, 2022/12/10, 13:11:26.015, 141549860356, vstest.console.dll, TestPluginCache: DataCollectors are ''.
TpTrace Information: 0 : 14492, 1, 2022/12/10, 13:11:26.016, 141549870550, vstest.console.dll, TestPluginManager.CreateTestExtension: Attempting to load test extension: Microsoft.TestPlatform.Extensions.BlameDataCollector.BlameLogger
TpTrace Verbose: 0 : 14492, 1, 2022/12/10, 13:11:26.023, 141549947624, vstest.console.dll, TestEngine: Initializing Parallel Execution as MaxCpuCount is set to: 1
TpTrace Information: 0 : 14492, 1, 2022/12/10, 13:11:26.025, 141549966122, vstest.console.dll, TestPluginManager.CreateTestExtension: Attempting to load test extension: Microsoft.VisualStudio.TestPlatform.CrossPlatEngine.Hosting.DefaultTestHostManager
TpTrace Information: 0 : 14492, 1, 2022/12/10, 13:11:26.026, 141549973938, vstest.console.dll, TestPluginManager.CreateTestExtension: Attempting to load test extension: Microsoft.VisualStudio.TestPlatform.CrossPlatEngine.Hosting.DotnetTestHostManager
TpTrace Information: 0 : 14492, 1, 2022/12/10, 13:11:26.027, 141549981459, vstest.console.dll, InferRunSettingsHelper.IsTestSettingsEnabled: Unable to navigate to RunSettings/MSTest. Current node: RunSettings
TpTrace Verbose: 0 : 14492, 1, 2022/12/10, 13:11:26.031, 141550029852, vstest.console.dll, TestEngine.GetExecutionManager: Chosen execution manager 'Microsoft.VisualStudio.TestPlatform.CrossPlatEngine.Client.Parallel.ParallelProxyExecutionManager, Microsoft.TestPlatform.CrossPlatEngine, Version=15.0.0.0, Culture=neutral, PublicKeyToken=b03f5f7f11d50a3a' ParallelLevel '1'.
TpTrace Verbose: 0 : 14492, 1, 2022/12/10, 13:11:26.032, 141550031660, vstest.console.dll, TestRunRequest.ExecuteAsync: Creating test run request.
TpTrace Verbose: 0 : 14492, 1, 2022/12/10, 13:11:26.032, 141550034093, vstest.console.dll, TestRunRequest.ExecuteAsync: Starting.
TpTrace Information: 0 : 14492, 1, 2022/12/10, 13:11:26.032, 141550036847, vstest.console.dll, TestRunRequest.ExecuteAsync: Starting run with settings:TestRunCriteria:
   KeepAlive=False,FrequencyOfRunStatsChangeEvent=10,RunStatsChangeEventTimeout=00:00:01.5000000,TestCaseFilter=,TestExecutorLauncher=
   Settingsxml=<RunSettings>
  <RunConfiguration>
    <ResultsDirectory>D:\Documents\GitHub\VetAppointment_.NET\VetAppointment - APIs + Tests\VetAppointment - Working\VetAppointment.Integration.Test\bin\Debug\net7.0\fine-code-coverage\coverage-tool-output</ResultsDirectory>
    <TargetPlatform>X64</TargetPlatform>
    <TargetFrameworkVersion>.NETCoreApp,Version=v7.0</TargetFrameworkVersion>
    <DesignMode>False</DesignMode>
    <CollectSourceInformation>False</CollectSourceInformation>
  </RunConfiguration>
  <LoggerRunSettings>
    <Loggers>
      <Logger friendlyName="blame" enabled="True" />
      <Logger friendlyName="Console" uri="logger://microsoft/TestPlatform/ConsoleLogger/v1" assemblyQualifiedName="Microsoft.VisualStudio.TestPlatform.CommandLine.Internal.ConsoleLogger, vstest.console, Version=15.0.0.0, Culture=neutral, PublicKeyToken=b03f5f7f11d50a3a" codeBase="C:\Program Files\dotnet\sdk\7.0.100\vstest.console.dll" enabled="True" />
    </Loggers>
  </LoggerRunSettings>
  <DataCollectionRunSettings>
    <DataCollectors>
      <DataCollector friendlyName="blame" enabled="True">
        <Configuration>
          <ResultsDirectory>D:\Documents\GitHub\VetAppointment_.NET\VetAppointment - APIs + Tests\VetAppointment - Working\VetAppointment.Integration.Test\bin\Debug\net7.0\fine-code-coverage\coverage-tool-output</ResultsDirectory>
        </Configuration>
      </DataCollector>
    </DataCollectors>
  </DataCollectionRunSettings>
</RunSettings>

TpTrace Verbose: 0 : 14492, 1, 2022/12/10, 13:11:26.032, 141550037493, vstest.console.dll, TestRunRequest.ExecuteAsync: Wait for the first run request is over.
TpTrace Verbose: 0 : 14492, 1, 2022/12/10, 13:11:26.033, 141550040508, vstest.console.dll, MulticastDelegateUtilities.SafeInvoke: TestRun.TestRunStart: Invoking callbacks was skipped because there are no subscribers.
TpTrace Verbose: 0 : 14492, 4, 2022/12/10, 13:11:26.033, 141550042598, vstest.console.dll, MulticastDelegateUtilities.SafeInvoke: InternalTestLoggerEvents.SendTestRunStart: Invoking callback 1/1 for Microsoft.VisualStudio.TestPlatform.CommandLine.Internal.ConsoleLogger., took 0 ms.
TpTrace Verbose: 0 : 14492, 1, 2022/12/10, 13:11:26.034, 141550053810, vstest.console.dll, ParallelProxyExecutionManager: Start execution. Total sources: 1
TpTrace Verbose: 0 : 14492, 1, 2022/12/10, 13:11:26.036, 141550071379, vstest.console.dll, TestRequestSender is acting as server.
TpTrace Verbose: 0 : 14492, 1, 2022/12/10, 13:11:26.037, 141550085621, vstest.console.dll, DataCollectionRequestSender.InitializeCommunication : Initialize communication. 
TpTrace Information: 0 : 14492, 1, 2022/12/10, 13:11:26.041, 141550130045, vstest.console.dll, Listening on Endpoint : 127.0.0.1:58619
TpTrace Verbose: 0 : 14492, 1, 2022/12/10, 13:11:26.049, 141550204018, vstest.console.dll, DotnetDataCollectionLauncher: Adding  --runtimeconfig "C:\Program Files\dotnet\sdk\7.0.100\datacollector.runtimeconfig.json" in args
TpTrace Verbose: 0 : 14492, 1, 2022/12/10, 13:11:26.049, 141550205342, vstest.console.dll, DotnetDataCollectionLauncher: Adding  --depsfile "C:\Program Files\dotnet\sdk\7.0.100\datacollector.deps.json" in args
TpTrace Verbose: 0 : 14492, 1, 2022/12/10, 13:11:26.049, 141550208170, vstest.console.dll, DotnetDataCollectionLauncher: Full path of dotnet.exe is C:\Program Files\dotnet\dotnet.exe
TpTrace Information: 0 : 14492, 1, 2022/12/10, 13:11:26.057, 141550280496, vstest.console.dll, ProxyDataCollectionManager.Initialize: Launched datacollector processId: 4756 port: 58619
TpTrace Information: 0 : 14492, 1, 2022/12/10, 13:11:26.057, 141550282163, vstest.console.dll, ProxyDataCollectionManager.Initialize: waiting for connection with timeout: 90 seconds
TpTrace Verbose: 0 : 14492, 1, 2022/12/10, 13:11:26.057, 141550285092, vstest.console.dll, DataCollectionRequestSender.WaitForRequestHandlerConnection : Waiting for connection with timeout: 90000
TpTrace Verbose: 0 : 14492, 1, 2022/12/10, 13:11:26.229, 141552010061, vstest.console.dll, SocketCommunicationManager.WaitForClientConnection took: 172 ms, with 90000 ms timeout, and finished with True.
TpTrace Verbose: 0 : 14492, 1, 2022/12/10, 13:11:26.230, 141552011830, vstest.console.dll, ProxyDataCollectionManager.InvokeDataCollectionServiceAction: Starting.
TpTrace Information: 0 : 14492, 1, 2022/12/10, 13:11:26.230, 141552012789, vstest.console.dll, ProxyDataCollectionManager.BeforeTestRunStart: Get environment variable and port for datacollector processId: 4756 port: 58619
TpTrace Verbose: 0 : 14492, 1, 2022/12/10, 13:11:26.230, 141552013997, vstest.console.dll, DataCollectionRequestSender.SendBeforeTestRunStartAndGetResult: Send BeforeTestRunStart message with settingsXml <RunSettings><RunConfiguration><ResultsDirectory>D:\Documents\GitHub\VetAppointment_.NET\VetAppointment - APIs + Tests\VetAppointment - Working\VetAppointment.Integration.Test\bin\Debug\net7.0\fine-code-coverage\coverage-tool-output</ResultsDirectory><TargetPlatform>X64</TargetPlatform><TargetFrameworkVersion>.NETCoreApp,Version=v7.0</TargetFrameworkVersion><DesignMode>False</DesignMode><CollectSourceInformation>False</CollectSourceInformation><TestAdaptersPaths>C:\Program Files\dotnet\sdk\7.0.100\Extensions</TestAdaptersPaths></RunConfiguration><LoggerRunSettings><Loggers><Logger friendlyName="blame" enabled="True" /><Logger friendlyName="Console" uri="logger://microsoft/TestPlatform/ConsoleLogger/v1" assemblyQualifiedName="Microsoft.VisualStudio.TestPlatform.CommandLine.Internal.ConsoleLogger, vstest.console, Version=15.0.0.0, Culture=neutral, PublicKeyToken=b03f5f7f11d50a3a" codeBase="C:\Program Files\dotnet\sdk\7.0.100\vstest.console.dll" enabled="True" /></Loggers></LoggerRunSettings><DataCollectionRunSettings><DataCollectors><DataCollector friendlyName="blame" enabled="True"><Configuration><ResultsDirectory>D:\Documents\GitHub\VetAppointment_.NET\VetAppointment - APIs + Tests\VetAppointment - Working\VetAppointment.Integration.Test\bin\Debug\net7.0\fine-code-coverage\coverage-tool-output</ResultsDirectory></Configuration></DataCollector></DataCollectors></DataCollectionRunSettings></RunSettings> and sources System.Collections.Generic.List`1[System.String]: 
TpTrace Information: 0 : 14492, 7, 2022/12/10, 13:11:26.231, 141552028180, vstest.console.dll, Using the buffer size of 16384 bytes
TpTrace Information: 0 : 14492, 7, 2022/12/10, 13:11:26.232, 141552032095, vstest.console.dll, Accepted Client request and set the flag
TpTrace Verbose: 0 : 14492, 1, 2022/12/10, 13:11:26.379, 141553505020, vstest.console.dll, DataCollectionRequestSender.SendBeforeTestRunStartAndGetResult: Received message: (DataCollection.SendMessage) -> {"MessageType":"DataCollection.SendMessage","Payload":{"FriendlyName":null,"Uri":null,"TestCaseId":"00000000-0000-0000-0000-000000000000","Message":"Logging DataCollector Diagnostics in file: D:\\Documents\\GitHub\\VetAppointment_.NET\\VetAppointment - APIs + Tests\\VetAppointment - Working\\VetAppointment.Integration.Test\\bin\\Debug\\net7.0\\fine-code-coverage\\coverage-tool-output\\diagnostics.datacollector.22-12-10_13-11-26_04909_1.log","Level":0}}
TpTrace Verbose: 0 : 14492, 1, 2022/12/10, 13:11:26.541, 141555124728, vstest.console.dll, DataCollectionRequestSender.SendBeforeTestRunStartAndGetResult: Received message: (DataCollection.BeforeTestRunStartResult) -> {"MessageType":"DataCollection.BeforeTestRunStartResult","Payload":{"EnvironmentVariables":{},"DataCollectionEventsPort":58621}}
TpTrace Information: 0 : 14492, 1, 2022/12/10, 13:11:26.547, 141555184571, vstest.console.dll, ProxyDataCollectionManager.BeforeTestRunStart: SendBeforeTestRunStartAndGetResult successful, env variable from datacollector:   and testhost port: 58621
TpTrace Information: 0 : 14492, 1, 2022/12/10, 13:11:26.547, 141555185952, vstest.console.dll, ProxyDataCollectionManager.InvokeDataCollectionServiceAction: Completed.
TpTrace Verbose: 0 : 14492, 1, 2022/12/10, 13:11:26.547, 141555187530, vstest.console.dll, ProxyParallelExecutionManager: No sources available for execution.
TpTrace Information: 0 : 14492, 1, 2022/12/10, 13:11:26.547, 141555188229, vstest.console.dll, TestRunRequest.ExecuteAsync: Started.
TpTrace Verbose: 0 : 14492, 7, 2022/12/10, 13:11:26.547, 141555188023, vstest.console.dll, ParallelProxyExecutionManager: Execution started. Started clients: 1
TpTrace Verbose: 0 : 14492, 1, 2022/12/10, 13:11:26.547, 141555189352, vstest.console.dll, TestRunRequest.WaitForCompletion: Waiting with timeout -1.
TpTrace Verbose: 0 : 14492, 7, 2022/12/10, 13:11:26.548, 141555191657, vstest.console.dll, TestRunRequest:SendTestRunMessage: Starting.
TpTrace Verbose: 0 : 14492, 7, 2022/12/10, 13:11:26.548, 141555193411, vstest.console.dll, MulticastDelegateUtilities.SafeInvoke: TestRun.LogMessages: Invoking callback 1/1 for Microsoft.VisualStudio.TestPlatform.CommandLine.TestRunResultAggregator., took 0 ms.
TpTrace Information: 0 : 14492, 7, 2022/12/10, 13:11:26.548, 141555194281, vstest.console.dll, TestRunRequest:SendTestRunMessage: Completed.
TpTrace Verbose: 0 : 14492, 4, 2022/12/10, 13:11:26.548, 141555195622, vstest.console.dll, MulticastDelegateUtilities.SafeInvoke: InternalTestLoggerEvents.SendTestRunMessage: Invoking callback 1/1 for Microsoft.VisualStudio.TestPlatform.CommandLine.Internal.ConsoleLogger., took 0 ms.
TpTrace Verbose: 0 : 14492, 7, 2022/12/10, 13:11:26.548, 141555198743, vstest.console.dll, ProxyExecutionManager: Test host is always Lazy initialize.
TpTrace Verbose: 0 : 14492, 7, 2022/12/10, 13:11:26.549, 141555202322, vstest.console.dll, TestRequestSender.InitializeCommunication: initialize communication. 
TpTrace Information: 0 : 14492, 7, 2022/12/10, 13:11:26.549, 141555209366, vstest.console.dll, SocketServer.Start: Listening on endpoint : 127.0.0.1:58622
TpTrace Verbose: 0 : 14492, 7, 2022/12/10, 13:11:26.551, 141555220792, vstest.console.dll, DotnetTestHostmanager.GetTestHostProcessStartInfo: Platform environment 'X64' target architecture 'X64' framework '.NETCoreApp,Version=v7.0' OS 'Windows'
TpTrace Verbose: 0 : 14492, 7, 2022/12/10, 13:11:26.551, 141555223227, vstest.console.dll, DotnetTestHostmanager: Adding  --runtimeconfig "D:\Documents\GitHub\VetAppointment_.NET\VetAppointment - APIs + Tests\VetAppointment - Working\VetAppointment.Integration.Test\bin\Debug\net7.0\fine-code-coverage\build-output\VetAppointment.Integration.Test.runtimeconfig.json" in args
TpTrace Verbose: 0 : 14492, 7, 2022/12/10, 13:11:26.551, 141555224019, vstest.console.dll, DotnetTestHostmanager: Adding  --depsfile "D:\Documents\GitHub\VetAppointment_.NET\VetAppointment - APIs + Tests\VetAppointment - Working\VetAppointment.Integration.Test\bin\Debug\net7.0\fine-code-coverage\build-output\VetAppointment.Integration.Test.deps.json" in args
TpTrace Verbose: 0 : 14492, 7, 2022/12/10, 13:11:26.551, 141555225706, vstest.console.dll, DotnetTestHostmanager.IsWinOnArm: Current PROCESSOR_ARCHITECTURE from environment variable 'AMD64'
TpTrace Verbose: 0 : 14492, 7, 2022/12/10, 13:11:26.551, 141555227166, vstest.console.dll, DotnetTestHostmanager.IsWinOnArm: Is Windows on ARM 'False'
TpTrace Verbose: 0 : 14492, 7, 2022/12/10, 13:11:26.551, 141555227927, vstest.console.dll, DotnetTestHostManager: testhost.exe found at path: D:\Documents\GitHub\VetAppointment_.NET\VetAppointment - APIs + Tests\VetAppointment - Working\VetAppointment.Integration.Test\bin\Debug\net7.0\fine-code-coverage\build-output\testhost.exe
TpTrace Verbose: 0 : 14492, 7, 2022/12/10, 13:11:26.551, 141555228501, vstest.console.dll, DotnetTestHostmanager: Full path of host exe is D:\Documents\GitHub\VetAppointment_.NET\VetAppointment - APIs + Tests\VetAppointment - Working\VetAppointment.Integration.Test\bin\Debug\net7.0\fine-code-coverage\build-output\testhost.exe
TpTrace Verbose: 0 : 14492, 7, 2022/12/10, 13:11:26.551, 141555229994, vstest.console.dll, DotnetTestHostmanager.LaunchTestHostAsync: Found 'VSTEST_WINAPPHOST_DOTNET_ROOT' in env variables, value 'C:\Program Files\dotnet', forwarding to 'DOTNET_ROOT'
TpTrace Verbose: 0 : 14492, 7, 2022/12/10, 13:11:26.552, 141555232228, vstest.console.dll, DotnetTestHostManager: Starting process 'D:\Documents\GitHub\VetAppointment_.NET\VetAppointment - APIs + Tests\VetAppointment - Working\VetAppointment.Integration.Test\bin\Debug\net7.0\fine-code-coverage\build-output\testhost.exe' with command line ' --runtimeconfig "D:\Documents\GitHub\VetAppointment_.NET\VetAppointment - APIs + Tests\VetAppointment - Working\VetAppointment.Integration.Test\bin\Debug\net7.0\fine-code-coverage\build-output\VetAppointment.Integration.Test.runtimeconfig.json" --depsfile "D:\Documents\GitHub\VetAppointment_.NET\VetAppointment - APIs + Tests\VetAppointment - Working\VetAppointment.Integration.Test\bin\Debug\net7.0\fine-code-coverage\build-output\VetAppointment.Integration.Test.deps.json" --port 58622 --endpoint 127.0.0.1:058622 --role client --parentprocessid 14492 --diag "D:\Documents\GitHub\VetAppointment_.NET\VetAppointment - APIs + Tests\VetAppointment - Working\VetAppointment.Integration.Test\bin\Debug\net7.0\fine-code-coverage\coverage-tool-output\diagnostics.host.22-12-10_13-11-26_55049_7.log" --tracelevel 4 --datacollectionport 58621 --telemetryoptedin false'
TpTrace Verbose: 0 : 14492, 7, 2022/12/10, 13:11:26.559, 141555300341, vstest.console.dll, MulticastDelegateUtilities.SafeInvoke: HostProviderEvents.OnHostLaunched: Invoking callback 1/2 for Microsoft.VisualStudio.TestPlatform.CrossPlatEngine.Client.ProxyExecutionManagerWithDataCollection., took 1 ms.
TpTrace Verbose: 0 : 14492, 7, 2022/12/10, 13:11:26.559, 141555303541, vstest.console.dll, Test Runtime launched
TpTrace Verbose: 0 : 14492, 7, 2022/12/10, 13:11:26.559, 141555304330, vstest.console.dll, MulticastDelegateUtilities.SafeInvoke: HostProviderEvents.OnHostLaunched: Invoking callback 2/2 for Microsoft.VisualStudio.TestPlatform.CrossPlatEngine.Client.ProxyOperationManager., took 0 ms.
TpTrace Verbose: 0 : 14492, 7, 2022/12/10, 13:11:26.559, 141555309003, vstest.console.dll, TestRequestSender.WaitForRequestHandlerConnection: waiting for connection with timeout: 90000.
TpTrace Verbose: 0 : 14492, 7, 2022/12/10, 13:11:27.026, 141559973752, vstest.console.dll, TestRequestSender.WaitForRequestHandlerConnection: waiting took 466 ms, with timeout 90000 ms, and result 0, which is success.
TpTrace Verbose: 0 : 14492, 11, 2022/12/10, 13:11:27.026, 141559973752, vstest.console.dll, MulticastDelegateUtilities.SafeInvoke: SocketServer: ClientConnected: Invoking callback 1/1 for Microsoft.VisualStudio.TestPlatform.CommunicationUtilities.TestRequestSender., took 0 ms.
TpTrace Verbose: 0 : 14492, 11, 2022/12/10, 13:11:27.026, 141559975605, vstest.console.dll, SocketServer.OnClientConnected: Client connected for endPoint: 127.0.0.1:58622, starting MessageLoopAsync:
TpTrace Verbose: 0 : 14492, 11, 2022/12/10, 13:11:27.026, 141559978550, vstest.console.dll, TcpClientExtensions.MessageLoopAsync: Polling on remoteEndPoint: 127.0.0.1:58623 localEndPoint: 127.0.0.1:58622
TpTrace Verbose: 0 : 14492, 7, 2022/12/10, 13:11:27.027, 141559987465, vstest.console.dll, TestRequestSender.CheckVersionWithTestHost: Sending check version message: {"MessageType":"ProtocolVersion","Payload":7}
TpTrace Verbose: 0 : 14492, 11, 2022/12/10, 13:11:27.305, 141562762082, vstest.console.dll, TcpClientExtensions.MessageLoopAsync: NotifyDataAvailable remoteEndPoint: 127.0.0.1:58623 localEndPoint: 127.0.0.1:58622
TpTrace Verbose: 0 : 14492, 11, 2022/12/10, 13:11:27.305, 141562764137, vstest.console.dll, TestRequestSender.CheckVersionWithTestHost: onMessageReceived received message: (ProtocolVersion) -> {"MessageType":"ProtocolVersion","Payload":7}
TpTrace Verbose: 0 : 14492, 11, 2022/12/10, 13:11:27.306, 141562770693, vstest.console.dll, MulticastDelegateUtilities.SafeInvoke: LengthPrefixCommunicationChannel: MessageReceived: Invoking callback 1/1 for Microsoft.VisualStudio.TestPlatform.CommunicationUtilities.TestRequestSender+<>c__DisplayClass26_0., took 0 ms.
TpTrace Verbose: 0 : 14492, 7, 2022/12/10, 13:11:27.306, 141562771454, vstest.console.dll, TestPluginCache.GetExtensionPaths: Filtered extension paths: 
TpTrace Verbose: 0 : 14492, 11, 2022/12/10, 13:11:27.306, 141562771855, vstest.console.dll, TcpClientExtensions.MessageLoopAsync: Polling on remoteEndPoint: 127.0.0.1:58623 localEndPoint: 127.0.0.1:58622
TpTrace Verbose: 0 : 14492, 7, 2022/12/10, 13:11:27.306, 141562773363, vstest.console.dll, TestPluginCache.GetExtensionPaths: Added default extension paths: C:\Program Files\dotnet\sdk\7.0.100\Extensions\Microsoft.Diagnostics.NETCore.Client.dll
C:\Program Files\dotnet\sdk\7.0.100\Extensions\Microsoft.TestPlatform.Extensions.BlameDataCollector.dll
C:\Program Files\dotnet\sdk\7.0.100\Extensions\Microsoft.TestPlatform.Extensions.EventLogCollector.dll
C:\Program Files\dotnet\sdk\7.0.100\Extensions\Microsoft.TestPlatform.TestHostRuntimeProvider.dll
C:\Program Files\dotnet\sdk\7.0.100\Extensions\Microsoft.VisualStudio.TestPlatform.Extensions.Html.TestLogger.dll
C:\Program Files\dotnet\sdk\7.0.100\Extensions\Microsoft.VisualStudio.TestPlatform.Extensions.Trx.TestLogger.dll
TpTrace Verbose: 0 : 14492, 7, 2022/12/10, 13:11:27.306, 141562776267, vstest.console.dll, TestPluginCache.GetExtensionPaths: Added unfilterableExtensionPaths: 
TpTrace Verbose: 0 : 14492, 7, 2022/12/10, 13:11:27.312, 141562835409, vstest.console.dll, TestRequestSender.InitializeExecution: Sending initialize execution with message: {"Version":7,"MessageType":"TestExecution.Initialize","Payload":["D:\\Documents\\GitHub\\VetAppointment_.NET\\VetAppointment - APIs + Tests\\VetAppointment - Working\\VetAppointment.Integration.Test\\bin\\Debug\\net7.0\\fine-code-coverage\\build-output\\xunit.runner.visualstudio.dotnetcore.testadapter.dll"]}
TpTrace Warning: 0 : 14492, 7, 2022/12/10, 13:11:27.313, 141562844276, vstest.console.dll, InferRunSettingsHelper.MakeRunsettingsCompatible: Removing the following settings: TargetPlatform from RunSettings file. To use those settings please move to latest version of Microsoft.NET.Test.Sdk
TpTrace Verbose: 0 : 14492, 11, 2022/12/10, 13:11:27.326, 141562974230, vstest.console.dll, TcpClientExtensions.MessageLoopAsync: NotifyDataAvailable remoteEndPoint: 127.0.0.1:58623 localEndPoint: 127.0.0.1:58622
TpTrace Verbose: 0 : 14492, 7, 2022/12/10, 13:11:27.326, 141562976261, vstest.console.dll, TestRequestSender.StartTestRun: Sending test run with message: {"Version":7,"MessageType":"TestExecution.StartWithSources","Payload":{"AdapterSourceMap":{"_none_":["D:\\Documents\\GitHub\\VetAppointment_.NET\\VetAppointment - APIs + Tests\\VetAppointment - Working\\VetAppointment.Integration.Test\\bin\\Debug\\net7.0\\fine-code-coverage\\build-output\\VetAppointment.Integration.Test.dll"]},"RunSettings":"<RunSettings>\r\n  <RunConfiguration>\r\n    <ResultsDirectory>D:\\Documents\\GitHub\\VetAppointment_.NET\\VetAppointment - APIs + Tests\\VetAppointment - Working\\VetAppointment.Integration.Test\\bin\\Debug\\net7.0\\fine-code-coverage\\coverage-tool-output</ResultsDirectory>\r\n    <TargetFrameworkVersion>.NETCoreApp,Version=v7.0</TargetFrameworkVersion>\r\n    <DesignMode>False</DesignMode>\r\n    <CollectSourceInformation>False</CollectSourceInformation>\r\n  </RunConfiguration>\r\n  <LoggerRunSettings>\r\n    <Loggers>\r\n      <Logger friendlyName=\"blame\" enabled=\"True\" />\r\n      <Logger friendlyName=\"Console\" uri=\"logger://microsoft/TestPlatform/ConsoleLogger/v1\" assemblyQualifiedName=\"Microsoft.VisualStudio.TestPlatform.CommandLine.Internal.ConsoleLogger, vstest.console, Version=15.0.0.0, Culture=neutral, PublicKeyToken=b03f5f7f11d50a3a\" codeBase=\"C:\\Program Files\\dotnet\\sdk\\7.0.100\\vstest.console.dll\" enabled=\"True\" />\r\n    </Loggers>\r\n  </LoggerRunSettings>\r\n  <DataCollectionRunSettings>\r\n    <DataCollectors>\r\n      <DataCollector friendlyName=\"blame\" enabled=\"True\">\r\n        <Configuration>\r\n          <ResultsDirectory>D:\\Documents\\GitHub\\VetAppointment_.NET\\VetAppointment - APIs + Tests\\VetAppointment - Working\\VetAppointment.Integration.Test\\bin\\Debug\\net7.0\\fine-code-coverage\\coverage-tool-output</ResultsDirectory>\r\n        </Configuration>\r\n      </DataCollector>\r\n    </DataCollectors>\r\n  </DataCollectionRunSettings>\r\n</RunSettings>","TestExecutionContext":{"FrequencyOfRunStatsChangeEvent":10,"RunStatsChangeEventTimeout":"00:00:01.5000000","InIsolation":false,"KeepAlive":false,"AreTestCaseLevelEventsRequired":false,"IsDebug":false,"TestCaseFilter":null,"FilterOptions":null},"Package":null}}
TpTrace Verbose: 0 : 14492, 11, 2022/12/10, 13:11:27.327, 141562981656, vstest.console.dll, TestRequestSender.OnExecutionMessageReceived: Received message: {"Version":7,"MessageType":"TestSession.Message","Payload":{"MessageLevel":0,"Message":"Logging TestHost Diagnostics in file: D:\\Documents\\GitHub\\VetAppointment_.NET\\VetAppointment - APIs + Tests\\VetAppointment - Working\\VetAppointment.Integration.Test\\bin\\Debug\\net7.0\\fine-code-coverage\\coverage-tool-output\\diagnostics.host.22-12-10_13-11-26_55049_7.log"}}
TpTrace Verbose: 0 : 14492, 11, 2022/12/10, 13:11:27.329, 141563009975, vstest.console.dll, TestRunRequest:SendTestRunMessage: Starting.
TpTrace Verbose: 0 : 14492, 11, 2022/12/10, 13:11:27.330, 141563011962, vstest.console.dll, MulticastDelegateUtilities.SafeInvoke: TestRun.LogMessages: Invoking callback 1/1 for Microsoft.VisualStudio.TestPlatform.CommandLine.TestRunResultAggregator., took 0 ms.
TpTrace Verbose: 0 : 14492, 4, 2022/12/10, 13:11:27.330, 141563012186, vstest.console.dll, MulticastDelegateUtilities.SafeInvoke: InternalTestLoggerEvents.SendTestRunMessage: Invoking callback 1/1 for Microsoft.VisualStudio.TestPlatform.CommandLine.Internal.ConsoleLogger., took 0 ms.
TpTrace Information: 0 : 14492, 11, 2022/12/10, 13:11:27.330, 141563012479, vstest.console.dll, TestRunRequest:SendTestRunMessage: Completed.
TpTrace Verbose: 0 : 14492, 11, 2022/12/10, 13:11:27.330, 141563013761, vstest.console.dll, MulticastDelegateUtilities.SafeInvoke: LengthPrefixCommunicationChannel: MessageReceived: Invoking callback 1/1 for Microsoft.VisualStudio.TestPlatform.CommunicationUtilities.TestRequestSender+<>c__DisplayClass31_0., took 3 ms.
TpTrace Verbose: 0 : 14492, 11, 2022/12/10, 13:11:27.330, 141563014230, vstest.console.dll, TcpClientExtensions.MessageLoopAsync: Polling on remoteEndPoint: 127.0.0.1:58623 localEndPoint: 127.0.0.1:58622
TpTrace Verbose: 0 : 14492, 11, 2022/12/10, 13:11:27.541, 141565129505, vstest.console.dll, TcpClientExtensions.MessageLoopAsync: NotifyDataAvailable remoteEndPoint: 127.0.0.1:58623 localEndPoint: 127.0.0.1:58622
TpTrace Verbose: 0 : 14492, 11, 2022/12/10, 13:11:27.542, 141565131053, vstest.console.dll, TestRequestSender.OnExecutionMessageReceived: Received message: {"Version":7,"MessageType":"TestSession.Message","Payload":{"MessageLevel":0,"Message":"[xUnit.net 00:00:00.00] xUnit.net VSTest Adapter v2.4.5+1caef2f33e (64-bit .NET 7.0.0)"}}
TpTrace Verbose: 0 : 14492, 11, 2022/12/10, 13:11:27.542, 141565133704, vstest.console.dll, TestRunRequest:SendTestRunMessage: Starting.
TpTrace Verbose: 0 : 14492, 11, 2022/12/10, 13:11:27.542, 141565134480, vstest.console.dll, MulticastDelegateUtilities.SafeInvoke: TestRun.LogMessages: Invoking callback 1/1 for Microsoft.VisualStudio.TestPlatform.CommandLine.TestRunResultAggregator., took 0 ms.
TpTrace Verbose: 0 : 14492, 4, 2022/12/10, 13:11:27.542, 141565134731, vstest.console.dll, MulticastDelegateUtilities.SafeInvoke: InternalTestLoggerEvents.SendTestRunMessage: Invoking callback 1/1 for Microsoft.VisualStudio.TestPlatform.CommandLine.Internal.ConsoleLogger., took 0 ms.
TpTrace Information: 0 : 14492, 11, 2022/12/10, 13:11:27.542, 141565134826, vstest.console.dll, TestRunRequest:SendTestRunMessage: Completed.
TpTrace Verbose: 0 : 14492, 11, 2022/12/10, 13:11:27.542, 141565135863, vstest.console.dll, MulticastDelegateUtilities.SafeInvoke: LengthPrefixCommunicationChannel: MessageReceived: Invoking callback 1/1 for Microsoft.VisualStudio.TestPlatform.CommunicationUtilities.TestRequestSender+<>c__DisplayClass31_0., took 0 ms.
TpTrace Verbose: 0 : 14492, 11, 2022/12/10, 13:11:27.542, 141565136227, vstest.console.dll, TcpClientExtensions.MessageLoopAsync: Polling on remoteEndPoint: 127.0.0.1:58623 localEndPoint: 127.0.0.1:58622
TpTrace Verbose: 0 : 14492, 11, 2022/12/10, 13:11:28.453, 141574248504, vstest.console.dll, TcpClientExtensions.MessageLoopAsync: NotifyDataAvailable remoteEndPoint: 127.0.0.1:58623 localEndPoint: 127.0.0.1:58622
TpTrace Verbose: 0 : 14492, 11, 2022/12/10, 13:11:28.454, 141574250252, vstest.console.dll, TestRequestSender.OnExecutionMessageReceived: Received message: {"Version":7,"MessageType":"TestSession.Message","Payload":{"MessageLevel":0,"Message":"[xUnit.net 00:00:00.91]   Discovering: VetAppointment.Integration.Test"}}
TpTrace Verbose: 0 : 14492, 11, 2022/12/10, 13:11:28.454, 141574251434, vstest.console.dll, TestRunRequest:SendTestRunMessage: Starting.
TpTrace Verbose: 0 : 14492, 11, 2022/12/10, 13:11:28.454, 141574252208, vstest.console.dll, MulticastDelegateUtilities.SafeInvoke: TestRun.LogMessages: Invoking callback 1/1 for Microsoft.VisualStudio.TestPlatform.CommandLine.TestRunResultAggregator., took 0 ms.
TpTrace Information: 0 : 14492, 11, 2022/12/10, 13:11:28.454, 141574252508, vstest.console.dll, TestRunRequest:SendTestRunMessage: Completed.
TpTrace Verbose: 0 : 14492, 4, 2022/12/10, 13:11:28.454, 141574252628, vstest.console.dll, MulticastDelegateUtilities.SafeInvoke: InternalTestLoggerEvents.SendTestRunMessage: Invoking callback 1/1 for Microsoft.VisualStudio.TestPlatform.CommandLine.Internal.ConsoleLogger., took 0 ms.
TpTrace Verbose: 0 : 14492, 11, 2022/12/10, 13:11:28.454, 141574252778, vstest.console.dll, MulticastDelegateUtilities.SafeInvoke: LengthPrefixCommunicationChannel: MessageReceived: Invoking callback 1/1 for Microsoft.VisualStudio.TestPlatform.CommunicationUtilities.TestRequestSender+<>c__DisplayClass31_0., took 0 ms.
TpTrace Verbose: 0 : 14492, 11, 2022/12/10, 13:11:28.454, 141574253851, vstest.console.dll, TcpClientExtensions.MessageLoopAsync: Polling on remoteEndPoint: 127.0.0.1:58623 localEndPoint: 127.0.0.1:58622
TpTrace Verbose: 0 : 14492, 11, 2022/12/10, 13:11:28.489, 141574604771, vstest.console.dll, TcpClientExtensions.MessageLoopAsync: NotifyDataAvailable remoteEndPoint: 127.0.0.1:58623 localEndPoint: 127.0.0.1:58622
TpTrace Verbose: 0 : 14492, 11, 2022/12/10, 13:11:28.489, 141574606091, vstest.console.dll, TestRequestSender.OnExecutionMessageReceived: Received message: {"Version":7,"MessageType":"TestSession.Message","Payload":{"MessageLevel":0,"Message":"[xUnit.net 00:00:00.95]   Discovered:  VetAppointment.Integration.Test"}}
TpTrace Verbose: 0 : 14492, 11, 2022/12/10, 13:11:28.489, 141574607192, vstest.console.dll, TestRunRequest:SendTestRunMessage: Starting.
TpTrace Verbose: 0 : 14492, 11, 2022/12/10, 13:11:28.489, 141574607772, vstest.console.dll, MulticastDelegateUtilities.SafeInvoke: TestRun.LogMessages: Invoking callback 1/1 for Microsoft.VisualStudio.TestPlatform.CommandLine.TestRunResultAggregator., took 0 ms.
TpTrace Information: 0 : 14492, 11, 2022/12/10, 13:11:28.489, 141574608071, vstest.console.dll, TestRunRequest:SendTestRunMessage: Completed.
TpTrace Verbose: 0 : 14492, 4, 2022/12/10, 13:11:28.489, 141574608075, vstest.console.dll, MulticastDelegateUtilities.SafeInvoke: InternalTestLoggerEvents.SendTestRunMessage: Invoking callback 1/1 for Microsoft.VisualStudio.TestPlatform.CommandLine.Internal.ConsoleLogger., took 0 ms.
TpTrace Verbose: 0 : 14492, 11, 2022/12/10, 13:11:28.489, 141574608388, vstest.console.dll, MulticastDelegateUtilities.SafeInvoke: LengthPrefixCommunicationChannel: MessageReceived: Invoking callback 1/1 for Microsoft.VisualStudio.TestPlatform.CommunicationUtilities.TestRequestSender+<>c__DisplayClass31_0., took 0 ms.
TpTrace Verbose: 0 : 14492, 11, 2022/12/10, 13:11:28.489, 141574609606, vstest.console.dll, TcpClientExtensions.MessageLoopAsync: Polling on remoteEndPoint: 127.0.0.1:58623 localEndPoint: 127.0.0.1:58622
TpTrace Verbose: 0 : 14492, 11, 2022/12/10, 13:11:28.494, 141574654050, vstest.console.dll, TcpClientExtensions.MessageLoopAsync: NotifyDataAvailable remoteEndPoint: 127.0.0.1:58623 localEndPoint: 127.0.0.1:58622
TpTrace Verbose: 0 : 14492, 11, 2022/12/10, 13:11:28.494, 141574655370, vstest.console.dll, TestRequestSender.OnExecutionMessageReceived: Received message: {"Version":7,"MessageType":"TestSession.Message","Payload":{"MessageLevel":0,"Message":"[xUnit.net 00:00:00.95]   Starting:    VetAppointment.Integration.Test"}}
TpTrace Verbose: 0 : 14492, 11, 2022/12/10, 13:11:28.494, 141574656544, vstest.console.dll, TestRunRequest:SendTestRunMessage: Starting.
TpTrace Verbose: 0 : 14492, 11, 2022/12/10, 13:11:28.494, 141574657397, vstest.console.dll, MulticastDelegateUtilities.SafeInvoke: TestRun.LogMessages: Invoking callback 1/1 for Microsoft.VisualStudio.TestPlatform.CommandLine.TestRunResultAggregator., took 0 ms.
TpTrace Information: 0 : 14492, 11, 2022/12/10, 13:11:28.494, 141574657687, vstest.console.dll, TestRunRequest:SendTestRunMessage: Completed.
TpTrace Verbose: 0 : 14492, 4, 2022/12/10, 13:11:28.494, 141574657815, vstest.console.dll, MulticastDelegateUtilities.SafeInvoke: InternalTestLoggerEvents.SendTestRunMessage: Invoking callback 1/1 for Microsoft.VisualStudio.TestPlatform.CommandLine.Internal.ConsoleLogger., took 0 ms.
TpTrace Verbose: 0 : 14492, 11, 2022/12/10, 13:11:28.494, 141574657955, vstest.console.dll, MulticastDelegateUtilities.SafeInvoke: LengthPrefixCommunicationChannel: MessageReceived: Invoking callback 1/1 for Microsoft.VisualStudio.TestPlatform.CommunicationUtilities.TestRequestSender+<>c__DisplayClass31_0., took 0 ms.
TpTrace Verbose: 0 : 14492, 11, 2022/12/10, 13:11:28.494, 141574658956, vstest.console.dll, TcpClientExtensions.MessageLoopAsync: Polling on remoteEndPoint: 127.0.0.1:58623 localEndPoint: 127.0.0.1:58622
TpTrace Verbose: 0 : 14492, 11, 2022/12/10, 13:11:29.006, 141579779384, vstest.console.dll, TcpClientExtensions.MessageLoopAsync: NotifyDataAvailable remoteEndPoint: 127.0.0.1:58623 localEndPoint: 127.0.0.1:58622
TpTrace Verbose: 0 : 14492, 11, 2022/12/10, 13:11:29.007, 141579781699, vstest.console.dll, TestRequestSender.OnExecutionMessageReceived: Received message: {"Version":7,"MessageType":"TestExecution.StatsChange","Payload":{"NewTestResults":[],"TestRunStatistics":{"ExecutedTests":0,"Stats":{}},"ActiveTests":[{"Id":"92bf079c-ff73-a737-c847-c45225f254e3","FullyQualifiedName":"VetAppointment.Integration.Tests.VetClinicsControllerTests.When_RegisterVetToClinic_Then_ShouldSaveVetInClinicAsync","DisplayName":"VetAppointment.Integration.Tests.VetClinicsControllerTests.When_RegisterVetToClinic_Then_ShouldSaveVetInClinicAsync","ExecutorUri":"executor://xunit/VsTestRunner2/netcoreapp","Source":"D:\\Documents\\GitHub\\VetAppointment_.NET\\VetAppointment - APIs + Tests\\VetAppointment - Working\\VetAppointment.Integration.Test\\bin\\Debug\\net7.0\\fine-code-coverage\\build-output\\VetAppointment.Integration.Test.dll","CodeFilePath":null,"LineNumber":0,"Properties":[]},{"Id":"39c9ebeb-2442-1f67-3a45-dc3a4afe11b9","FullyQualifiedName":"VetAppointment.Integration.Test.DrugTests.When_CreateDrugWithValidData_Then_ShouldAddToDataBase","DisplayName":"VetAppointment.Integration.Test.DrugTests.When_CreateDrugWithValidData_Then_ShouldAddToDataBase","ExecutorUri":"executor://xunit/VsTestRunner2/netcoreapp","Source":"D:\\Documents\\GitHub\\VetAppointment_.NET\\VetAppointment - APIs + Tests\\VetAppointment - Working\\VetAppointment.Integration.Test\\bin\\Debug\\net7.0\\fine-code-coverage\\build-output\\VetAppointment.Integration.Test.dll","CodeFilePath":null,"LineNumber":0,"Properties":[]},{"Id":"08b8d152-1022-9ce2-a2d9-8ed2bb51d612","FullyQualifiedName":"VetAppointment.Integration.Tests.PetOwnersControllerTests.When_RegisterEmptyListOfPetsToOwner_Then_ShouldReturnBadRequestAsync","DisplayName":"VetAppointment.Integration.Tests.PetOwnersControllerTests.When_RegisterEmptyListOfPetsToOwner_Then_ShouldReturnBadRequestAsync","ExecutorUri":"executor://xunit/VsTestRunner2/netcoreapp","Source":"D:\\Documents\\GitHub\\VetAppointment_.NET\\VetAppointment - APIs + Tests\\VetAppointment - Working\\VetAppointment.Integration.Test\\bin\\Debug\\net7.0\\fine-code-coverage\\build-output\\VetAppointment.Integration.Test.dll","CodeFilePath":null,"LineNumber":0,"Properties":[]}]}}
TpTrace Verbose: 0 : 14492, 11, 2022/12/10, 13:11:29.019, 141579909585, vstest.console.dll, TestRunRequest:SendTestRunStatsChange: Starting.
TpTrace Verbose: 0 : 14492, 11, 2022/12/10, 13:11:29.020, 141579911650, vstest.console.dll, InProgress is VetAppointment.Integration.Tests.VetClinicsControllerTests.When_RegisterVetToClinic_Then_ShouldSaveVetInClinicAsync
TpTrace Verbose: 0 : 14492, 11, 2022/12/10, 13:11:29.020, 141579912144, vstest.console.dll, InProgress is VetAppointment.Integration.Test.DrugTests.When_CreateDrugWithValidData_Then_ShouldAddToDataBase
TpTrace Verbose: 0 : 14492, 11, 2022/12/10, 13:11:29.020, 141579912424, vstest.console.dll, InProgress is VetAppointment.Integration.Tests.PetOwnersControllerTests.When_RegisterEmptyListOfPetsToOwner_Then_ShouldReturnBadRequestAsync
TpTrace Verbose: 0 : 14492, 11, 2022/12/10, 13:11:29.020, 141579913580, vstest.console.dll, MulticastDelegateUtilities.SafeInvoke: TestRun.RunStatsChanged: Invoking callbacks was skipped because there are no subscribers.
TpTrace Information: 0 : 14492, 11, 2022/12/10, 13:11:29.020, 141579913948, vstest.console.dll, TestRunRequest:SendTestRunStatsChange: Completed.
TpTrace Verbose: 0 : 14492, 11, 2022/12/10, 13:11:29.020, 141579914256, vstest.console.dll, MulticastDelegateUtilities.SafeInvoke: LengthPrefixCommunicationChannel: MessageReceived: Invoking callback 1/1 for Microsoft.VisualStudio.TestPlatform.CommunicationUtilities.TestRequestSender+<>c__DisplayClass31_0., took 13 ms.
TpTrace Verbose: 0 : 14492, 11, 2022/12/10, 13:11:29.020, 141579914571, vstest.console.dll, TcpClientExtensions.MessageLoopAsync: Polling on remoteEndPoint: 127.0.0.1:58623 localEndPoint: 127.0.0.1:58622
TpTrace Verbose: 0 : 14492, 11, 2022/12/10, 13:11:30.030, 141590017134, vstest.console.dll, TcpClientExtensions.MessageLoopAsync: Polling on remoteEndPoint: 127.0.0.1:58623 localEndPoint: 127.0.0.1:58622
TpTrace Verbose: 0 : 14492, 11, 2022/12/10, 13:11:30.883, 141598548778, vstest.console.dll, TcpClientExtensions.MessageLoopAsync: NotifyDataAvailable remoteEndPoint: 127.0.0.1:58623 localEndPoint: 127.0.0.1:58622
TpTrace Verbose: 0 : 14492, 11, 2022/12/10, 13:11:30.884, 141598550617, vstest.console.dll, TestRequestSender.OnExecutionMessageReceived: Received message: {"Version":7,"MessageType":"TestExecution.StatsChange","Payload":{"NewTestResults":[{"TestCase":{"Id":"39c9ebeb-2442-1f67-3a45-dc3a4afe11b9","FullyQualifiedName":"VetAppointment.Integration.Test.DrugTests.When_CreateDrugWithValidData_Then_ShouldAddToDataBase","DisplayName":"VetAppointment.Integration.Test.DrugTests.When_CreateDrugWithValidData_Then_ShouldAddToDataBase","ExecutorUri":"executor://xunit/VsTestRunner2/netcoreapp","Source":"D:\\Documents\\GitHub\\VetAppointment_.NET\\VetAppointment - APIs + Tests\\VetAppointment - Working\\VetAppointment.Integration.Test\\bin\\Debug\\net7.0\\fine-code-coverage\\build-output\\VetAppointment.Integration.Test.dll","CodeFilePath":null,"LineNumber":0,"Properties":[]},"Attachments":[],"Outcome":1,"ErrorMessage":null,"ErrorStackTrace":null,"DisplayName":"VetAppointment.Integration.Test.DrugTests.When_CreateDrugWithValidData_Then_ShouldAddToDataBase","Messages":[],"ComputerName":"IOLAPTOP","Duration":"00:00:02.2112523","StartTime":"2022-12-10T11:11:30.7723099+00:00","EndTime":"2022-12-10T11:11:30.772353+00:00","Properties":[]},{"TestCase":{"Id":"92bf079c-ff73-a737-c847-c45225f254e3","FullyQualifiedName":"VetAppointment.Integration.Tests.VetClinicsControllerTests.When_RegisterVetToClinic_Then_ShouldSaveVetInClinicAsync","DisplayName":"VetAppointment.Integration.Tests.VetClinicsControllerTests.When_RegisterVetToClinic_Then_ShouldSaveVetInClinicAsync","ExecutorUri":"executor://xunit/VsTestRunner2/netcoreapp","Source":"D:\\Documents\\GitHub\\VetAppointment_.NET\\VetAppointment - APIs + Tests\\VetAppointment - Working\\VetAppointment.Integration.Test\\bin\\Debug\\net7.0\\fine-code-coverage\\build-output\\VetAppointment.Integration.Test.dll","CodeFilePath":null,"LineNumber":0,"Properties":[]},"Attachments":[],"Outcome":1,"ErrorMessage":null,"ErrorStackTrace":null,"DisplayName":"VetAppointment.Integration.Tests.VetClinicsControllerTests.When_RegisterVetToClinic_Then_ShouldSaveVetInClinicAsync","Messages":[],"ComputerName":"IOLAPTOP","Duration":"00:00:02.3166475","StartTime":"2022-12-10T11:11:30.8707724+00:00","EndTime":"2022-12-10T11:11:30.8707734+00:00","Properties":[]}],"TestRunStatistics":{"ExecutedTests":2,"Stats":{"Passed":2}},"ActiveTests":[{"Id":"e984eb38-11c6-5734-52aa-714b1640b380","FullyQualifiedName":"VetAppointment.Integration.Tests.VetClinicsControllerTests.When_CreateClinic_Then_ShouldReturnClinicInTheGetRequestAsync","DisplayName":"VetAppointment.Integration.Tests.VetClinicsControllerTests.When_CreateClinic_Then_ShouldReturnClinicInTheGetRequestAsync","ExecutorUri":"executor://xunit/VsTestRunner2/netcoreapp","Source":"D:\\Documents\\GitHub\\VetAppointment_.NET\\VetAppointment - APIs + Tests\\VetAppointment - Working\\VetAppointment.Integration.Test\\bin\\Debug\\net7.0\\fine-code-coverage\\build-output\\VetAppointment.Integration.Test.dll","CodeFilePath":null,"LineNumber":0,"Properties":[]}]}}
TpTrace Verbose: 0 : 14492, 11, 2022/12/10, 13:11:30.891, 141598624655, vstest.console.dll, TestRunRequest:SendTestRunStatsChange: Starting.
TpTrace Verbose: 0 : 14492, 11, 2022/12/10, 13:11:30.891, 141598625587, vstest.console.dll, InProgress is VetAppointment.Integration.Tests.VetClinicsControllerTests.When_CreateClinic_Then_ShouldReturnClinicInTheGetRequestAsync
TpTrace Verbose: 0 : 14492, 11, 2022/12/10, 13:11:30.891, 141598628457, vstest.console.dll, MulticastDelegateUtilities.SafeInvoke: TestRun.RunStatsChanged: Invoking callbacks was skipped because there are no subscribers.
TpTrace Information: 0 : 14492, 11, 2022/12/10, 13:11:30.891, 141598628927, vstest.console.dll, TestRunRequest:SendTestRunStatsChange: Completed.
TpTrace Verbose: 0 : 14492, 11, 2022/12/10, 13:11:30.891, 141598629252, vstest.console.dll, MulticastDelegateUtilities.SafeInvoke: LengthPrefixCommunicationChannel: MessageReceived: Invoking callback 1/1 for Microsoft.VisualStudio.TestPlatform.CommunicationUtilities.TestRequestSender+<>c__DisplayClass31_0., took 7 ms.
TpTrace Verbose: 0 : 14492, 11, 2022/12/10, 13:11:30.891, 141598629596, vstest.console.dll, TcpClientExtensions.MessageLoopAsync: Polling on remoteEndPoint: 127.0.0.1:58623 localEndPoint: 127.0.0.1:58622
TpTrace Verbose: 0 : 14492, 4, 2022/12/10, 13:11:30.895, 141598666605, vstest.console.dll, MulticastDelegateUtilities.SafeInvoke: InternalTestLoggerEvents.SendTestResult: Invoking callback 1/1 for Microsoft.VisualStudio.TestPlatform.CommandLine.Internal.ConsoleLogger., took 3 ms.
TpTrace Verbose: 0 : 14492, 4, 2022/12/10, 13:11:30.895, 141598669787, vstest.console.dll, MulticastDelegateUtilities.SafeInvoke: InternalTestLoggerEvents.SendTestResult: Invoking callback 1/1 for Microsoft.VisualStudio.TestPlatform.CommandLine.Internal.ConsoleLogger., took 0 ms.
TpTrace Verbose: 0 : 14492, 11, 2022/12/10, 13:11:30.959, 141599304521, vstest.console.dll, TcpClientExtensions.MessageLoopAsync: NotifyDataAvailable remoteEndPoint: 127.0.0.1:58623 localEndPoint: 127.0.0.1:58622
TpTrace Verbose: 0 : 14492, 11, 2022/12/10, 13:11:30.959, 141599305795, vstest.console.dll, TestRequestSender.OnExecutionMessageReceived: Received message: {"Version":7,"MessageType":"TestSession.Message","Payload":{"MessageLevel":2,"Message":"[xUnit.net 00:00:03.42]     VetAppointment.Integration.Tests.PetOwnersControllerTests.When_RegisterEmptyListOfPetsToOwner_Then_ShouldReturnBadRequestAsync [FAIL]"}}
TpTrace Verbose: 0 : 14492, 11, 2022/12/10, 13:11:30.959, 141599306876, vstest.console.dll, TestRunRequest:SendTestRunMessage: Starting.
TpTrace Verbose: 0 : 14492, 11, 2022/12/10, 13:11:30.959, 141599307426, vstest.console.dll, MulticastDelegateUtilities.SafeInvoke: TestRun.LogMessages: Invoking callback 1/1 for Microsoft.VisualStudio.TestPlatform.CommandLine.TestRunResultAggregator., took 0 ms.
TpTrace Information: 0 : 14492, 11, 2022/12/10, 13:11:30.959, 141599307719, vstest.console.dll, TestRunRequest:SendTestRunMessage: Completed.
TpTrace Verbose: 0 : 14492, 11, 2022/12/10, 13:11:30.959, 141599307987, vstest.console.dll, MulticastDelegateUtilities.SafeInvoke: LengthPrefixCommunicationChannel: MessageReceived: Invoking callback 1/1 for Microsoft.VisualStudio.TestPlatform.CommunicationUtilities.TestRequestSender+<>c__DisplayClass31_0., took 0 ms.
TpTrace Verbose: 0 : 14492, 11, 2022/12/10, 13:11:30.959, 141599308280, vstest.console.dll, TcpClientExtensions.MessageLoopAsync: Polling on remoteEndPoint: 127.0.0.1:58623 localEndPoint: 127.0.0.1:58622
TpTrace Verbose: 0 : 14492, 4, 2022/12/10, 13:11:30.960, 141599314540, vstest.console.dll, MulticastDelegateUtilities.SafeInvoke: InternalTestLoggerEvents.SendTestRunMessage: Invoking callback 1/1 for Microsoft.VisualStudio.TestPlatform.CommandLine.Internal.ConsoleLogger., took 0 ms.
TpTrace Verbose: 0 : 14492, 11, 2022/12/10, 13:11:30.960, 141599314877, vstest.console.dll, TcpClientExtensions.MessageLoopAsync: NotifyDataAvailable remoteEndPoint: 127.0.0.1:58623 localEndPoint: 127.0.0.1:58622
TpTrace Verbose: 0 : 14492, 11, 2022/12/10, 13:11:30.960, 141599316429, vstest.console.dll, TestRequestSender.OnExecutionMessageReceived: Received message: {"Version":7,"MessageType":"TestSession.Message","Payload":{"MessageLevel":0,"Message":"[xUnit.net 00:00:03.42]       Microsoft.EntityFrameworkCore.DbUpdateConcurrencyException : The database operation was expected to affect 1 row(s), but actually affected 0 row(s); data may have been modified or deleted since entities were loaded. See http://go.microsoft.com/fwlink/?LinkId=527962 for information on understanding and handling optimistic concurrency exceptions."}}
TpTrace Verbose: 0 : 14492, 11, 2022/12/10, 13:11:30.960, 141599317326, vstest.console.dll, TestRunRequest:SendTestRunMessage: Starting.
TpTrace Verbose: 0 : 14492, 11, 2022/12/10, 13:11:30.960, 141599317870, vstest.console.dll, MulticastDelegateUtilities.SafeInvoke: TestRun.LogMessages: Invoking callback 1/1 for Microsoft.VisualStudio.TestPlatform.CommandLine.TestRunResultAggregator., took 0 ms.
TpTrace Information: 0 : 14492, 11, 2022/12/10, 13:11:30.960, 141599318208, vstest.console.dll, TestRunRequest:SendTestRunMessage: Completed.
TpTrace Verbose: 0 : 14492, 11, 2022/12/10, 13:11:30.960, 141599318526, vstest.console.dll, MulticastDelegateUtilities.SafeInvoke: LengthPrefixCommunicationChannel: MessageReceived: Invoking callback 1/1 for Microsoft.VisualStudio.TestPlatform.CommunicationUtilities.TestRequestSender+<>c__DisplayClass31_0., took 0 ms.
TpTrace Verbose: 0 : 14492, 11, 2022/12/10, 13:11:30.960, 141599318812, vstest.console.dll, TcpClientExtensions.MessageLoopAsync: Polling on remoteEndPoint: 127.0.0.1:58623 localEndPoint: 127.0.0.1:58622
TpTrace Verbose: 0 : 14492, 4, 2022/12/10, 13:11:30.960, 141599319389, vstest.console.dll, MulticastDelegateUtilities.SafeInvoke: InternalTestLoggerEvents.SendTestRunMessage: Invoking callback 1/1 for Microsoft.VisualStudio.TestPlatform.CommandLine.Internal.ConsoleLogger., took 0 ms.
TpTrace Verbose: 0 : 14492, 11, 2022/12/10, 13:11:30.961, 141599322593, vstest.console.dll, TcpClientExtensions.MessageLoopAsync: NotifyDataAvailable remoteEndPoint: 127.0.0.1:58623 localEndPoint: 127.0.0.1:58622
TpTrace Verbose: 0 : 14492, 11, 2022/12/10, 13:11:30.961, 141599323463, vstest.console.dll, TestRequestSender.OnExecutionMessageReceived: Received message: {"Version":7,"MessageType":"TestSession.Message","Payload":{"MessageLevel":0,"Message":"[xUnit.net 00:00:03.42]       Stack Trace:"}}
TpTrace Verbose: 0 : 14492, 11, 2022/12/10, 13:11:30.961, 141599324261, vstest.console.dll, TestRunRequest:SendTestRunMessage: Starting.
TpTrace Verbose: 0 : 14492, 11, 2022/12/10, 13:11:30.961, 141599324753, vstest.console.dll, MulticastDelegateUtilities.SafeInvoke: TestRun.LogMessages: Invoking callback 1/1 for Microsoft.VisualStudio.TestPlatform.CommandLine.TestRunResultAggregator., took 0 ms.
TpTrace Information: 0 : 14492, 11, 2022/12/10, 13:11:30.961, 141599325041, vstest.console.dll, TestRunRequest:SendTestRunMessage: Completed.
TpTrace Verbose: 0 : 14492, 11, 2022/12/10, 13:11:30.961, 141599325303, vstest.console.dll, MulticastDelegateUtilities.SafeInvoke: LengthPrefixCommunicationChannel: MessageReceived: Invoking callback 1/1 for Microsoft.VisualStudio.TestPlatform.CommunicationUtilities.TestRequestSender+<>c__DisplayClass31_0., took 0 ms.
TpTrace Verbose: 0 : 14492, 11, 2022/12/10, 13:11:30.961, 141599325574, vstest.console.dll, TcpClientExtensions.MessageLoopAsync: Polling on remoteEndPoint: 127.0.0.1:58623 localEndPoint: 127.0.0.1:58622
TpTrace Verbose: 0 : 14492, 4, 2022/12/10, 13:11:30.961, 141599326095, vstest.console.dll, MulticastDelegateUtilities.SafeInvoke: InternalTestLoggerEvents.SendTestRunMessage: Invoking callback 1/1 for Microsoft.VisualStudio.TestPlatform.CommandLine.Internal.ConsoleLogger., took 0 ms.
TpTrace Verbose: 0 : 14492, 11, 2022/12/10, 13:11:30.961, 141599328932, vstest.console.dll, TcpClientExtensions.MessageLoopAsync: NotifyDataAvailable remoteEndPoint: 127.0.0.1:58623 localEndPoint: 127.0.0.1:58622
TpTrace Verbose: 0 : 14492, 11, 2022/12/10, 13:11:30.961, 141599329938, vstest.console.dll, TestRequestSender.OnExecutionMessageReceived: Received message: {"Version":7,"MessageType":"TestSession.Message","Payload":{"MessageLevel":0,"Message":"[xUnit.net 00:00:03.42]            at Microsoft.EntityFrameworkCore.Update.AffectedCountModificationCommandBatch.ThrowAggregateUpdateConcurrencyException(RelationalDataReader reader, Int32 commandIndex, Int32 expectedRowsAffected, Int32 rowsAffected)"}}
TpTrace Verbose: 0 : 14492, 11, 2022/12/10, 13:11:30.962, 141599330707, vstest.console.dll, TestRunRequest:SendTestRunMessage: Starting.
TpTrace Verbose: 0 : 14492, 11, 2022/12/10, 13:11:30.962, 141599331209, vstest.console.dll, MulticastDelegateUtilities.SafeInvoke: TestRun.LogMessages: Invoking callback 1/1 for Microsoft.VisualStudio.TestPlatform.CommandLine.TestRunResultAggregator., took 0 ms.
TpTrace Information: 0 : 14492, 11, 2022/12/10, 13:11:30.962, 141599331514, vstest.console.dll, TestRunRequest:SendTestRunMessage: Completed.
TpTrace Verbose: 0 : 14492, 4, 2022/12/10, 13:11:30.962, 141599331518, vstest.console.dll, MulticastDelegateUtilities.SafeInvoke: InternalTestLoggerEvents.SendTestRunMessage: Invoking callback 1/1 for Microsoft.VisualStudio.TestPlatform.CommandLine.Internal.ConsoleLogger., took 0 ms.
TpTrace Verbose: 0 : 14492, 11, 2022/12/10, 13:11:30.962, 141599332111, vstest.console.dll, MulticastDelegateUtilities.SafeInvoke: LengthPrefixCommunicationChannel: MessageReceived: Invoking callback 1/1 for Microsoft.VisualStudio.TestPlatform.CommunicationUtilities.TestRequestSender+<>c__DisplayClass31_0., took 0 ms.
TpTrace Verbose: 0 : 14492, 11, 2022/12/10, 13:11:30.962, 141599332965, vstest.console.dll, TcpClientExtensions.MessageLoopAsync: Polling on remoteEndPoint: 127.0.0.1:58623 localEndPoint: 127.0.0.1:58622
TpTrace Verbose: 0 : 14492, 11, 2022/12/10, 13:11:30.962, 141599333359, vstest.console.dll, TcpClientExtensions.MessageLoopAsync: NotifyDataAvailable remoteEndPoint: 127.0.0.1:58623 localEndPoint: 127.0.0.1:58622
TpTrace Verbose: 0 : 14492, 11, 2022/12/10, 13:11:30.962, 141599333868, vstest.console.dll, TestRequestSender.OnExecutionMessageReceived: Received message: {"Version":7,"MessageType":"TestSession.Message","Payload":{"MessageLevel":0,"Message":"[xUnit.net 00:00:03.42]            at Microsoft.EntityFrameworkCore.Update.AffectedCountModificationCommandBatch.ConsumeResultSetWithRowsAffectedOnly(Int32 commandIndex, RelationalDataReader reader)"}}
TpTrace Verbose: 0 : 14492, 11, 2022/12/10, 13:11:30.962, 141599334521, vstest.console.dll, TestRunRequest:SendTestRunMessage: Starting.
TpTrace Verbose: 0 : 14492, 11, 2022/12/10, 13:11:30.962, 141599334995, vstest.console.dll, MulticastDelegateUtilities.SafeInvoke: TestRun.LogMessages: Invoking callback 1/1 for Microsoft.VisualStudio.TestPlatform.CommandLine.TestRunResultAggregator., took 0 ms.
TpTrace Verbose: 0 : 14492, 4, 2022/12/10, 13:11:30.962, 141599335211, vstest.console.dll, MulticastDelegateUtilities.SafeInvoke: InternalTestLoggerEvents.SendTestRunMessage: Invoking callback 1/1 for Microsoft.VisualStudio.TestPlatform.CommandLine.Internal.ConsoleLogger., took 0 ms.
TpTrace Information: 0 : 14492, 11, 2022/12/10, 13:11:30.962, 141599335289, vstest.console.dll, TestRunRequest:SendTestRunMessage: Completed.
TpTrace Verbose: 0 : 14492, 11, 2022/12/10, 13:11:30.962, 141599336175, vstest.console.dll, MulticastDelegateUtilities.SafeInvoke: LengthPrefixCommunicationChannel: MessageReceived: Invoking callback 1/1 for Microsoft.VisualStudio.TestPlatform.CommunicationUtilities.TestRequestSender+<>c__DisplayClass31_0., took 0 ms.
TpTrace Verbose: 0 : 14492, 11, 2022/12/10, 13:11:30.962, 141599336646, vstest.console.dll, TcpClientExtensions.MessageLoopAsync: Polling on remoteEndPoint: 127.0.0.1:58623 localEndPoint: 127.0.0.1:58622
TpTrace Verbose: 0 : 14492, 11, 2022/12/10, 13:11:30.962, 141599337012, vstest.console.dll, TcpClientExtensions.MessageLoopAsync: NotifyDataAvailable remoteEndPoint: 127.0.0.1:58623 localEndPoint: 127.0.0.1:58622
TpTrace Verbose: 0 : 14492, 11, 2022/12/10, 13:11:30.962, 141599337502, vstest.console.dll, TestRequestSender.OnExecutionMessageReceived: Received message: {"Version":7,"MessageType":"TestSession.Message","Payload":{"MessageLevel":0,"Message":"[xUnit.net 00:00:03.42]            at Microsoft.EntityFrameworkCore.Update.AffectedCountModificationCommandBatch.Consume(RelationalDataReader reader)"}}
TpTrace Verbose: 0 : 14492, 11, 2022/12/10, 13:11:30.962, 141599338134, vstest.console.dll, TestRunRequest:SendTestRunMessage: Starting.
TpTrace Verbose: 0 : 14492, 11, 2022/12/10, 13:11:30.962, 141599338885, vstest.console.dll, MulticastDelegateUtilities.SafeInvoke: TestRun.LogMessages: Invoking callback 1/1 for Microsoft.VisualStudio.TestPlatform.CommandLine.TestRunResultAggregator., took 0 ms.
TpTrace Verbose: 0 : 14492, 4, 2022/12/10, 13:11:30.962, 141599339054, vstest.console.dll, MulticastDelegateUtilities.SafeInvoke: InternalTestLoggerEvents.SendTestRunMessage: Invoking callback 1/1 for Microsoft.VisualStudio.TestPlatform.CommandLine.Internal.ConsoleLogger., took 0 ms.
TpTrace Information: 0 : 14492, 11, 2022/12/10, 13:11:30.962, 141599339185, vstest.console.dll, TestRunRequest:SendTestRunMessage: Completed.
TpTrace Verbose: 0 : 14492, 11, 2022/12/10, 13:11:30.962, 141599340053, vstest.console.dll, MulticastDelegateUtilities.SafeInvoke: LengthPrefixCommunicationChannel: MessageReceived: Invoking callback 1/1 for Microsoft.VisualStudio.TestPlatform.CommunicationUtilities.TestRequestSender+<>c__DisplayClass31_0., took 0 ms.
TpTrace Verbose: 0 : 14492, 11, 2022/12/10, 13:11:30.963, 141599340352, vstest.console.dll, TcpClientExtensions.MessageLoopAsync: Polling on remoteEndPoint: 127.0.0.1:58623 localEndPoint: 127.0.0.1:58622
TpTrace Verbose: 0 : 14492, 11, 2022/12/10, 13:11:30.963, 141599340686, vstest.console.dll, TcpClientExtensions.MessageLoopAsync: NotifyDataAvailable remoteEndPoint: 127.0.0.1:58623 localEndPoint: 127.0.0.1:58622
TpTrace Verbose: 0 : 14492, 11, 2022/12/10, 13:11:30.963, 141599341156, vstest.console.dll, TestRequestSender.OnExecutionMessageReceived: Received message: {"Version":7,"MessageType":"TestSession.Message","Payload":{"MessageLevel":0,"Message":"[xUnit.net 00:00:03.42]            at Microsoft.EntityFrameworkCore.Update.ReaderModificationCommandBatch.Execute(IRelationalConnection connection)"}}
TpTrace Verbose: 0 : 14492, 11, 2022/12/10, 13:11:30.963, 141599341740, vstest.console.dll, TestRunRequest:SendTestRunMessage: Starting.
TpTrace Verbose: 0 : 14492, 11, 2022/12/10, 13:11:30.963, 141599342155, vstest.console.dll, MulticastDelegateUtilities.SafeInvoke: TestRun.LogMessages: Invoking callback 1/1 for Microsoft.VisualStudio.TestPlatform.CommandLine.TestRunResultAggregator., took 0 ms.
TpTrace Verbose: 0 : 14492, 4, 2022/12/10, 13:11:30.963, 141599342390, vstest.console.dll, MulticastDelegateUtilities.SafeInvoke: InternalTestLoggerEvents.SendTestRunMessage: Invoking callback 1/1 for Microsoft.VisualStudio.TestPlatform.CommandLine.Internal.ConsoleLogger., took 0 ms.
TpTrace Information: 0 : 14492, 11, 2022/12/10, 13:11:30.963, 141599342440, vstest.console.dll, TestRunRequest:SendTestRunMessage: Completed.
TpTrace Verbose: 0 : 14492, 11, 2022/12/10, 13:11:30.963, 141599343321, vstest.console.dll, MulticastDelegateUtilities.SafeInvoke: LengthPrefixCommunicationChannel: MessageReceived: Invoking callback 1/1 for Microsoft.VisualStudio.TestPlatform.CommunicationUtilities.TestRequestSender+<>c__DisplayClass31_0., took 0 ms.
TpTrace Verbose: 0 : 14492, 11, 2022/12/10, 13:11:30.963, 141599343616, vstest.console.dll, TcpClientExtensions.MessageLoopAsync: Polling on remoteEndPoint: 127.0.0.1:58623 localEndPoint: 127.0.0.1:58622
TpTrace Verbose: 0 : 14492, 11, 2022/12/10, 13:11:30.963, 141599344079, vstest.console.dll, TcpClientExtensions.MessageLoopAsync: NotifyDataAvailable remoteEndPoint: 127.0.0.1:58623 localEndPoint: 127.0.0.1:58622
TpTrace Verbose: 0 : 14492, 11, 2022/12/10, 13:11:30.963, 141599344990, vstest.console.dll, TestRequestSender.OnExecutionMessageReceived: Received message: {"Version":7,"MessageType":"TestSession.Message","Payload":{"MessageLevel":0,"Message":"[xUnit.net 00:00:03.42]            at Microsoft.EntityFrameworkCore.Update.Internal.BatchExecutor.Execute(IEnumerable`1 commandBatches, IRelationalConnection connection)"}}
TpTrace Verbose: 0 : 14492, 11, 2022/12/10, 13:11:30.963, 141599345602, vstest.console.dll, TestRunRequest:SendTestRunMessage: Starting.
TpTrace Verbose: 0 : 14492, 11, 2022/12/10, 13:11:30.963, 141599346020, vstest.console.dll, MulticastDelegateUtilities.SafeInvoke: TestRun.LogMessages: Invoking callback 1/1 for Microsoft.VisualStudio.TestPlatform.CommandLine.TestRunResultAggregator., took 0 ms.
TpTrace Information: 0 : 14492, 11, 2022/12/10, 13:11:30.963, 141599346300, vstest.console.dll, TestRunRequest:SendTestRunMessage: Completed.
TpTrace Verbose: 0 : 14492, 11, 2022/12/10, 13:11:30.963, 141599346569, vstest.console.dll, MulticastDelegateUtilities.SafeInvoke: LengthPrefixCommunicationChannel: MessageReceived: Invoking callback 1/1 for Microsoft.VisualStudio.TestPlatform.CommunicationUtilities.TestRequestSender+<>c__DisplayClass31_0., took 0 ms.
TpTrace Verbose: 0 : 14492, 4, 2022/12/10, 13:11:30.963, 141599346941, vstest.console.dll, MulticastDelegateUtilities.SafeInvoke: InternalTestLoggerEvents.SendTestRunMessage: Invoking callback 1/1 for Microsoft.VisualStudio.TestPlatform.CommandLine.Internal.ConsoleLogger., took 0 ms.
TpTrace Verbose: 0 : 14492, 11, 2022/12/10, 13:11:30.963, 141599347025, vstest.console.dll, TcpClientExtensions.MessageLoopAsync: Polling on remoteEndPoint: 127.0.0.1:58623 localEndPoint: 127.0.0.1:58622
TpTrace Verbose: 0 : 14492, 11, 2022/12/10, 13:11:30.963, 141599347895, vstest.console.dll, TcpClientExtensions.MessageLoopAsync: NotifyDataAvailable remoteEndPoint: 127.0.0.1:58623 localEndPoint: 127.0.0.1:58622
TpTrace Verbose: 0 : 14492, 11, 2022/12/10, 13:11:30.963, 141599348363, vstest.console.dll, TestRequestSender.OnExecutionMessageReceived: Received message: {"Version":7,"MessageType":"TestSession.Message","Payload":{"MessageLevel":0,"Message":"[xUnit.net 00:00:03.42]            at Microsoft.EntityFrameworkCore.Storage.RelationalDatabase.SaveChanges(IList`1 entries)"}}
TpTrace Verbose: 0 : 14492, 11, 2022/12/10, 13:11:30.964, 141599350393, vstest.console.dll, TestRunRequest:SendTestRunMessage: Starting.
TpTrace Verbose: 0 : 14492, 11, 2022/12/10, 13:11:30.964, 141599351171, vstest.console.dll, MulticastDelegateUtilities.SafeInvoke: TestRun.LogMessages: Invoking callback 1/1 for Microsoft.VisualStudio.TestPlatform.CommandLine.TestRunResultAggregator., took 0 ms.
TpTrace Information: 0 : 14492, 11, 2022/12/10, 13:11:30.964, 141599351489, vstest.console.dll, TestRunRequest:SendTestRunMessage: Completed.
TpTrace Verbose: 0 : 14492, 11, 2022/12/10, 13:11:30.964, 141599351786, vstest.console.dll, MulticastDelegateUtilities.SafeInvoke: LengthPrefixCommunicationChannel: MessageReceived: Invoking callback 1/1 for Microsoft.VisualStudio.TestPlatform.CommunicationUtilities.TestRequestSender+<>c__DisplayClass31_0., took 0 ms.
TpTrace Verbose: 0 : 14492, 11, 2022/12/10, 13:11:30.964, 141599352083, vstest.console.dll, TcpClientExtensions.MessageLoopAsync: Polling on remoteEndPoint: 127.0.0.1:58623 localEndPoint: 127.0.0.1:58622
TpTrace Verbose: 0 : 14492, 11, 2022/12/10, 13:11:30.964, 141599352468, vstest.console.dll, TcpClientExtensions.MessageLoopAsync: NotifyDataAvailable remoteEndPoint: 127.0.0.1:58623 localEndPoint: 127.0.0.1:58622
TpTrace Verbose: 0 : 14492, 11, 2022/12/10, 13:11:30.964, 141599352997, vstest.console.dll, TestRequestSender.OnExecutionMessageReceived: Received message: {"Version":7,"MessageType":"TestSession.Message","Payload":{"MessageLevel":0,"Message":"[xUnit.net 00:00:03.42]            at Microsoft.EntityFrameworkCore.ChangeTracking.Internal.StateManager.SaveChanges(IList`1 entriesToSave)"}}
TpTrace Verbose: 0 : 14492, 4, 2022/12/10, 13:11:30.964, 141599353569, vstest.console.dll, MulticastDelegateUtilities.SafeInvoke: InternalTestLoggerEvents.SendTestRunMessage: Invoking callback 1/1 for Microsoft.VisualStudio.TestPlatform.CommandLine.Internal.ConsoleLogger., took 0 ms.
TpTrace Verbose: 0 : 14492, 11, 2022/12/10, 13:11:30.964, 141599353982, vstest.console.dll, TestRunRequest:SendTestRunMessage: Starting.
TpTrace Verbose: 0 : 14492, 11, 2022/12/10, 13:11:30.964, 141599355630, vstest.console.dll, MulticastDelegateUtilities.SafeInvoke: TestRun.LogMessages: Invoking callback 1/1 for Microsoft.VisualStudio.TestPlatform.CommandLine.TestRunResultAggregator., took 0 ms.
TpTrace Verbose: 0 : 14492, 4, 2022/12/10, 13:11:30.964, 141599355757, vstest.console.dll, MulticastDelegateUtilities.SafeInvoke: InternalTestLoggerEvents.SendTestRunMessage: Invoking callback 1/1 for Microsoft.VisualStudio.TestPlatform.CommandLine.Internal.ConsoleLogger., took 0 ms.
TpTrace Information: 0 : 14492, 11, 2022/12/10, 13:11:30.964, 141599356019, vstest.console.dll, TestRunRequest:SendTestRunMessage: Completed.
TpTrace Verbose: 0 : 14492, 11, 2022/12/10, 13:11:30.964, 141599356896, vstest.console.dll, MulticastDelegateUtilities.SafeInvoke: LengthPrefixCommunicationChannel: MessageReceived: Invoking callback 1/1 for Microsoft.VisualStudio.TestPlatform.CommunicationUtilities.TestRequestSender+<>c__DisplayClass31_0., took 0 ms.
TpTrace Verbose: 0 : 14492, 11, 2022/12/10, 13:11:30.964, 141599357256, vstest.console.dll, TcpClientExtensions.MessageLoopAsync: Polling on remoteEndPoint: 127.0.0.1:58623 localEndPoint: 127.0.0.1:58622
TpTrace Verbose: 0 : 14492, 11, 2022/12/10, 13:11:30.964, 141599357663, vstest.console.dll, TcpClientExtensions.MessageLoopAsync: NotifyDataAvailable remoteEndPoint: 127.0.0.1:58623 localEndPoint: 127.0.0.1:58622
TpTrace Verbose: 0 : 14492, 11, 2022/12/10, 13:11:30.964, 141599358222, vstest.console.dll, TestRequestSender.OnExecutionMessageReceived: Received message: {"Version":7,"MessageType":"TestSession.Message","Payload":{"MessageLevel":0,"Message":"[xUnit.net 00:00:03.42]            at Microsoft.EntityFrameworkCore.ChangeTracking.Internal.StateManager.SaveChanges(StateManager stateManager, Boolean acceptAllChangesOnSuccess)"}}
TpTrace Verbose: 0 : 14492, 11, 2022/12/10, 13:11:30.964, 141599358907, vstest.console.dll, TestRunRequest:SendTestRunMessage: Starting.
TpTrace Verbose: 0 : 14492, 11, 2022/12/10, 13:11:30.964, 141599359666, vstest.console.dll, MulticastDelegateUtilities.SafeInvoke: TestRun.LogMessages: Invoking callback 1/1 for Microsoft.VisualStudio.TestPlatform.CommandLine.TestRunResultAggregator., took 0 ms.
TpTrace Verbose: 0 : 14492, 4, 2022/12/10, 13:11:30.964, 141599359868, vstest.console.dll, MulticastDelegateUtilities.SafeInvoke: InternalTestLoggerEvents.SendTestRunMessage: Invoking callback 1/1 for Microsoft.VisualStudio.TestPlatform.CommandLine.Internal.ConsoleLogger., took 0 ms.
TpTrace Information: 0 : 14492, 11, 2022/12/10, 13:11:30.964, 141599359982, vstest.console.dll, TestRunRequest:SendTestRunMessage: Completed.
TpTrace Verbose: 0 : 14492, 11, 2022/12/10, 13:11:30.965, 141599360940, vstest.console.dll, MulticastDelegateUtilities.SafeInvoke: LengthPrefixCommunicationChannel: MessageReceived: Invoking callback 1/1 for Microsoft.VisualStudio.TestPlatform.CommunicationUtilities.TestRequestSender+<>c__DisplayClass31_0., took 0 ms.
TpTrace Verbose: 0 : 14492, 11, 2022/12/10, 13:11:30.965, 141599361263, vstest.console.dll, TcpClientExtensions.MessageLoopAsync: Polling on remoteEndPoint: 127.0.0.1:58623 localEndPoint: 127.0.0.1:58622
TpTrace Verbose: 0 : 14492, 11, 2022/12/10, 13:11:30.965, 141599361655, vstest.console.dll, TcpClientExtensions.MessageLoopAsync: NotifyDataAvailable remoteEndPoint: 127.0.0.1:58623 localEndPoint: 127.0.0.1:58622
TpTrace Verbose: 0 : 14492, 11, 2022/12/10, 13:11:30.965, 141599362178, vstest.console.dll, TestRequestSender.OnExecutionMessageReceived: Received message: {"Version":7,"MessageType":"TestSession.Message","Payload":{"MessageLevel":0,"Message":"[xUnit.net 00:00:03.42]            at Microsoft.EntityFrameworkCore.ChangeTracking.Internal.StateManager.<>c.<SaveChanges>b__107_0(DbContext _, ValueTuple`2 t)"}}
TpTrace Verbose: 0 : 14492, 11, 2022/12/10, 13:11:30.965, 141599362926, vstest.console.dll, TestRunRequest:SendTestRunMessage: Starting.
TpTrace Verbose: 0 : 14492, 11, 2022/12/10, 13:11:30.965, 141599363442, vstest.console.dll, MulticastDelegateUtilities.SafeInvoke: TestRun.LogMessages: Invoking callback 1/1 for Microsoft.VisualStudio.TestPlatform.CommandLine.TestRunResultAggregator., took 0 ms.
TpTrace Verbose: 0 : 14492, 4, 2022/12/10, 13:11:30.965, 141599363612, vstest.console.dll, MulticastDelegateUtilities.SafeInvoke: InternalTestLoggerEvents.SendTestRunMessage: Invoking callback 1/1 for Microsoft.VisualStudio.TestPlatform.CommandLine.Internal.ConsoleLogger., took 0 ms.
TpTrace Information: 0 : 14492, 11, 2022/12/10, 13:11:30.965, 141599363966, vstest.console.dll, TestRunRequest:SendTestRunMessage: Completed.
TpTrace Verbose: 0 : 14492, 11, 2022/12/10, 13:11:30.965, 141599364785, vstest.console.dll, MulticastDelegateUtilities.SafeInvoke: LengthPrefixCommunicationChannel: MessageReceived: Invoking callback 1/1 for Microsoft.VisualStudio.TestPlatform.CommunicationUtilities.TestRequestSender+<>c__DisplayClass31_0., took 0 ms.
TpTrace Verbose: 0 : 14492, 11, 2022/12/10, 13:11:30.965, 141599365129, vstest.console.dll, TcpClientExtensions.MessageLoopAsync: Polling on remoteEndPoint: 127.0.0.1:58623 localEndPoint: 127.0.0.1:58622
TpTrace Verbose: 0 : 14492, 11, 2022/12/10, 13:11:30.965, 141599365519, vstest.console.dll, TcpClientExtensions.MessageLoopAsync: NotifyDataAvailable remoteEndPoint: 127.0.0.1:58623 localEndPoint: 127.0.0.1:58622
TpTrace Verbose: 0 : 14492, 11, 2022/12/10, 13:11:30.965, 141599366077, vstest.console.dll, TestRequestSender.OnExecutionMessageReceived: Received message: {"Version":7,"MessageType":"TestSession.Message","Payload":{"MessageLevel":0,"Message":"[xUnit.net 00:00:03.42]            at Microsoft.EntityFrameworkCore.Storage.NonRetryingExecutionStrategy.Execute[TState,TResult](TState state, Func`3 operation, Func`3 verifySucceeded)"}}
TpTrace Verbose: 0 : 14492, 11, 2022/12/10, 13:11:30.965, 141599366730, vstest.console.dll, TestRunRequest:SendTestRunMessage: Starting.
TpTrace Verbose: 0 : 14492, 11, 2022/12/10, 13:11:30.965, 141599367204, vstest.console.dll, MulticastDelegateUtilities.SafeInvoke: TestRun.LogMessages: Invoking callback 1/1 for Microsoft.VisualStudio.TestPlatform.CommandLine.TestRunResultAggregator., took 0 ms.
TpTrace Information: 0 : 14492, 11, 2022/12/10, 13:11:30.965, 141599367541, vstest.console.dll, TestRunRequest:SendTestRunMessage: Completed.
TpTrace Verbose: 0 : 14492, 4, 2022/12/10, 13:11:30.965, 141599367355, vstest.console.dll, MulticastDelegateUtilities.SafeInvoke: InternalTestLoggerEvents.SendTestRunMessage: Invoking callback 1/1 for Microsoft.VisualStudio.TestPlatform.CommandLine.Internal.ConsoleLogger., took 0 ms.
TpTrace Verbose: 0 : 14492, 11, 2022/12/10, 13:11:30.965, 141599367859, vstest.console.dll, MulticastDelegateUtilities.SafeInvoke: LengthPrefixCommunicationChannel: MessageReceived: Invoking callback 1/1 for Microsoft.VisualStudio.TestPlatform.CommunicationUtilities.TestRequestSender+<>c__DisplayClass31_0., took 0 ms.
TpTrace Verbose: 0 : 14492, 11, 2022/12/10, 13:11:30.965, 141599368612, vstest.console.dll, TcpClientExtensions.MessageLoopAsync: Polling on remoteEndPoint: 127.0.0.1:58623 localEndPoint: 127.0.0.1:58622
TpTrace Verbose: 0 : 14492, 11, 2022/12/10, 13:11:30.965, 141599368974, vstest.console.dll, TcpClientExtensions.MessageLoopAsync: NotifyDataAvailable remoteEndPoint: 127.0.0.1:58623 localEndPoint: 127.0.0.1:58622
TpTrace Verbose: 0 : 14492, 11, 2022/12/10, 13:11:30.965, 141599369469, vstest.console.dll, TestRequestSender.OnExecutionMessageReceived: Received message: {"Version":7,"MessageType":"TestSession.Message","Payload":{"MessageLevel":0,"Message":"[xUnit.net 00:00:03.42]            at Microsoft.EntityFrameworkCore.ChangeTracking.Internal.StateManager.SaveChanges(Boolean acceptAllChangesOnSuccess)"}}
TpTrace Verbose: 0 : 14492, 11, 2022/12/10, 13:11:30.965, 141599370057, vstest.console.dll, TestRunRequest:SendTestRunMessage: Starting.
TpTrace Verbose: 0 : 14492, 11, 2022/12/10, 13:11:30.966, 141599370556, vstest.console.dll, MulticastDelegateUtilities.SafeInvoke: TestRun.LogMessages: Invoking callback 1/1 for Microsoft.VisualStudio.TestPlatform.CommandLine.TestRunResultAggregator., took 0 ms.
TpTrace Verbose: 0 : 14492, 4, 2022/12/10, 13:11:30.966, 141599370711, vstest.console.dll, MulticastDelegateUtilities.SafeInvoke: InternalTestLoggerEvents.SendTestRunMessage: Invoking callback 1/1 for Microsoft.VisualStudio.TestPlatform.CommandLine.Internal.ConsoleLogger., took 0 ms.
TpTrace Information: 0 : 14492, 11, 2022/12/10, 13:11:30.966, 141599370887, vstest.console.dll, TestRunRequest:SendTestRunMessage: Completed.
TpTrace Verbose: 0 : 14492, 11, 2022/12/10, 13:11:30.966, 141599371816, vstest.console.dll, MulticastDelegateUtilities.SafeInvoke: LengthPrefixCommunicationChannel: MessageReceived: Invoking callback 1/1 for Microsoft.VisualStudio.TestPlatform.CommunicationUtilities.TestRequestSender+<>c__DisplayClass31_0., took 0 ms.
TpTrace Verbose: 0 : 14492, 11, 2022/12/10, 13:11:30.966, 141599372344, vstest.console.dll, TcpClientExtensions.MessageLoopAsync: Polling on remoteEndPoint: 127.0.0.1:58623 localEndPoint: 127.0.0.1:58622
TpTrace Verbose: 0 : 14492, 11, 2022/12/10, 13:11:30.966, 141599372776, vstest.console.dll, TcpClientExtensions.MessageLoopAsync: NotifyDataAvailable remoteEndPoint: 127.0.0.1:58623 localEndPoint: 127.0.0.1:58622
TpTrace Verbose: 0 : 14492, 11, 2022/12/10, 13:11:30.966, 141599373333, vstest.console.dll, TestRequestSender.OnExecutionMessageReceived: Received message: {"Version":7,"MessageType":"TestSession.Message","Payload":{"MessageLevel":0,"Message":"[xUnit.net 00:00:03.42]            at Microsoft.EntityFrameworkCore.DbContext.SaveChanges(Boolean acceptAllChangesOnSuccess)"}}
TpTrace Verbose: 0 : 14492, 11, 2022/12/10, 13:11:30.966, 141599374006, vstest.console.dll, TestRunRequest:SendTestRunMessage: Starting.
TpTrace Verbose: 0 : 14492, 11, 2022/12/10, 13:11:30.966, 141599374466, vstest.console.dll, MulticastDelegateUtilities.SafeInvoke: TestRun.LogMessages: Invoking callback 1/1 for Microsoft.VisualStudio.TestPlatform.CommandLine.TestRunResultAggregator., took 0 ms.
TpTrace Information: 0 : 14492, 11, 2022/12/10, 13:11:30.966, 141599374762, vstest.console.dll, TestRunRequest:SendTestRunMessage: Completed.
TpTrace Verbose: 0 : 14492, 11, 2022/12/10, 13:11:30.966, 141599375029, vstest.console.dll, MulticastDelegateUtilities.SafeInvoke: LengthPrefixCommunicationChannel: MessageReceived: Invoking callback 1/1 for Microsoft.VisualStudio.TestPlatform.CommunicationUtilities.TestRequestSender+<>c__DisplayClass31_0., took 0 ms.
TpTrace Verbose: 0 : 14492, 11, 2022/12/10, 13:11:30.966, 141599375290, vstest.console.dll, TcpClientExtensions.MessageLoopAsync: Polling on remoteEndPoint: 127.0.0.1:58623 localEndPoint: 127.0.0.1:58622
TpTrace Verbose: 0 : 14492, 11, 2022/12/10, 13:11:30.966, 141599375605, vstest.console.dll, TcpClientExtensions.MessageLoopAsync: NotifyDataAvailable remoteEndPoint: 127.0.0.1:58623 localEndPoint: 127.0.0.1:58622
TpTrace Verbose: 0 : 14492, 11, 2022/12/10, 13:11:30.966, 141599376049, vstest.console.dll, TestRequestSender.OnExecutionMessageReceived: Received message: {"Version":7,"MessageType":"TestSession.Message","Payload":{"MessageLevel":0,"Message":"[xUnit.net 00:00:03.42]            at Microsoft.EntityFrameworkCore.DbContext.SaveChanges()"}}
TpTrace Verbose: 0 : 14492, 11, 2022/12/10, 13:11:30.966, 141599376571, vstest.console.dll, TestRunRequest:SendTestRunMessage: Starting.
TpTrace Verbose: 0 : 14492, 11, 2022/12/10, 13:11:30.966, 141599376968, vstest.console.dll, MulticastDelegateUtilities.SafeInvoke: TestRun.LogMessages: Invoking callback 1/1 for Microsoft.VisualStudio.TestPlatform.CommandLine.TestRunResultAggregator., took 0 ms.
TpTrace Information: 0 : 14492, 11, 2022/12/10, 13:11:30.966, 141599377235, vstest.console.dll, TestRunRequest:SendTestRunMessage: Completed.
TpTrace Verbose: 0 : 14492, 11, 2022/12/10, 13:11:30.966, 141599377501, vstest.console.dll, MulticastDelegateUtilities.SafeInvoke: LengthPrefixCommunicationChannel: MessageReceived: Invoking callback 1/1 for Microsoft.VisualStudio.TestPlatform.CommunicationUtilities.TestRequestSender+<>c__DisplayClass31_0., took 0 ms.
TpTrace Verbose: 0 : 14492, 11, 2022/12/10, 13:11:30.966, 141599377756, vstest.console.dll, TcpClientExtensions.MessageLoopAsync: Polling on remoteEndPoint: 127.0.0.1:58623 localEndPoint: 127.0.0.1:58622
TpTrace Verbose: 0 : 14492, 11, 2022/12/10, 13:11:30.966, 141599378058, vstest.console.dll, TcpClientExtensions.MessageLoopAsync: NotifyDataAvailable remoteEndPoint: 127.0.0.1:58623 localEndPoint: 127.0.0.1:58622
TpTrace Verbose: 0 : 14492, 11, 2022/12/10, 13:11:30.966, 141599378519, vstest.console.dll, TestRequestSender.OnExecutionMessageReceived: Received message: {"Version":7,"MessageType":"TestSession.Message","Payload":{"MessageLevel":0,"Message":"[xUnit.net 00:00:03.42]         D:\\Documents\\GitHub\\VetAppointment_.NET\\VetAppointment - APIs + Tests\\VetAppointment - Working\\VetAppointment.Integration.Test\\BaseIntegrationTests.cs(31,0): at VetAppointment.Integration.Tests.BaseIntegrationTests.CleanDatabases()"}}
TpTrace Verbose: 0 : 14492, 11, 2022/12/10, 13:11:30.966, 141599379100, vstest.console.dll, TestRunRequest:SendTestRunMessage: Starting.
TpTrace Verbose: 0 : 14492, 11, 2022/12/10, 13:11:30.966, 141599379519, vstest.console.dll, MulticastDelegateUtilities.SafeInvoke: TestRun.LogMessages: Invoking callback 1/1 for Microsoft.VisualStudio.TestPlatform.CommandLine.TestRunResultAggregator., took 0 ms.
TpTrace Information: 0 : 14492, 11, 2022/12/10, 13:11:30.966, 141599379799, vstest.console.dll, TestRunRequest:SendTestRunMessage: Completed.
TpTrace Verbose: 0 : 14492, 11, 2022/12/10, 13:11:30.966, 141599380095, vstest.console.dll, MulticastDelegateUtilities.SafeInvoke: LengthPrefixCommunicationChannel: MessageReceived: Invoking callback 1/1 for Microsoft.VisualStudio.TestPlatform.CommunicationUtilities.TestRequestSender+<>c__DisplayClass31_0., took 0 ms.
TpTrace Verbose: 0 : 14492, 11, 2022/12/10, 13:11:30.967, 141599380360, vstest.console.dll, TcpClientExtensions.MessageLoopAsync: Polling on remoteEndPoint: 127.0.0.1:58623 localEndPoint: 127.0.0.1:58622
TpTrace Verbose: 0 : 14492, 11, 2022/12/10, 13:11:30.967, 141599380676, vstest.console.dll, TcpClientExtensions.MessageLoopAsync: NotifyDataAvailable remoteEndPoint: 127.0.0.1:58623 localEndPoint: 127.0.0.1:58622
TpTrace Verbose: 0 : 14492, 11, 2022/12/10, 13:11:30.967, 141599381106, vstest.console.dll, TestRequestSender.OnExecutionMessageReceived: Received message: {"Version":7,"MessageType":"TestSession.Message","Payload":{"MessageLevel":0,"Message":"[xUnit.net 00:00:03.42]         D:\\Documents\\GitHub\\VetAppointment_.NET\\VetAppointment - APIs + Tests\\VetAppointment - Working\\VetAppointment.Integration.Test\\PetOwnersControllerTests.cs(67,0): at VetAppointment.Integration.Tests.PetOwnersControllerTests.Dispose()"}}
TpTrace Verbose: 0 : 14492, 11, 2022/12/10, 13:11:30.967, 141599381614, vstest.console.dll, TestRunRequest:SendTestRunMessage: Starting.
TpTrace Verbose: 0 : 14492, 11, 2022/12/10, 13:11:30.967, 141599382006, vstest.console.dll, MulticastDelegateUtilities.SafeInvoke: TestRun.LogMessages: Invoking callback 1/1 for Microsoft.VisualStudio.TestPlatform.CommandLine.TestRunResultAggregator., took 0 ms.
TpTrace Information: 0 : 14492, 11, 2022/12/10, 13:11:30.967, 141599382273, vstest.console.dll, TestRunRequest:SendTestRunMessage: Completed.
TpTrace Verbose: 0 : 14492, 11, 2022/12/10, 13:11:30.967, 141599382530, vstest.console.dll, MulticastDelegateUtilities.SafeInvoke: LengthPrefixCommunicationChannel: MessageReceived: Invoking callback 1/1 for Microsoft.VisualStudio.TestPlatform.CommunicationUtilities.TestRequestSender+<>c__DisplayClass31_0., took 0 ms.
TpTrace Verbose: 0 : 14492, 11, 2022/12/10, 13:11:30.967, 141599382798, vstest.console.dll, TcpClientExtensions.MessageLoopAsync: Polling on remoteEndPoint: 127.0.0.1:58623 localEndPoint: 127.0.0.1:58622
TpTrace Verbose: 0 : 14492, 11, 2022/12/10, 13:11:30.967, 141599383101, vstest.console.dll, TcpClientExtensions.MessageLoopAsync: NotifyDataAvailable remoteEndPoint: 127.0.0.1:58623 localEndPoint: 127.0.0.1:58622
TpTrace Verbose: 0 : 14492, 11, 2022/12/10, 13:11:30.967, 141599383549, vstest.console.dll, TestRequestSender.OnExecutionMessageReceived: Received message: {"Version":7,"MessageType":"TestSession.Message","Payload":{"MessageLevel":0,"Message":"[xUnit.net 00:00:03.42]         /_/src/xunit.execution/Extensions/ReflectionAbstractionExtensions.cs(79,0): at ReflectionAbstractionExtensions.DisposeTestClass(ITest test, Object testClass, IMessageBus messageBus, ExecutionTimer timer, CancellationTokenSource cancellationTokenSource)"}}
TpTrace Verbose: 0 : 14492, 11, 2022/12/10, 13:11:30.967, 141599384041, vstest.console.dll, TestRunRequest:SendTestRunMessage: Starting.
TpTrace Verbose: 0 : 14492, 11, 2022/12/10, 13:11:30.967, 141599384488, vstest.console.dll, MulticastDelegateUtilities.SafeInvoke: TestRun.LogMessages: Invoking callback 1/1 for Microsoft.VisualStudio.TestPlatform.CommandLine.TestRunResultAggregator., took 0 ms.
TpTrace Information: 0 : 14492, 11, 2022/12/10, 13:11:30.967, 141599384773, vstest.console.dll, TestRunRequest:SendTestRunMessage: Completed.
TpTrace Verbose: 0 : 14492, 11, 2022/12/10, 13:11:30.967, 141599385057, vstest.console.dll, MulticastDelegateUtilities.SafeInvoke: LengthPrefixCommunicationChannel: MessageReceived: Invoking callback 1/1 for Microsoft.VisualStudio.TestPlatform.CommunicationUtilities.TestRequestSender+<>c__DisplayClass31_0., took 0 ms.
TpTrace Verbose: 0 : 14492, 11, 2022/12/10, 13:11:30.967, 141599385336, vstest.console.dll, TcpClientExtensions.MessageLoopAsync: Polling on remoteEndPoint: 127.0.0.1:58623 localEndPoint: 127.0.0.1:58622
TpTrace Verbose: 0 : 14492, 4, 2022/12/10, 13:11:30.967, 141599385857, vstest.console.dll, MulticastDelegateUtilities.SafeInvoke: InternalTestLoggerEvents.SendTestRunMessage: Invoking callback 1/1 for Microsoft.VisualStudio.TestPlatform.CommandLine.Internal.ConsoleLogger., took 0 ms.
TpTrace Verbose: 0 : 14492, 4, 2022/12/10, 13:11:30.967, 141599386208, vstest.console.dll, MulticastDelegateUtilities.SafeInvoke: InternalTestLoggerEvents.SendTestRunMessage: Invoking callback 1/1 for Microsoft.VisualStudio.TestPlatform.CommandLine.Internal.ConsoleLogger., took 0 ms.
TpTrace Verbose: 0 : 14492, 4, 2022/12/10, 13:11:30.967, 141599386525, vstest.console.dll, MulticastDelegateUtilities.SafeInvoke: InternalTestLoggerEvents.SendTestRunMessage: Invoking callback 1/1 for Microsoft.VisualStudio.TestPlatform.CommandLine.Internal.ConsoleLogger., took 0 ms.
TpTrace Verbose: 0 : 14492, 4, 2022/12/10, 13:11:30.967, 141599386847, vstest.console.dll, MulticastDelegateUtilities.SafeInvoke: InternalTestLoggerEvents.SendTestRunMessage: Invoking callback 1/1 for Microsoft.VisualStudio.TestPlatform.CommandLine.Internal.ConsoleLogger., took 0 ms.
TpTrace Verbose: 0 : 14492, 4, 2022/12/10, 13:11:30.967, 141599387166, vstest.console.dll, MulticastDelegateUtilities.SafeInvoke: InternalTestLoggerEvents.SendTestRunMessage: Invoking callback 1/1 for Microsoft.VisualStudio.TestPlatform.CommandLine.Internal.ConsoleLogger., took 0 ms.
TpTrace Verbose: 0 : 14492, 11, 2022/12/10, 13:11:31.553, 141605246634, vstest.console.dll, TcpClientExtensions.MessageLoopAsync: NotifyDataAvailable remoteEndPoint: 127.0.0.1:58623 localEndPoint: 127.0.0.1:58622
TpTrace Verbose: 0 : 14492, 11, 2022/12/10, 13:11:31.553, 141605247845, vstest.console.dll, TestRequestSender.OnExecutionMessageReceived: Received message: {"Version":7,"MessageType":"TestSession.Message","Payload":{"MessageLevel":2,"Message":"[xUnit.net 00:00:04.01]     VetAppointment.Integration.Tests.VetClinicsControllerTests.When_UpdateVet_Then_ShouldUpdateVetInClinic [FAIL]"}}
TpTrace Verbose: 0 : 14492, 11, 2022/12/10, 13:11:31.553, 141605248777, vstest.console.dll, TestRunRequest:SendTestRunMessage: Starting.
TpTrace Verbose: 0 : 14492, 11, 2022/12/10, 13:11:31.553, 141605249283, vstest.console.dll, MulticastDelegateUtilities.SafeInvoke: TestRun.LogMessages: Invoking callback 1/1 for Microsoft.VisualStudio.TestPlatform.CommandLine.TestRunResultAggregator., took 0 ms.
TpTrace Information: 0 : 14492, 11, 2022/12/10, 13:11:31.553, 141605249576, vstest.console.dll, TestRunRequest:SendTestRunMessage: Completed.
TpTrace Verbose: 0 : 14492, 11, 2022/12/10, 13:11:31.553, 141605249842, vstest.console.dll, MulticastDelegateUtilities.SafeInvoke: LengthPrefixCommunicationChannel: MessageReceived: Invoking callback 1/1 for Microsoft.VisualStudio.TestPlatform.CommunicationUtilities.TestRequestSender+<>c__DisplayClass31_0., took 0 ms.
TpTrace Verbose: 0 : 14492, 11, 2022/12/10, 13:11:31.554, 141605250131, vstest.console.dll, TcpClientExtensions.MessageLoopAsync: Polling on remoteEndPoint: 127.0.0.1:58623 localEndPoint: 127.0.0.1:58622
TpTrace Verbose: 0 : 14492, 4, 2022/12/10, 13:11:31.554, 141605250678, vstest.console.dll, MulticastDelegateUtilities.SafeInvoke: InternalTestLoggerEvents.SendTestRunMessage: Invoking callback 1/1 for Microsoft.VisualStudio.TestPlatform.CommandLine.Internal.ConsoleLogger., took 0 ms.
TpTrace Verbose: 0 : 14492, 11, 2022/12/10, 13:11:31.554, 141605252621, vstest.console.dll, TcpClientExtensions.MessageLoopAsync: NotifyDataAvailable remoteEndPoint: 127.0.0.1:58623 localEndPoint: 127.0.0.1:58622
TpTrace Verbose: 0 : 14492, 11, 2022/12/10, 13:11:31.554, 141605253499, vstest.console.dll, TestRequestSender.OnExecutionMessageReceived: Received message: {"Version":7,"MessageType":"TestSession.Message","Payload":{"MessageLevel":0,"Message":"[xUnit.net 00:00:04.01]       Microsoft.EntityFrameworkCore.DbUpdateConcurrencyException : The database operation was expected to affect 1 row(s), but actually affected 0 row(s); data may have been modified or deleted since entities were loaded. See http://go.microsoft.com/fwlink/?LinkId=527962 for information on understanding and handling optimistic concurrency exceptions."}}
TpTrace Verbose: 0 : 14492, 11, 2022/12/10, 13:11:31.554, 141605254344, vstest.console.dll, TestRunRequest:SendTestRunMessage: Starting.
TpTrace Verbose: 0 : 14492, 11, 2022/12/10, 13:11:31.554, 141605254852, vstest.console.dll, MulticastDelegateUtilities.SafeInvoke: TestRun.LogMessages: Invoking callback 1/1 for Microsoft.VisualStudio.TestPlatform.CommandLine.TestRunResultAggregator., took 0 ms.
TpTrace Information: 0 : 14492, 11, 2022/12/10, 13:11:31.554, 141605255219, vstest.console.dll, TestRunRequest:SendTestRunMessage: Completed.
TpTrace Verbose: 0 : 14492, 4, 2022/12/10, 13:11:31.554, 141605255020, vstest.console.dll, MulticastDelegateUtilities.SafeInvoke: InternalTestLoggerEvents.SendTestRunMessage: Invoking callback 1/1 for Microsoft.VisualStudio.TestPlatform.CommandLine.Internal.ConsoleLogger., took 0 ms.
TpTrace Verbose: 0 : 14492, 11, 2022/12/10, 13:11:31.554, 141605255783, vstest.console.dll, MulticastDelegateUtilities.SafeInvoke: LengthPrefixCommunicationChannel: MessageReceived: Invoking callback 1/1 for Microsoft.VisualStudio.TestPlatform.CommunicationUtilities.TestRequestSender+<>c__DisplayClass31_0., took 0 ms.
TpTrace Verbose: 0 : 14492, 11, 2022/12/10, 13:11:31.554, 141605256635, vstest.console.dll, TcpClientExtensions.MessageLoopAsync: Polling on remoteEndPoint: 127.0.0.1:58623 localEndPoint: 127.0.0.1:58622
TpTrace Verbose: 0 : 14492, 11, 2022/12/10, 13:11:31.554, 141605257281, vstest.console.dll, TcpClientExtensions.MessageLoopAsync: NotifyDataAvailable remoteEndPoint: 127.0.0.1:58623 localEndPoint: 127.0.0.1:58622
TpTrace Verbose: 0 : 14492, 11, 2022/12/10, 13:11:31.554, 141605257837, vstest.console.dll, TestRequestSender.OnExecutionMessageReceived: Received message: {"Version":7,"MessageType":"TestSession.Message","Payload":{"MessageLevel":0,"Message":"[xUnit.net 00:00:04.01]       Stack Trace:"}}
TpTrace Verbose: 0 : 14492, 11, 2022/12/10, 13:11:31.554, 141605258430, vstest.console.dll, TestRunRequest:SendTestRunMessage: Starting.
TpTrace Verbose: 0 : 14492, 11, 2022/12/10, 13:11:31.554, 141605258899, vstest.console.dll, MulticastDelegateUtilities.SafeInvoke: TestRun.LogMessages: Invoking callback 1/1 for Microsoft.VisualStudio.TestPlatform.CommandLine.TestRunResultAggregator., took 0 ms.
TpTrace Verbose: 0 : 14492, 4, 2022/12/10, 13:11:31.554, 141605259106, vstest.console.dll, MulticastDelegateUtilities.SafeInvoke: InternalTestLoggerEvents.SendTestRunMessage: Invoking callback 1/1 for Microsoft.VisualStudio.TestPlatform.CommandLine.Internal.ConsoleLogger., took 0 ms.
TpTrace Information: 0 : 14492, 11, 2022/12/10, 13:11:31.554, 141605259195, vstest.console.dll, TestRunRequest:SendTestRunMessage: Completed.
TpTrace Verbose: 0 : 14492, 11, 2022/12/10, 13:11:31.555, 141605260209, vstest.console.dll, MulticastDelegateUtilities.SafeInvoke: LengthPrefixCommunicationChannel: MessageReceived: Invoking callback 1/1 for Microsoft.VisualStudio.TestPlatform.CommunicationUtilities.TestRequestSender+<>c__DisplayClass31_0., took 0 ms.
TpTrace Verbose: 0 : 14492, 11, 2022/12/10, 13:11:31.555, 141605260768, vstest.console.dll, TcpClientExtensions.MessageLoopAsync: Polling on remoteEndPoint: 127.0.0.1:58623 localEndPoint: 127.0.0.1:58622
TpTrace Verbose: 0 : 14492, 11, 2022/12/10, 13:11:31.555, 141605261200, vstest.console.dll, TcpClientExtensions.MessageLoopAsync: NotifyDataAvailable remoteEndPoint: 127.0.0.1:58623 localEndPoint: 127.0.0.1:58622
TpTrace Verbose: 0 : 14492, 11, 2022/12/10, 13:11:31.555, 141605262164, vstest.console.dll, TestRequestSender.OnExecutionMessageReceived: Received message: {"Version":7,"MessageType":"TestSession.Message","Payload":{"MessageLevel":0,"Message":"[xUnit.net 00:00:04.01]            at Microsoft.EntityFrameworkCore.Update.AffectedCountModificationCommandBatch.ThrowAggregateUpdateConcurrencyException(RelationalDataReader reader, Int32 commandIndex, Int32 expectedRowsAffected, Int32 rowsAffected)"}}
TpTrace Verbose: 0 : 14492, 11, 2022/12/10, 13:11:31.555, 141605262795, vstest.console.dll, TestRunRequest:SendTestRunMessage: Starting.
TpTrace Verbose: 0 : 14492, 11, 2022/12/10, 13:11:31.555, 141605263222, vstest.console.dll, MulticastDelegateUtilities.SafeInvoke: TestRun.LogMessages: Invoking callback 1/1 for Microsoft.VisualStudio.TestPlatform.CommandLine.TestRunResultAggregator., took 0 ms.
TpTrace Verbose: 0 : 14492, 4, 2022/12/10, 13:11:31.555, 141605263394, vstest.console.dll, MulticastDelegateUtilities.SafeInvoke: InternalTestLoggerEvents.SendTestRunMessage: Invoking callback 1/1 for Microsoft.VisualStudio.TestPlatform.CommandLine.Internal.ConsoleLogger., took 0 ms.
TpTrace Information: 0 : 14492, 11, 2022/12/10, 13:11:31.555, 141605263499, vstest.console.dll, TestRunRequest:SendTestRunMessage: Completed.
TpTrace Verbose: 0 : 14492, 11, 2022/12/10, 13:11:31.555, 141605264395, vstest.console.dll, MulticastDelegateUtilities.SafeInvoke: LengthPrefixCommunicationChannel: MessageReceived: Invoking callback 1/1 for Microsoft.VisualStudio.TestPlatform.CommunicationUtilities.TestRequestSender+<>c__DisplayClass31_0., took 0 ms.
TpTrace Verbose: 0 : 14492, 11, 2022/12/10, 13:11:31.555, 141605264865, vstest.console.dll, TcpClientExtensions.MessageLoopAsync: Polling on remoteEndPoint: 127.0.0.1:58623 localEndPoint: 127.0.0.1:58622
TpTrace Verbose: 0 : 14492, 11, 2022/12/10, 13:11:31.555, 141605265245, vstest.console.dll, TcpClientExtensions.MessageLoopAsync: NotifyDataAvailable remoteEndPoint: 127.0.0.1:58623 localEndPoint: 127.0.0.1:58622
TpTrace Verbose: 0 : 14492, 11, 2022/12/10, 13:11:31.555, 141605265737, vstest.console.dll, TestRequestSender.OnExecutionMessageReceived: Received message: {"Version":7,"MessageType":"TestSession.Message","Payload":{"MessageLevel":0,"Message":"[xUnit.net 00:00:04.01]            at Microsoft.EntityFrameworkCore.Update.AffectedCountModificationCommandBatch.ConsumeResultSetWithRowsAffectedOnly(Int32 commandIndex, RelationalDataReader reader)"}}
TpTrace Verbose: 0 : 14492, 11, 2022/12/10, 13:11:31.555, 141605266322, vstest.console.dll, TestRunRequest:SendTestRunMessage: Starting.
TpTrace Verbose: 0 : 14492, 11, 2022/12/10, 13:11:31.555, 141605266752, vstest.console.dll, MulticastDelegateUtilities.SafeInvoke: TestRun.LogMessages: Invoking callback 1/1 for Microsoft.VisualStudio.TestPlatform.CommandLine.TestRunResultAggregator., took 0 ms.
TpTrace Verbose: 0 : 14492, 4, 2022/12/10, 13:11:31.555, 141605266916, vstest.console.dll, MulticastDelegateUtilities.SafeInvoke: InternalTestLoggerEvents.SendTestRunMessage: Invoking callback 1/1 for Microsoft.VisualStudio.TestPlatform.CommandLine.Internal.ConsoleLogger., took 0 ms.
TpTrace Information: 0 : 14492, 11, 2022/12/10, 13:11:31.555, 141605267059, vstest.console.dll, TestRunRequest:SendTestRunMessage: Completed.
TpTrace Verbose: 0 : 14492, 11, 2022/12/10, 13:11:31.555, 141605267915, vstest.console.dll, MulticastDelegateUtilities.SafeInvoke: LengthPrefixCommunicationChannel: MessageReceived: Invoking callback 1/1 for Microsoft.VisualStudio.TestPlatform.CommunicationUtilities.TestRequestSender+<>c__DisplayClass31_0., took 0 ms.
TpTrace Verbose: 0 : 14492, 11, 2022/12/10, 13:11:31.555, 141605268397, vstest.console.dll, TcpClientExtensions.MessageLoopAsync: Polling on remoteEndPoint: 127.0.0.1:58623 localEndPoint: 127.0.0.1:58622
TpTrace Verbose: 0 : 14492, 11, 2022/12/10, 13:11:31.555, 141605268781, vstest.console.dll, TcpClientExtensions.MessageLoopAsync: NotifyDataAvailable remoteEndPoint: 127.0.0.1:58623 localEndPoint: 127.0.0.1:58622
TpTrace Verbose: 0 : 14492, 11, 2022/12/10, 13:11:31.555, 141605269408, vstest.console.dll, TestRequestSender.OnExecutionMessageReceived: Received message: {"Version":7,"MessageType":"TestSession.Message","Payload":{"MessageLevel":0,"Message":"[xUnit.net 00:00:04.01]            at Microsoft.EntityFrameworkCore.Update.AffectedCountModificationCommandBatch.Consume(RelationalDataReader reader)"}}
TpTrace Verbose: 0 : 14492, 11, 2022/12/10, 13:11:31.555, 141605269995, vstest.console.dll, TestRunRequest:SendTestRunMessage: Starting.
TpTrace Verbose: 0 : 14492, 11, 2022/12/10, 13:11:31.556, 141605270450, vstest.console.dll, MulticastDelegateUtilities.SafeInvoke: TestRun.LogMessages: Invoking callback 1/1 for Microsoft.VisualStudio.TestPlatform.CommandLine.TestRunResultAggregator., took 0 ms.
TpTrace Verbose: 0 : 14492, 4, 2022/12/10, 13:11:31.556, 141605270609, vstest.console.dll, MulticastDelegateUtilities.SafeInvoke: InternalTestLoggerEvents.SendTestRunMessage: Invoking callback 1/1 for Microsoft.VisualStudio.TestPlatform.CommandLine.Internal.ConsoleLogger., took 0 ms.
TpTrace Information: 0 : 14492, 11, 2022/12/10, 13:11:31.556, 141605270755, vstest.console.dll, TestRunRequest:SendTestRunMessage: Completed.
TpTrace Verbose: 0 : 14492, 11, 2022/12/10, 13:11:31.556, 141605271703, vstest.console.dll, MulticastDelegateUtilities.SafeInvoke: LengthPrefixCommunicationChannel: MessageReceived: Invoking callback 1/1 for Microsoft.VisualStudio.TestPlatform.CommunicationUtilities.TestRequestSender+<>c__DisplayClass31_0., took 0 ms.
TpTrace Verbose: 0 : 14492, 11, 2022/12/10, 13:11:31.556, 141605272014, vstest.console.dll, TcpClientExtensions.MessageLoopAsync: Polling on remoteEndPoint: 127.0.0.1:58623 localEndPoint: 127.0.0.1:58622
TpTrace Verbose: 0 : 14492, 11, 2022/12/10, 13:11:31.556, 141605272652, vstest.console.dll, TcpClientExtensions.MessageLoopAsync: NotifyDataAvailable remoteEndPoint: 127.0.0.1:58623 localEndPoint: 127.0.0.1:58622
TpTrace Verbose: 0 : 14492, 11, 2022/12/10, 13:11:31.556, 141605273192, vstest.console.dll, TestRequestSender.OnExecutionMessageReceived: Received message: {"Version":7,"MessageType":"TestSession.Message","Payload":{"MessageLevel":0,"Message":"[xUnit.net 00:00:04.01]            at Microsoft.EntityFrameworkCore.Update.ReaderModificationCommandBatch.Execute(IRelationalConnection connection)"}}
TpTrace Verbose: 0 : 14492, 11, 2022/12/10, 13:11:31.556, 141605274053, vstest.console.dll, TestRunRequest:SendTestRunMessage: Starting.
TpTrace Verbose: 0 : 14492, 11, 2022/12/10, 13:11:31.556, 141605274750, vstest.console.dll, MulticastDelegateUtilities.SafeInvoke: TestRun.LogMessages: Invoking callback 1/1 for Microsoft.VisualStudio.TestPlatform.CommandLine.TestRunResultAggregator., took 0 ms.
TpTrace Verbose: 0 : 14492, 4, 2022/12/10, 13:11:31.556, 141605274873, vstest.console.dll, MulticastDelegateUtilities.SafeInvoke: InternalTestLoggerEvents.SendTestRunMessage: Invoking callback 1/1 for Microsoft.VisualStudio.TestPlatform.CommandLine.Internal.ConsoleLogger., took 0 ms.
TpTrace Information: 0 : 14492, 11, 2022/12/10, 13:11:31.556, 141605275153, vstest.console.dll, TestRunRequest:SendTestRunMessage: Completed.
TpTrace Verbose: 0 : 14492, 11, 2022/12/10, 13:11:31.556, 141605276076, vstest.console.dll, MulticastDelegateUtilities.SafeInvoke: LengthPrefixCommunicationChannel: MessageReceived: Invoking callback 1/1 for Microsoft.VisualStudio.TestPlatform.CommunicationUtilities.TestRequestSender+<>c__DisplayClass31_0., took 0 ms.
TpTrace Verbose: 0 : 14492, 11, 2022/12/10, 13:11:31.556, 141605276404, vstest.console.dll, TcpClientExtensions.MessageLoopAsync: Polling on remoteEndPoint: 127.0.0.1:58623 localEndPoint: 127.0.0.1:58622
TpTrace Verbose: 0 : 14492, 11, 2022/12/10, 13:11:31.556, 141605276777, vstest.console.dll, TcpClientExtensions.MessageLoopAsync: NotifyDataAvailable remoteEndPoint: 127.0.0.1:58623 localEndPoint: 127.0.0.1:58622
TpTrace Verbose: 0 : 14492, 11, 2022/12/10, 13:11:31.556, 141605277261, vstest.console.dll, TestRequestSender.OnExecutionMessageReceived: Received message: {"Version":7,"MessageType":"TestSession.Message","Payload":{"MessageLevel":0,"Message":"[xUnit.net 00:00:04.01]            at Microsoft.EntityFrameworkCore.Update.Internal.BatchExecutor.Execute(IEnumerable`1 commandBatches, IRelationalConnection connection)"}}
TpTrace Verbose: 0 : 14492, 11, 2022/12/10, 13:11:31.556, 141605278148, vstest.console.dll, TestRunRequest:SendTestRunMessage: Starting.
TpTrace Verbose: 0 : 14492, 11, 2022/12/10, 13:11:31.556, 141605278699, vstest.console.dll, MulticastDelegateUtilities.SafeInvoke: TestRun.LogMessages: Invoking callback 1/1 for Microsoft.VisualStudio.TestPlatform.CommandLine.TestRunResultAggregator., took 0 ms.
TpTrace Verbose: 0 : 14492, 4, 2022/12/10, 13:11:31.556, 141605278881, vstest.console.dll, MulticastDelegateUtilities.SafeInvoke: InternalTestLoggerEvents.SendTestRunMessage: Invoking callback 1/1 for Microsoft.VisualStudio.TestPlatform.CommandLine.Internal.ConsoleLogger., took 0 ms.
TpTrace Information: 0 : 14492, 11, 2022/12/10, 13:11:31.556, 141605279029, vstest.console.dll, TestRunRequest:SendTestRunMessage: Completed.
TpTrace Verbose: 0 : 14492, 11, 2022/12/10, 13:11:31.556, 141605279852, vstest.console.dll, MulticastDelegateUtilities.SafeInvoke: LengthPrefixCommunicationChannel: MessageReceived: Invoking callback 1/1 for Microsoft.VisualStudio.TestPlatform.CommunicationUtilities.TestRequestSender+<>c__DisplayClass31_0., took 0 ms.
TpTrace Verbose: 0 : 14492, 11, 2022/12/10, 13:11:31.557, 141605280157, vstest.console.dll, TcpClientExtensions.MessageLoopAsync: Polling on remoteEndPoint: 127.0.0.1:58623 localEndPoint: 127.0.0.1:58622
TpTrace Verbose: 0 : 14492, 11, 2022/12/10, 13:11:31.557, 141605280520, vstest.console.dll, TcpClientExtensions.MessageLoopAsync: NotifyDataAvailable remoteEndPoint: 127.0.0.1:58623 localEndPoint: 127.0.0.1:58622
TpTrace Verbose: 0 : 14492, 11, 2022/12/10, 13:11:31.557, 141605280995, vstest.console.dll, TestRequestSender.OnExecutionMessageReceived: Received message: {"Version":7,"MessageType":"TestSession.Message","Payload":{"MessageLevel":0,"Message":"[xUnit.net 00:00:04.01]            at Microsoft.EntityFrameworkCore.Storage.RelationalDatabase.SaveChanges(IList`1 entries)"}}
TpTrace Verbose: 0 : 14492, 11, 2022/12/10, 13:11:31.557, 141605281541, vstest.console.dll, TestRunRequest:SendTestRunMessage: Starting.
TpTrace Verbose: 0 : 14492, 11, 2022/12/10, 13:11:31.557, 141605282065, vstest.console.dll, MulticastDelegateUtilities.SafeInvoke: TestRun.LogMessages: Invoking callback 1/1 for Microsoft.VisualStudio.TestPlatform.CommandLine.TestRunResultAggregator., took 0 ms.
TpTrace Verbose: 0 : 14492, 4, 2022/12/10, 13:11:31.557, 141605282145, vstest.console.dll, MulticastDelegateUtilities.SafeInvoke: InternalTestLoggerEvents.SendTestRunMessage: Invoking callback 1/1 for Microsoft.VisualStudio.TestPlatform.CommandLine.Internal.ConsoleLogger., took 0 ms.
TpTrace Information: 0 : 14492, 11, 2022/12/10, 13:11:31.557, 141605282411, vstest.console.dll, TestRunRequest:SendTestRunMessage: Completed.
TpTrace Verbose: 0 : 14492, 11, 2022/12/10, 13:11:31.561, 141605324444, vstest.console.dll, MulticastDelegateUtilities.SafeInvoke: LengthPrefixCommunicationChannel: MessageReceived: Invoking callback 1/1 for Microsoft.VisualStudio.TestPlatform.CommunicationUtilities.TestRequestSender+<>c__DisplayClass31_0., took 4 ms.
TpTrace Verbose: 0 : 14492, 11, 2022/12/10, 13:11:31.561, 141605324869, vstest.console.dll, TcpClientExtensions.MessageLoopAsync: Polling on remoteEndPoint: 127.0.0.1:58623 localEndPoint: 127.0.0.1:58622
TpTrace Verbose: 0 : 14492, 11, 2022/12/10, 13:11:31.561, 141605325305, vstest.console.dll, TcpClientExtensions.MessageLoopAsync: NotifyDataAvailable remoteEndPoint: 127.0.0.1:58623 localEndPoint: 127.0.0.1:58622
TpTrace Verbose: 0 : 14492, 11, 2022/12/10, 13:11:31.561, 141605325857, vstest.console.dll, TestRequestSender.OnExecutionMessageReceived: Received message: {"Version":7,"MessageType":"TestSession.Message","Payload":{"MessageLevel":0,"Message":"[xUnit.net 00:00:04.01]            at Microsoft.EntityFrameworkCore.ChangeTracking.Internal.StateManager.SaveChanges(IList`1 entriesToSave)"}}
TpTrace Verbose: 0 : 14492, 11, 2022/12/10, 13:11:31.561, 141605326673, vstest.console.dll, TestRunRequest:SendTestRunMessage: Starting.
TpTrace Verbose: 0 : 14492, 11, 2022/12/10, 13:11:31.561, 141605327239, vstest.console.dll, MulticastDelegateUtilities.SafeInvoke: TestRun.LogMessages: Invoking callback 1/1 for Microsoft.VisualStudio.TestPlatform.CommandLine.TestRunResultAggregator., took 0 ms.
TpTrace Verbose: 0 : 14492, 4, 2022/12/10, 13:11:31.561, 141605327450, vstest.console.dll, MulticastDelegateUtilities.SafeInvoke: InternalTestLoggerEvents.SendTestRunMessage: Invoking callback 1/1 for Microsoft.VisualStudio.TestPlatform.CommandLine.Internal.ConsoleLogger., took 0 ms.
TpTrace Information: 0 : 14492, 11, 2022/12/10, 13:11:31.561, 141605327558, vstest.console.dll, TestRunRequest:SendTestRunMessage: Completed.
TpTrace Verbose: 0 : 14492, 11, 2022/12/10, 13:11:31.561, 141605328478, vstest.console.dll, MulticastDelegateUtilities.SafeInvoke: LengthPrefixCommunicationChannel: MessageReceived: Invoking callback 1/1 for Microsoft.VisualStudio.TestPlatform.CommunicationUtilities.TestRequestSender+<>c__DisplayClass31_0., took 0 ms.
TpTrace Verbose: 0 : 14492, 11, 2022/12/10, 13:11:31.561, 141605328806, vstest.console.dll, TcpClientExtensions.MessageLoopAsync: Polling on remoteEndPoint: 127.0.0.1:58623 localEndPoint: 127.0.0.1:58622
TpTrace Verbose: 0 : 14492, 11, 2022/12/10, 13:11:31.561, 141605329173, vstest.console.dll, TcpClientExtensions.MessageLoopAsync: NotifyDataAvailable remoteEndPoint: 127.0.0.1:58623 localEndPoint: 127.0.0.1:58622
TpTrace Verbose: 0 : 14492, 11, 2022/12/10, 13:11:31.561, 141605329668, vstest.console.dll, TestRequestSender.OnExecutionMessageReceived: Received message: {"Version":7,"MessageType":"TestSession.Message","Payload":{"MessageLevel":0,"Message":"[xUnit.net 00:00:04.01]            at Microsoft.EntityFrameworkCore.ChangeTracking.Internal.StateManager.SaveChanges(StateManager stateManager, Boolean acceptAllChangesOnSuccess)"}}
TpTrace Verbose: 0 : 14492, 11, 2022/12/10, 13:11:31.562, 141605330282, vstest.console.dll, TestRunRequest:SendTestRunMessage: Starting.
TpTrace Verbose: 0 : 14492, 11, 2022/12/10, 13:11:31.562, 141605330726, vstest.console.dll, MulticastDelegateUtilities.SafeInvoke: TestRun.LogMessages: Invoking callback 1/1 for Microsoft.VisualStudio.TestPlatform.CommandLine.TestRunResultAggregator., took 0 ms.
TpTrace Verbose: 0 : 14492, 4, 2022/12/10, 13:11:31.562, 141605330886, vstest.console.dll, MulticastDelegateUtilities.SafeInvoke: InternalTestLoggerEvents.SendTestRunMessage: Invoking callback 1/1 for Microsoft.VisualStudio.TestPlatform.CommandLine.Internal.ConsoleLogger., took 0 ms.
TpTrace Information: 0 : 14492, 11, 2022/12/10, 13:11:31.562, 141605331000, vstest.console.dll, TestRunRequest:SendTestRunMessage: Completed.
TpTrace Verbose: 0 : 14492, 11, 2022/12/10, 13:11:31.562, 141605331860, vstest.console.dll, MulticastDelegateUtilities.SafeInvoke: LengthPrefixCommunicationChannel: MessageReceived: Invoking callback 1/1 for Microsoft.VisualStudio.TestPlatform.CommunicationUtilities.TestRequestSender+<>c__DisplayClass31_0., took 0 ms.
TpTrace Verbose: 0 : 14492, 11, 2022/12/10, 13:11:31.562, 141605332160, vstest.console.dll, TcpClientExtensions.MessageLoopAsync: Polling on remoteEndPoint: 127.0.0.1:58623 localEndPoint: 127.0.0.1:58622
TpTrace Verbose: 0 : 14492, 11, 2022/12/10, 13:11:31.562, 141605332506, vstest.console.dll, TcpClientExtensions.MessageLoopAsync: NotifyDataAvailable remoteEndPoint: 127.0.0.1:58623 localEndPoint: 127.0.0.1:58622
TpTrace Verbose: 0 : 14492, 11, 2022/12/10, 13:11:31.562, 141605332970, vstest.console.dll, TestRequestSender.OnExecutionMessageReceived: Received message: {"Version":7,"MessageType":"TestSession.Message","Payload":{"MessageLevel":0,"Message":"[xUnit.net 00:00:04.01]            at Microsoft.EntityFrameworkCore.ChangeTracking.Internal.StateManager.<>c.<SaveChanges>b__107_0(DbContext _, ValueTuple`2 t)"}}
TpTrace Verbose: 0 : 14492, 11, 2022/12/10, 13:11:31.562, 141605333561, vstest.console.dll, TestRunRequest:SendTestRunMessage: Starting.
TpTrace Verbose: 0 : 14492, 11, 2022/12/10, 13:11:31.562, 141605334020, vstest.console.dll, MulticastDelegateUtilities.SafeInvoke: TestRun.LogMessages: Invoking callback 1/1 for Microsoft.VisualStudio.TestPlatform.CommandLine.TestRunResultAggregator., took 0 ms.
TpTrace Verbose: 0 : 14492, 4, 2022/12/10, 13:11:31.562, 141605334172, vstest.console.dll, MulticastDelegateUtilities.SafeInvoke: InternalTestLoggerEvents.SendTestRunMessage: Invoking callback 1/1 for Microsoft.VisualStudio.TestPlatform.CommandLine.Internal.ConsoleLogger., took 0 ms.
TpTrace Information: 0 : 14492, 11, 2022/12/10, 13:11:31.562, 141605334301, vstest.console.dll, TestRunRequest:SendTestRunMessage: Completed.
TpTrace Verbose: 0 : 14492, 11, 2022/12/10, 13:11:31.562, 141605335186, vstest.console.dll, MulticastDelegateUtilities.SafeInvoke: LengthPrefixCommunicationChannel: MessageReceived: Invoking callback 1/1 for Microsoft.VisualStudio.TestPlatform.CommunicationUtilities.TestRequestSender+<>c__DisplayClass31_0., took 0 ms.
TpTrace Verbose: 0 : 14492, 11, 2022/12/10, 13:11:31.562, 141605335497, vstest.console.dll, TcpClientExtensions.MessageLoopAsync: Polling on remoteEndPoint: 127.0.0.1:58623 localEndPoint: 127.0.0.1:58622
TpTrace Verbose: 0 : 14492, 11, 2022/12/10, 13:11:31.562, 141605335853, vstest.console.dll, TcpClientExtensions.MessageLoopAsync: NotifyDataAvailable remoteEndPoint: 127.0.0.1:58623 localEndPoint: 127.0.0.1:58622
TpTrace Verbose: 0 : 14492, 11, 2022/12/10, 13:11:31.562, 141605336346, vstest.console.dll, TestRequestSender.OnExecutionMessageReceived: Received message: {"Version":7,"MessageType":"TestSession.Message","Payload":{"MessageLevel":0,"Message":"[xUnit.net 00:00:04.01]            at Microsoft.EntityFrameworkCore.Storage.NonRetryingExecutionStrategy.Execute[TState,TResult](TState state, Func`3 operation, Func`3 verifySucceeded)"}}
TpTrace Verbose: 0 : 14492, 11, 2022/12/10, 13:11:31.562, 141605336909, vstest.console.dll, TestRunRequest:SendTestRunMessage: Starting.
TpTrace Verbose: 0 : 14492, 11, 2022/12/10, 13:11:31.562, 141605337583, vstest.console.dll, MulticastDelegateUtilities.SafeInvoke: TestRun.LogMessages: Invoking callback 1/1 for Microsoft.VisualStudio.TestPlatform.CommandLine.TestRunResultAggregator., took 0 ms.
TpTrace Information: 0 : 14492, 11, 2022/12/10, 13:11:31.562, 141605337919, vstest.console.dll, TestRunRequest:SendTestRunMessage: Completed.
TpTrace Verbose: 0 : 14492, 4, 2022/12/10, 13:11:31.562, 141605337728, vstest.console.dll, MulticastDelegateUtilities.SafeInvoke: InternalTestLoggerEvents.SendTestRunMessage: Invoking callback 1/1 for Microsoft.VisualStudio.TestPlatform.CommandLine.Internal.ConsoleLogger., took 0 ms.
TpTrace Verbose: 0 : 14492, 11, 2022/12/10, 13:11:31.562, 141605338236, vstest.console.dll, MulticastDelegateUtilities.SafeInvoke: LengthPrefixCommunicationChannel: MessageReceived: Invoking callback 1/1 for Microsoft.VisualStudio.TestPlatform.CommunicationUtilities.TestRequestSender+<>c__DisplayClass31_0., took 0 ms.
TpTrace Verbose: 0 : 14492, 11, 2022/12/10, 13:11:31.562, 141605339096, vstest.console.dll, TcpClientExtensions.MessageLoopAsync: Polling on remoteEndPoint: 127.0.0.1:58623 localEndPoint: 127.0.0.1:58622
TpTrace Verbose: 0 : 14492, 11, 2022/12/10, 13:11:31.562, 141605339477, vstest.console.dll, TcpClientExtensions.MessageLoopAsync: NotifyDataAvailable remoteEndPoint: 127.0.0.1:58623 localEndPoint: 127.0.0.1:58622
TpTrace Verbose: 0 : 14492, 11, 2022/12/10, 13:11:31.562, 141605339949, vstest.console.dll, TestRequestSender.OnExecutionMessageReceived: Received message: {"Version":7,"MessageType":"TestSession.Message","Payload":{"MessageLevel":0,"Message":"[xUnit.net 00:00:04.01]            at Microsoft.EntityFrameworkCore.ChangeTracking.Internal.StateManager.SaveChanges(Boolean acceptAllChangesOnSuccess)"}}
TpTrace Verbose: 0 : 14492, 11, 2022/12/10, 13:11:31.563, 141605340493, vstest.console.dll, TestRunRequest:SendTestRunMessage: Starting.
TpTrace Verbose: 0 : 14492, 11, 2022/12/10, 13:11:31.563, 141605340950, vstest.console.dll, MulticastDelegateUtilities.SafeInvoke: TestRun.LogMessages: Invoking callback 1/1 for Microsoft.VisualStudio.TestPlatform.CommandLine.TestRunResultAggregator., took 0 ms.
TpTrace Information: 0 : 14492, 11, 2022/12/10, 13:11:31.563, 141605341292, vstest.console.dll, TestRunRequest:SendTestRunMessage: Completed.
TpTrace Verbose: 0 : 14492, 4, 2022/12/10, 13:11:31.563, 141605341104, vstest.console.dll, MulticastDelegateUtilities.SafeInvoke: InternalTestLoggerEvents.SendTestRunMessage: Invoking callback 1/1 for Microsoft.VisualStudio.TestPlatform.CommandLine.Internal.ConsoleLogger., took 0 ms.
TpTrace Verbose: 0 : 14492, 11, 2022/12/10, 13:11:31.563, 141605341610, vstest.console.dll, MulticastDelegateUtilities.SafeInvoke: LengthPrefixCommunicationChannel: MessageReceived: Invoking callback 1/1 for Microsoft.VisualStudio.TestPlatform.CommunicationUtilities.TestRequestSender+<>c__DisplayClass31_0., took 0 ms.
TpTrace Verbose: 0 : 14492, 11, 2022/12/10, 13:11:31.563, 141605342464, vstest.console.dll, TcpClientExtensions.MessageLoopAsync: Polling on remoteEndPoint: 127.0.0.1:58623 localEndPoint: 127.0.0.1:58622
TpTrace Verbose: 0 : 14492, 11, 2022/12/10, 13:11:31.563, 141605342852, vstest.console.dll, TcpClientExtensions.MessageLoopAsync: NotifyDataAvailable remoteEndPoint: 127.0.0.1:58623 localEndPoint: 127.0.0.1:58622
TpTrace Verbose: 0 : 14492, 11, 2022/12/10, 13:11:31.563, 141605343316, vstest.console.dll, TestRequestSender.OnExecutionMessageReceived: Received message: {"Version":7,"MessageType":"TestSession.Message","Payload":{"MessageLevel":0,"Message":"[xUnit.net 00:00:04.01]            at Microsoft.EntityFrameworkCore.DbContext.SaveChanges(Boolean acceptAllChangesOnSuccess)"}}
TpTrace Verbose: 0 : 14492, 11, 2022/12/10, 13:11:31.563, 141605343837, vstest.console.dll, TestRunRequest:SendTestRunMessage: Starting.
TpTrace Verbose: 0 : 14492, 11, 2022/12/10, 13:11:31.563, 141605344259, vstest.console.dll, MulticastDelegateUtilities.SafeInvoke: TestRun.LogMessages: Invoking callback 1/1 for Microsoft.VisualStudio.TestPlatform.CommandLine.TestRunResultAggregator., took 0 ms.
TpTrace Information: 0 : 14492, 11, 2022/12/10, 13:11:31.563, 141605344549, vstest.console.dll, TestRunRequest:SendTestRunMessage: Completed.
TpTrace Verbose: 0 : 14492, 4, 2022/12/10, 13:11:31.563, 141605344646, vstest.console.dll, MulticastDelegateUtilities.SafeInvoke: InternalTestLoggerEvents.SendTestRunMessage: Invoking callback 1/1 for Microsoft.VisualStudio.TestPlatform.CommandLine.Internal.ConsoleLogger., took 0 ms.
TpTrace Verbose: 0 : 14492, 11, 2022/12/10, 13:11:31.563, 141605344860, vstest.console.dll, MulticastDelegateUtilities.SafeInvoke: LengthPrefixCommunicationChannel: MessageReceived: Invoking callback 1/1 for Microsoft.VisualStudio.TestPlatform.CommunicationUtilities.TestRequestSender+<>c__DisplayClass31_0., took 0 ms.
TpTrace Verbose: 0 : 14492, 11, 2022/12/10, 13:11:31.563, 141605345663, vstest.console.dll, TcpClientExtensions.MessageLoopAsync: Polling on remoteEndPoint: 127.0.0.1:58623 localEndPoint: 127.0.0.1:58622
TpTrace Verbose: 0 : 14492, 11, 2022/12/10, 13:11:31.563, 141605346029, vstest.console.dll, TcpClientExtensions.MessageLoopAsync: NotifyDataAvailable remoteEndPoint: 127.0.0.1:58623 localEndPoint: 127.0.0.1:58622
TpTrace Verbose: 0 : 14492, 11, 2022/12/10, 13:11:31.563, 141605346470, vstest.console.dll, TestRequestSender.OnExecutionMessageReceived: Received message: {"Version":7,"MessageType":"TestSession.Message","Payload":{"MessageLevel":0,"Message":"[xUnit.net 00:00:04.02]            at Microsoft.EntityFrameworkCore.DbContext.SaveChanges()"}}
TpTrace Verbose: 0 : 14492, 11, 2022/12/10, 13:11:31.563, 141605347001, vstest.console.dll, TestRunRequest:SendTestRunMessage: Starting.
TpTrace Verbose: 0 : 14492, 11, 2022/12/10, 13:11:31.563, 141605347507, vstest.console.dll, MulticastDelegateUtilities.SafeInvoke: TestRun.LogMessages: Invoking callback 1/1 for Microsoft.VisualStudio.TestPlatform.CommandLine.TestRunResultAggregator., took 0 ms.
TpTrace Information: 0 : 14492, 11, 2022/12/10, 13:11:31.563, 141605347862, vstest.console.dll, TestRunRequest:SendTestRunMessage: Completed.
TpTrace Verbose: 0 : 14492, 4, 2022/12/10, 13:11:31.563, 141605347684, vstest.console.dll, MulticastDelegateUtilities.SafeInvoke: InternalTestLoggerEvents.SendTestRunMessage: Invoking callback 1/1 for Microsoft.VisualStudio.TestPlatform.CommandLine.Internal.ConsoleLogger., took 0 ms.
TpTrace Verbose: 0 : 14492, 11, 2022/12/10, 13:11:31.563, 141605348199, vstest.console.dll, MulticastDelegateUtilities.SafeInvoke: LengthPrefixCommunicationChannel: MessageReceived: Invoking callback 1/1 for Microsoft.VisualStudio.TestPlatform.CommunicationUtilities.TestRequestSender+<>c__DisplayClass31_0., took 0 ms.
TpTrace Verbose: 0 : 14492, 11, 2022/12/10, 13:11:31.563, 141605349494, vstest.console.dll, TcpClientExtensions.MessageLoopAsync: Polling on remoteEndPoint: 127.0.0.1:58623 localEndPoint: 127.0.0.1:58622
TpTrace Verbose: 0 : 14492, 11, 2022/12/10, 13:11:31.563, 141605349885, vstest.console.dll, TcpClientExtensions.MessageLoopAsync: NotifyDataAvailable remoteEndPoint: 127.0.0.1:58623 localEndPoint: 127.0.0.1:58622
TpTrace Verbose: 0 : 14492, 11, 2022/12/10, 13:11:31.564, 141605350401, vstest.console.dll, TestRequestSender.OnExecutionMessageReceived: Received message: {"Version":7,"MessageType":"TestSession.Message","Payload":{"MessageLevel":0,"Message":"[xUnit.net 00:00:04.02]         D:\\Documents\\GitHub\\VetAppointment_.NET\\VetAppointment - APIs + Tests\\VetAppointment - Working\\VetAppointment.Integration.Test\\BaseIntegrationTests.cs(31,0): at VetAppointment.Integration.Tests.BaseIntegrationTests.CleanDatabases()"}}
TpTrace Verbose: 0 : 14492, 11, 2022/12/10, 13:11:31.564, 141605351001, vstest.console.dll, TestRunRequest:SendTestRunMessage: Starting.
TpTrace Verbose: 0 : 14492, 11, 2022/12/10, 13:11:31.564, 141605351435, vstest.console.dll, MulticastDelegateUtilities.SafeInvoke: TestRun.LogMessages: Invoking callback 1/1 for Microsoft.VisualStudio.TestPlatform.CommandLine.TestRunResultAggregator., took 0 ms.
TpTrace Verbose: 0 : 14492, 4, 2022/12/10, 13:11:31.564, 141605351601, vstest.console.dll, MulticastDelegateUtilities.SafeInvoke: InternalTestLoggerEvents.SendTestRunMessage: Invoking callback 1/1 for Microsoft.VisualStudio.TestPlatform.CommandLine.Internal.ConsoleLogger., took 0 ms.
TpTrace Information: 0 : 14492, 11, 2022/12/10, 13:11:31.564, 141605351737, vstest.console.dll, TestRunRequest:SendTestRunMessage: Completed.
TpTrace Verbose: 0 : 14492, 11, 2022/12/10, 13:11:31.564, 141605352511, vstest.console.dll, MulticastDelegateUtilities.SafeInvoke: LengthPrefixCommunicationChannel: MessageReceived: Invoking callback 1/1 for Microsoft.VisualStudio.TestPlatform.CommunicationUtilities.TestRequestSender+<>c__DisplayClass31_0., took 0 ms.
TpTrace Verbose: 0 : 14492, 11, 2022/12/10, 13:11:31.564, 141605352801, vstest.console.dll, TcpClientExtensions.MessageLoopAsync: Polling on remoteEndPoint: 127.0.0.1:58623 localEndPoint: 127.0.0.1:58622
TpTrace Verbose: 0 : 14492, 11, 2022/12/10, 13:11:31.564, 141605353144, vstest.console.dll, TcpClientExtensions.MessageLoopAsync: NotifyDataAvailable remoteEndPoint: 127.0.0.1:58623 localEndPoint: 127.0.0.1:58622
TpTrace Verbose: 0 : 14492, 11, 2022/12/10, 13:11:31.564, 141605353636, vstest.console.dll, TestRequestSender.OnExecutionMessageReceived: Received message: {"Version":7,"MessageType":"TestSession.Message","Payload":{"MessageLevel":0,"Message":"[xUnit.net 00:00:04.02]         D:\\Documents\\GitHub\\VetAppointment_.NET\\VetAppointment - APIs + Tests\\VetAppointment - Working\\VetAppointment.Integration.Test\\VetClinicsControllerTests_.cs(178,0): at VetAppointment.Integration.Tests.VetClinicsControllerTests.Dispose()"}}
TpTrace Verbose: 0 : 14492, 11, 2022/12/10, 13:11:31.564, 141605354166, vstest.console.dll, TestRunRequest:SendTestRunMessage: Starting.
TpTrace Verbose: 0 : 14492, 11, 2022/12/10, 13:11:31.564, 141605354599, vstest.console.dll, MulticastDelegateUtilities.SafeInvoke: TestRun.LogMessages: Invoking callback 1/1 for Microsoft.VisualStudio.TestPlatform.CommandLine.TestRunResultAggregator., took 0 ms.
TpTrace Verbose: 0 : 14492, 4, 2022/12/10, 13:11:31.564, 141605354769, vstest.console.dll, MulticastDelegateUtilities.SafeInvoke: InternalTestLoggerEvents.SendTestRunMessage: Invoking callback 1/1 for Microsoft.VisualStudio.TestPlatform.CommandLine.Internal.ConsoleLogger., took 0 ms.
TpTrace Information: 0 : 14492, 11, 2022/12/10, 13:11:31.564, 141605354959, vstest.console.dll, TestRunRequest:SendTestRunMessage: Completed.
TpTrace Verbose: 0 : 14492, 11, 2022/12/10, 13:11:31.564, 141605355892, vstest.console.dll, MulticastDelegateUtilities.SafeInvoke: LengthPrefixCommunicationChannel: MessageReceived: Invoking callback 1/1 for Microsoft.VisualStudio.TestPlatform.CommunicationUtilities.TestRequestSender+<>c__DisplayClass31_0., took 0 ms.
TpTrace Verbose: 0 : 14492, 11, 2022/12/10, 13:11:31.564, 141605356188, vstest.console.dll, TcpClientExtensions.MessageLoopAsync: Polling on remoteEndPoint: 127.0.0.1:58623 localEndPoint: 127.0.0.1:58622
TpTrace Verbose: 0 : 14492, 11, 2022/12/10, 13:11:31.564, 141605356530, vstest.console.dll, TcpClientExtensions.MessageLoopAsync: NotifyDataAvailable remoteEndPoint: 127.0.0.1:58623 localEndPoint: 127.0.0.1:58622
TpTrace Verbose: 0 : 14492, 11, 2022/12/10, 13:11:31.564, 141605356987, vstest.console.dll, TestRequestSender.OnExecutionMessageReceived: Received message: {"Version":7,"MessageType":"TestSession.Message","Payload":{"MessageLevel":0,"Message":"[xUnit.net 00:00:04.02]         /_/src/xunit.execution/Extensions/ReflectionAbstractionExtensions.cs(79,0): at ReflectionAbstractionExtensions.DisposeTestClass(ITest test, Object testClass, IMessageBus messageBus, ExecutionTimer timer, CancellationTokenSource cancellationTokenSource)"}}
TpTrace Verbose: 0 : 14492, 11, 2022/12/10, 13:11:31.564, 141605357677, vstest.console.dll, TestRunRequest:SendTestRunMessage: Starting.
TpTrace Verbose: 0 : 14492, 11, 2022/12/10, 13:11:31.564, 141605358088, vstest.console.dll, MulticastDelegateUtilities.SafeInvoke: TestRun.LogMessages: Invoking callback 1/1 for Microsoft.VisualStudio.TestPlatform.CommandLine.TestRunResultAggregator., took 0 ms.
TpTrace Verbose: 0 : 14492, 4, 2022/12/10, 13:11:31.564, 141605358260, vstest.console.dll, MulticastDelegateUtilities.SafeInvoke: InternalTestLoggerEvents.SendTestRunMessage: Invoking callback 1/1 for Microsoft.VisualStudio.TestPlatform.CommandLine.Internal.ConsoleLogger., took 0 ms.
TpTrace Information: 0 : 14492, 11, 2022/12/10, 13:11:31.564, 141605358368, vstest.console.dll, TestRunRequest:SendTestRunMessage: Completed.
TpTrace Verbose: 0 : 14492, 11, 2022/12/10, 13:11:31.564, 141605359157, vstest.console.dll, MulticastDelegateUtilities.SafeInvoke: LengthPrefixCommunicationChannel: MessageReceived: Invoking callback 1/1 for Microsoft.VisualStudio.TestPlatform.CommunicationUtilities.TestRequestSender+<>c__DisplayClass31_0., took 0 ms.
TpTrace Verbose: 0 : 14492, 11, 2022/12/10, 13:11:31.564, 141605359429, vstest.console.dll, TcpClientExtensions.MessageLoopAsync: Polling on remoteEndPoint: 127.0.0.1:58623 localEndPoint: 127.0.0.1:58622
TpTrace Verbose: 0 : 14492, 11, 2022/12/10, 13:11:32.168, 141611394095, vstest.console.dll, TcpClientExtensions.MessageLoopAsync: NotifyDataAvailable remoteEndPoint: 127.0.0.1:58623 localEndPoint: 127.0.0.1:58622
TpTrace Verbose: 0 : 14492, 11, 2022/12/10, 13:11:32.168, 141611395417, vstest.console.dll, TestRequestSender.OnExecutionMessageReceived: Received message: {"Version":7,"MessageType":"TestSession.Message","Payload":{"MessageLevel":0,"Message":"[xUnit.net 00:00:04.63]   Finished:    VetAppointment.Integration.Test"}}
TpTrace Verbose: 0 : 14492, 11, 2022/12/10, 13:11:32.168, 141611396820, vstest.console.dll, TestRunRequest:SendTestRunMessage: Starting.
TpTrace Verbose: 0 : 14492, 11, 2022/12/10, 13:11:32.168, 141611397359, vstest.console.dll, MulticastDelegateUtilities.SafeInvoke: TestRun.LogMessages: Invoking callback 1/1 for Microsoft.VisualStudio.TestPlatform.CommandLine.TestRunResultAggregator., took 0 ms.
TpTrace Verbose: 0 : 14492, 4, 2022/12/10, 13:11:32.168, 141611397613, vstest.console.dll, MulticastDelegateUtilities.SafeInvoke: InternalTestLoggerEvents.SendTestRunMessage: Invoking callback 1/1 for Microsoft.VisualStudio.TestPlatform.CommandLine.Internal.ConsoleLogger., took 0 ms.
TpTrace Information: 0 : 14492, 11, 2022/12/10, 13:11:32.168, 141611397692, vstest.console.dll, TestRunRequest:SendTestRunMessage: Completed.
TpTrace Verbose: 0 : 14492, 11, 2022/12/10, 13:11:32.168, 141611398739, vstest.console.dll, MulticastDelegateUtilities.SafeInvoke: LengthPrefixCommunicationChannel: MessageReceived: Invoking callback 1/1 for Microsoft.VisualStudio.TestPlatform.CommunicationUtilities.TestRequestSender+<>c__DisplayClass31_0., took 0 ms.
TpTrace Verbose: 0 : 14492, 11, 2022/12/10, 13:11:32.168, 141611399078, vstest.console.dll, TcpClientExtensions.MessageLoopAsync: Polling on remoteEndPoint: 127.0.0.1:58623 localEndPoint: 127.0.0.1:58622
TpTrace Verbose: 0 : 14492, 11, 2022/12/10, 13:11:32.189, 141611608330, vstest.console.dll, TcpClientExtensions.MessageLoopAsync: NotifyDataAvailable remoteEndPoint: 127.0.0.1:58623 localEndPoint: 127.0.0.1:58622
TpTrace Verbose: 0 : 14492, 11, 2022/12/10, 13:11:32.190, 141611611050, vstest.console.dll, TestRequestSender.OnExecutionMessageReceived: Received message: {"Version":7,"MessageType":"TestExecution.Completed","Payload":{"TestRunCompleteArgs":{"TestRunStatistics":{"ExecutedTests":10,"Stats":{"Passed":8,"Failed":2}},"IsCanceled":false,"IsAborted":false,"Error":null,"AttachmentSets":[],"InvokedDataCollectors":[],"ElapsedTimeInRunningTests":"00:00:04.6381116","Metrics":{},"DiscoveredExtensions":{"TestDiscoverers":["Xunit.Runner.VisualStudio.VsTestRunner, xunit.runner.visualstudio.dotnetcore.testadapter, Version=2.4.0.0, Culture=neutral, PublicKeyToken=8d05b1bb7a6fdb6c"],"TestExecutors":["executor://xunit/VsTestRunner2/netcoreapp"],"TestExecutors2":[],"TestSettingsProviders":[]}},"LastRunTests":{"NewTestResults":[{"TestCase":{"Id":"08b8d152-1022-9ce2-a2d9-8ed2bb51d612","FullyQualifiedName":"VetAppointment.Integration.Tests.PetOwnersControllerTests.When_RegisterEmptyListOfPetsToOwner_Then_ShouldReturnBadRequestAsync","DisplayName":"VetAppointment.Integration.Tests.PetOwnersControllerTests.When_RegisterEmptyListOfPetsToOwner_Then_ShouldReturnBadRequestAsync","ExecutorUri":"executor://xunit/VsTestRunner2/netcoreapp","Source":"D:\\Documents\\GitHub\\VetAppointment_.NET\\VetAppointment - APIs + Tests\\VetAppointment - Working\\VetAppointment.Integration.Test\\bin\\Debug\\net7.0\\fine-code-coverage\\build-output\\VetAppointment.Integration.Test.dll","CodeFilePath":null,"LineNumber":0,"Properties":[]},"Attachments":[],"Outcome":2,"ErrorMessage":"Microsoft.EntityFrameworkCore.DbUpdateConcurrencyException : The database operation was expected to affect 1 row(s), but actually affected 0 row(s); data may have been modified or deleted since entities were loaded. See http://go.microsoft.com/fwlink/?LinkId=527962 for information on understanding and handling optimistic concurrency exceptions.","ErrorStackTrace":"   at Microsoft.EntityFrameworkCore.Update.AffectedCountModificationCommandBatch.ThrowAggregateUpdateConcurrencyException(RelationalDataReader reader, Int32 commandIndex, Int32 expectedRowsAffected, Int32 rowsAffected)\r\n   at Microsoft.EntityFrameworkCore.Update.AffectedCountModificationCommandBatch.ConsumeResultSetWithRowsAffectedOnly(Int32 commandIndex, RelationalDataReader reader)\r\n   at Microsoft.EntityFrameworkCore.Update.AffectedCountModificationCommandBatch.Consume(RelationalDataReader reader)\r\n   at Microsoft.EntityFrameworkCore.Update.ReaderModificationCommandBatch.Execute(IRelationalConnection connection)\r\n   at Microsoft.EntityFrameworkCore.Update.Internal.BatchExecutor.Execute(IEnumerable`1 commandBatches, IRelationalConnection connection)\r\n   at Microsoft.EntityFrameworkCore.Storage.RelationalDatabase.SaveChanges(IList`1 entries)\r\n   at Microsoft.EntityFrameworkCore.ChangeTracking.Internal.StateManager.SaveChanges(IList`1 entriesToSave)\r\n   at Microsoft.EntityFrameworkCore.ChangeTracking.Internal.StateManager.SaveChanges(StateManager stateManager, Boolean acceptAllChangesOnSuccess)\r\n   at Microsoft.EntityFrameworkCore.ChangeTracking.Internal.StateManager.<>c.<SaveChanges>b__107_0(DbContext _, ValueTuple`2 t)\r\n   at Microsoft.EntityFrameworkCore.Storage.NonRetryingExecutionStrategy.Execute[TState,TResult](TState state, Func`3 operation, Func`3 verifySucceeded)\r\n   at Microsoft.EntityFrameworkCore.ChangeTracking.Internal.StateManager.SaveChanges(Boolean acceptAllChangesOnSuccess)\r\n   at Microsoft.EntityFrameworkCore.DbContext.SaveChanges(Boolean acceptAllChangesOnSuccess)\r\n   at Microsoft.EntityFrameworkCore.DbContext.SaveChanges()\r\n   at VetAppointment.Integration.Tests.BaseIntegrationTests.CleanDatabases() in D:\\Documents\\GitHub\\VetAppointment_.NET\\VetAppointment - APIs + Tests\\VetAppointment - Working\\VetAppointment.Integration.Test\\BaseIntegrationTests.cs:line 31\r\n   at VetAppointment.Integration.Tests.PetOwnersControllerTests.Dispose() in D:\\Documents\\GitHub\\VetAppointment_.NET\\VetAppointment - APIs + Tests\\VetAppointment - Working\\VetAppointment.Integration.Test\\PetOwnersControllerTests.cs:line 67\r\n   at ReflectionAbstractionExtensions.DisposeTestClass(ITest test, Object testClass, IMessageBus messageBus, ExecutionTimer timer, CancellationTokenSource cancellationTokenSource) in /_/src/xunit.execution/Extensions/ReflectionAbstractionExtensions.cs:line 79","DisplayName":"VetAppointment.Integration.Tests.PetOwnersControllerTests.When_RegisterEmptyListOfPetsToOwner_Then_ShouldReturnBadRequestAsync","Messages":[],"ComputerName":"IOLAPTOP","Duration":"00:00:02.3943716","StartTime":"2022-12-10T11:11:30.966888+00:00","EndTime":"2022-12-10T11:11:30.9668882+00:00","Properties":[]},{"TestCase":{"Id":"e984eb38-11c6-5734-52aa-714b1640b380","FullyQualifiedName":"VetAppointment.Integration.Tests.VetClinicsControllerTests.When_CreateClinic_Then_ShouldReturnClinicInTheGetRequestAsync","DisplayName":"VetAppointment.Integration.Tests.VetClinicsControllerTests.When_CreateClinic_Then_ShouldReturnClinicInTheGetRequestAsync","ExecutorUri":"executor://xunit/VsTestRunner2/netcoreapp","Source":"D:\\Documents\\GitHub\\VetAppointment_.NET\\VetAppointment - APIs + Tests\\VetAppointment - Working\\VetAppointment.Integration.Test\\bin\\Debug\\net7.0\\fine-code-coverage\\build-output\\VetAppointment.Integration.Test.dll","CodeFilePath":null,"LineNumber":0,"Properties":[]},"Attachments":[],"Outcome":1,"ErrorMessage":null,"ErrorStackTrace":null,"DisplayName":"VetAppointment.Integration.Tests.VetClinicsControllerTests.When_CreateClinic_Then_ShouldReturnClinicInTheGetRequestAsync","Messages":[],"ComputerName":"IOLAPTOP","Duration":"00:00:00.2732903","StartTime":"2022-12-10T11:11:31.1438197+00:00","EndTime":"2022-12-10T11:11:31.1438199+00:00","Properties":[]},{"TestCase":{"Id":"f0410b2c-8ec7-b902-41a5-83b6e82e3ea4","FullyQualifiedName":"VetAppointment.Integration.Tests.PetOwnersControllerTests.When_RegisterPetsToOwner_Then_ShouldSavePetsToOwnerAsync","DisplayName":"VetAppointment.Integration.Tests.PetOwnersControllerTests.When_RegisterPetsToOwner_Then_ShouldSavePetsToOwnerAsync","ExecutorUri":"executor://xunit/VsTestRunner2/netcoreapp","Source":"D:\\Documents\\GitHub\\VetAppointment_.NET\\VetAppointment - APIs + Tests\\VetAppointment - Working\\VetAppointment.Integration.Test\\bin\\Debug\\net7.0\\fine-code-coverage\\build-output\\VetAppointment.Integration.Test.dll","CodeFilePath":null,"LineNumber":0,"Properties":[]},"Attachments":[],"Outcome":1,"ErrorMessage":null,"ErrorStackTrace":null,"DisplayName":"VetAppointment.Integration.Tests.PetOwnersControllerTests.When_RegisterPetsToOwner_Then_ShouldSavePetsToOwnerAsync","Messages":[],"ComputerName":"IOLAPTOP","Duration":"00:00:00.4335159","StartTime":"2022-12-10T11:11:31.3891962+00:00","EndTime":"2022-12-10T11:11:31.3891964+00:00","Properties":[]},{"TestCase":{"Id":"4bbe5bf7-b762-2436-f0d6-a13e409189da","FullyQualifiedName":"VetAppointment.Integration.Tests.VetClinicsControllerTests.When_UpdateVet_Then_ShouldUpdateVetInClinic","DisplayName":"VetAppointment.Integration.Tests.VetClinicsControllerTests.When_UpdateVet_Then_ShouldUpdateVetInClinic","ExecutorUri":"executor://xunit/VsTestRunner2/netcoreapp","Source":"D:\\Documents\\GitHub\\VetAppointment_.NET\\VetAppointment - APIs + Tests\\VetAppointment - Working\\VetAppointment.Integration.Test\\bin\\Debug\\net7.0\\fine-code-coverage\\build-output\\VetAppointment.Integration.Test.dll","CodeFilePath":null,"LineNumber":0,"Properties":[]},"Attachments":[],"Outcome":2,"ErrorMessage":"Microsoft.EntityFrameworkCore.DbUpdateConcurrencyException : The database operation was expected to affect 1 row(s), but actually affected 0 row(s); data may have been modified or deleted since entities were loaded. See http://go.microsoft.com/fwlink/?LinkId=527962 for information on understanding and handling optimistic concurrency exceptions.","ErrorStackTrace":"   at Microsoft.EntityFrameworkCore.Update.AffectedCountModificationCommandBatch.ThrowAggregateUpdateConcurrencyException(RelationalDataReader reader, Int32 commandIndex, Int32 expectedRowsAffected, Int32 rowsAffected)\r\n   at Microsoft.EntityFrameworkCore.Update.AffectedCountModificationCommandBatch.ConsumeResultSetWithRowsAffectedOnly(Int32 commandIndex, RelationalDataReader reader)\r\n   at Microsoft.EntityFrameworkCore.Update.AffectedCountModificationCommandBatch.Consume(RelationalDataReader reader)\r\n   at Microsoft.EntityFrameworkCore.Update.ReaderModificationCommandBatch.Execute(IRelationalConnection connection)\r\n   at Microsoft.EntityFrameworkCore.Update.Internal.BatchExecutor.Execute(IEnumerable`1 commandBatches, IRelationalConnection connection)\r\n   at Microsoft.EntityFrameworkCore.Storage.RelationalDatabase.SaveChanges(IList`1 entries)\r\n   at Microsoft.EntityFrameworkCore.ChangeTracking.Internal.StateManager.SaveChanges(IList`1 entriesToSave)\r\n   at Microsoft.EntityFrameworkCore.ChangeTracking.Internal.StateManager.SaveChanges(StateManager stateManager, Boolean acceptAllChangesOnSuccess)\r\n   at Microsoft.EntityFrameworkCore.ChangeTracking.Internal.StateManager.<>c.<SaveChanges>b__107_0(DbContext _, ValueTuple`2 t)\r\n   at Microsoft.EntityFrameworkCore.Storage.NonRetryingExecutionStrategy.Execute[TState,TResult](TState state, Func`3 operation, Func`3 verifySucceeded)\r\n   at Microsoft.EntityFrameworkCore.ChangeTracking.Internal.StateManager.SaveChanges(Boolean acceptAllChangesOnSuccess)\r\n   at Microsoft.EntityFrameworkCore.DbContext.SaveChanges(Boolean acceptAllChangesOnSuccess)\r\n   at Microsoft.EntityFrameworkCore.DbContext.SaveChanges()\r\n   at VetAppointment.Integration.Tests.BaseIntegrationTests.CleanDatabases() in D:\\Documents\\GitHub\\VetAppointment_.NET\\VetAppointment - APIs + Tests\\VetAppointment - Working\\VetAppointment.Integration.Test\\BaseIntegrationTests.cs:line 31\r\n   at VetAppointment.Integration.Tests.VetClinicsControllerTests.Dispose() in D:\\Documents\\GitHub\\VetAppointment_.NET\\VetAppointment - APIs + Tests\\VetAppointment - Working\\VetAppointment.Integration.Test\\VetClinicsControllerTests_.cs:line 178\r\n   at ReflectionAbstractionExtensions.DisposeTestClass(ITest test, Object testClass, IMessageBus messageBus, ExecutionTimer timer, CancellationTokenSource cancellationTokenSource) in /_/src/xunit.execution/Extensions/ReflectionAbstractionExtensions.cs:line 79","DisplayName":"VetAppointment.Integration.Tests.VetClinicsControllerTests.When_UpdateVet_Then_ShouldUpdateVetInClinic","Messages":[],"ComputerName":"IOLAPTOP","Duration":"00:00:00.3945968","StartTime":"2022-12-10T11:11:31.558648+00:00","EndTime":"2022-12-10T11:11:31.5586482+00:00","Properties":[]},{"TestCase":{"Id":"45aa85eb-6c29-4251-fe14-174758b30a7b","FullyQualifiedName":"VetAppointment.Integration.Tests.VetClinicsControllerTests.When_DeleteClinic_Then_ShouldDeleteClinic","DisplayName":"VetAppointment.Integration.Tests.VetClinicsControllerTests.When_DeleteClinic_Then_ShouldDeleteClinic","ExecutorUri":"executor://xunit/VsTestRunner2/netcoreapp","Source":"D:\\Documents\\GitHub\\VetAppointment_.NET\\VetAppointment - APIs + Tests\\VetAppointment - Working\\VetAppointment.Integration.Test\\bin\\Debug\\net7.0\\fine-code-coverage\\build-output\\VetAppointment.Integration.Test.dll","CodeFilePath":null,"LineNumber":0,"Properties":[]},"Attachments":[],"Outcome":1,"ErrorMessage":null,"ErrorStackTrace":null,"DisplayName":"VetAppointment.Integration.Tests.VetClinicsControllerTests.When_DeleteClinic_Then_ShouldDeleteClinic","Messages":[],"ComputerName":"IOLAPTOP","Duration":"00:00:00.1948261","StartTime":"2022-12-10T11:11:31.7339957+00:00","EndTime":"2022-12-10T11:11:31.733996+00:00","Properties":[]},{"TestCase":{"Id":"cc9286cb-4d8c-1268-4a97-dae4fc8f5e9c","FullyQualifiedName":"VetAppointment.Integration.Tests.VetClinicsControllerTests.When_RegisterEmptyListOfPetsToClinic_Then_ShouldReturnBadRequestAsync","DisplayName":"VetAppointment.Integration.Tests.VetClinicsControllerTests.When_RegisterEmptyListOfPetsToClinic_Then_ShouldReturnBadRequestAsync","ExecutorUri":"executor://xunit/VsTestRunner2/netcoreapp","Source":"D:\\Documents\\GitHub\\VetAppointment_.NET\\VetAppointment - APIs + Tests\\VetAppointment - Working\\VetAppointment.Integration.Test\\bin\\Debug\\net7.0\\fine-code-coverage\\build-output\\VetAppointment.Integration.Test.dll","CodeFilePath":null,"LineNumber":0,"Properties":[]},"Attachments":[],"Outcome":1,"ErrorMessage":null,"ErrorStackTrace":null,"DisplayName":"VetAppointment.Integration.Tests.VetClinicsControllerTests.When_RegisterEmptyListOfPetsToClinic_Then_ShouldReturnBadRequestAsync","Messages":[],"ComputerName":"IOLAPTOP","Duration":"00:00:00.1175749","StartTime":"2022-12-10T11:11:31.8518929+00:00","EndTime":"2022-12-10T11:11:31.8518931+00:00","Properties":[]},{"TestCase":{"Id":"61d0a139-e129-ee98-2917-b98112bcc029","FullyQualifiedName":"VetAppointment.Integration.Tests.VetClinicsControllerTests.When_DeleteVet_Then_ShouldDeleteVetFromClinic","DisplayName":"VetAppointment.Integration.Tests.VetClinicsControllerTests.When_DeleteVet_Then_ShouldDeleteVetFromClinic","ExecutorUri":"executor://xunit/VsTestRunner2/netcoreapp","Source":"D:\\Documents\\GitHub\\VetAppointment_.NET\\VetAppointment - APIs + Tests\\VetAppointment - Working\\VetAppointment.Integration.Test\\bin\\Debug\\net7.0\\fine-code-coverage\\build-output\\VetAppointment.Integration.Test.dll","CodeFilePath":null,"LineNumber":0,"Properties":[]},"Attachments":[],"Outcome":1,"ErrorMessage":null,"ErrorStackTrace":null,"DisplayName":"VetAppointment.Integration.Tests.VetClinicsControllerTests.When_DeleteVet_Then_ShouldDeleteVetFromClinic","Messages":[],"ComputerName":"IOLAPTOP","Duration":"00:00:00.1636825","StartTime":"2022-12-10T11:11:32.0156669+00:00","EndTime":"2022-12-10T11:11:32.0156672+00:00","Properties":[]},{"TestCase":{"Id":"b52b9102-8849-988e-4f3f-6ab21a88e59b","FullyQualifiedName":"VetAppointment.Integration.Tests.VetClinicsControllerTests.When_RegisterPetsFamilyToClinic_Then_ShouldSavePetsInClinicAsync","DisplayName":"VetAppointment.Integration.Tests.VetClinicsControllerTests.When_RegisterPetsFamilyToClinic_Then_ShouldSavePetsInClinicAsync","ExecutorUri":"executor://xunit/VsTestRunner2/netcoreapp","Source":"D:\\Documents\\GitHub\\VetAppointment_.NET\\VetAppointment - APIs + Tests\\VetAppointment - Working\\VetAppointment.Integration.Test\\bin\\Debug\\net7.0\\fine-code-coverage\\build-output\\VetAppointment.Integration.Test.dll","CodeFilePath":null,"LineNumber":0,"Properties":[]},"Attachments":[],"Outcome":1,"ErrorMessage":null,"ErrorStackTrace":null,"DisplayName":"VetAppointment.Integration.Tests.VetClinicsControllerTests.When_RegisterPetsFamilyToClinic_Then_ShouldSavePetsInClinicAsync","Messages":[],"ComputerName":"IOLAPTOP","Duration":"00:00:00.1446652","StartTime":"2022-12-10T11:11:32.1606211+00:00","EndTime":"2022-12-10T11:11:32.1606216+00:00","Properties":[]}],"TestRunStatistics":{"ExecutedTests":10,"Stats":{"Passed":8,"Failed":2}},"ActiveTests":[]},"RunAttachments":[],"ExecutorUris":["executor://xunit/VsTestRunner2/netcoreapp"]}}
TpTrace Verbose: 0 : 14492, 11, 2022/12/10, 13:11:32.190, 141611613040, vstest.console.dll, TestRequestSender.EndSession: Sending end session.
TpTrace Verbose: 0 : 14492, 11, 2022/12/10, 13:11:32.190, 141611614719, vstest.console.dll, ProxyOperationManager.Close: waiting for test host to exit for 100 ms
TpTrace Warning: 0 : 14492, 10, 2022/12/10, 13:11:32.236, 141612078639, vstest.console.dll, TestHostManagerCallbacks.ErrorReceivedCallback Test host standard error line: 
TpTrace Verbose: 0 : 14492, 10, 2022/12/10, 13:11:32.271, 141612424709, vstest.console.dll, TestHostProvider.ExitCallBack: Host exited starting callback.
TpTrace Information: 0 : 14492, 10, 2022/12/10, 13:11:32.271, 141612426637, vstest.console.dll, TestHostManagerCallbacks.ExitCallBack: Testhost processId: 20944 exited with exitcode: 0 error: ''
TpTrace Verbose: 0 : 14492, 10, 2022/12/10, 13:11:32.271, 141612427108, vstest.console.dll, DotnetTestHostManager.OnHostExited: invoking OnHostExited callback
TpTrace Verbose: 0 : 14492, 10, 2022/12/10, 13:11:32.271, 141612427539, vstest.console.dll, CrossPlatEngine.TestHostManagerHostExited: calling on client process exit callback.
TpTrace Information: 0 : 14492, 10, 2022/12/10, 13:11:32.271, 141612428042, vstest.console.dll, TestRequestSender.OnClientProcessExit: Test host process exited. Standard error: 
TpTrace Information: 0 : 14492, 10, 2022/12/10, 13:11:32.271, 141612428451, vstest.console.dll, SocketServer.Stop: Stop server endPoint: 127.0.0.1:58622
TpTrace Information: 0 : 14492, 10, 2022/12/10, 13:11:32.271, 141612428781, vstest.console.dll, SocketServer.Stop: Cancellation requested. Stopping message loop.
TpTrace Information: 0 : 14492, 11, 2022/12/10, 13:11:32.271, 141612429283, vstest.console.dll, SocketServer.Stop: Stop server endPoint: 127.0.0.1:58622
TpTrace Information: 0 : 14492, 11, 2022/12/10, 13:11:32.271, 141612429873, vstest.console.dll, SocketServer.Stop: Cancellation requested. Stopping message loop.
TpTrace Verbose: 0 : 14492, 10, 2022/12/10, 13:11:32.271, 141612429584, vstest.console.dll, MulticastDelegateUtilities.SafeInvoke: HostProviderEvents.OnHostExited: Invoking callback 1/1 for Microsoft.VisualStudio.TestPlatform.CrossPlatEngine.Client.ProxyOperationManager., took 0 ms.
TpTrace Information: 0 : 14492, 11, 2022/12/10, 13:11:32.272, 141612430343, vstest.console.dll, Closing the connection
TpTrace Verbose: 0 : 14492, 11, 2022/12/10, 13:11:32.272, 141612433147, vstest.console.dll, ProxyDataCollectionManager.InvokeDataCollectionServiceAction: Starting.
TpTrace Information: 0 : 14492, 11, 2022/12/10, 13:11:32.272, 141612433616, vstest.console.dll, ProxyDataCollectionManager.AfterTestRunEnd: Get attachment set and invoked data collectors processId: 4756 port: 58619
TpTrace Verbose: 0 : 14492, 11, 2022/12/10, 13:11:32.272, 141612434055, vstest.console.dll, DataCollectionRequestSender.SendAfterTestRunStartAndGetResult: Send AfterTestRunEnd message with isCancelled: False
TpTrace Verbose: 0 : 14492, 11, 2022/12/10, 13:11:32.279, 141612508028, vstest.console.dll, DataCollectionRequestSender.SendAfterTestRunStartAndGetResult: Received message: (DataCollection.AfterTestRunEndResult) -> {"MessageType":"DataCollection.AfterTestRunEndResult","Payload":{"AttachmentSets":[],"InvokedDataCollectors":[{"Uri":"datacollector://Microsoft/TestPlatform/Extensions/Blame/v1","FriendlyName":"Blame","AssemblyQualifiedName":"Microsoft.TestPlatform.Extensions.BlameDataCollector.BlameCollector, Microsoft.TestPlatform.Extensions.BlameDataCollector, Version=15.0.0.0, Culture=neutral, PublicKeyToken=b03f5f7f11d50a3a","FilePath":"C:\\Program Files\\dotnet\\sdk\\7.0.100\\Extensions\\Microsoft.TestPlatform.Extensions.BlameDataCollector.dll","HasAttachmentProcessor":false}],"Metrics":{}}}
TpTrace Warning: 0 : 14492, 8, 2022/12/10, 13:11:32.285, 141612567353, vstest.console.dll, DataCollectionLauncher.ErrorReceivedCallback datacollector standard error line: 
TpTrace Information: 0 : 14492, 11, 2022/12/10, 13:11:32.286, 141612570138, vstest.console.dll, ProxyDataCollectionManager.InvokeDataCollectionServiceAction: Completed.
TpTrace Information: 0 : 14492, 8, 2022/12/10, 13:11:32.294, 141612658640, vstest.console.dll, DataCollectionLauncher.ExitCallBack: Data collector exited with exitcode: 0 error: ''
TpTrace Verbose: 0 : 14492, 11, 2022/12/10, 13:11:32.322, 141612930652, vstest.console.dll, TestRunRequest:SendTestRunStatsChange: Starting.
TpTrace Verbose: 0 : 14492, 11, 2022/12/10, 13:11:32.322, 141612931741, vstest.console.dll, MulticastDelegateUtilities.SafeInvoke: TestRun.RunStatsChanged: Invoking callbacks was skipped because there are no subscribers.
TpTrace Information: 0 : 14492, 11, 2022/12/10, 13:11:32.322, 141612932065, vstest.console.dll, TestRunRequest:SendTestRunStatsChange: Completed.
TpTrace Verbose: 0 : 14492, 11, 2022/12/10, 13:11:32.322, 141612938907, vstest.console.dll, ParallelProxyExecutionManager: HandlePartialRunComplete: Total completed clients = 1, Run complete = True, Run canceled: False.
TpTrace Verbose: 0 : 14492, 4, 2022/12/10, 13:11:32.323, 141612944639, vstest.console.dll, MulticastDelegateUtilities.SafeInvoke: InternalTestLoggerEvents.SendTestResult: Invoking callback 1/1 for Microsoft.VisualStudio.TestPlatform.CommandLine.Internal.ConsoleLogger., took 1 ms.
TpTrace Verbose: 0 : 14492, 4, 2022/12/10, 13:11:32.323, 141612945898, vstest.console.dll, MulticastDelegateUtilities.SafeInvoke: InternalTestLoggerEvents.SendTestResult: Invoking callback 1/1 for Microsoft.VisualStudio.TestPlatform.CommandLine.Internal.ConsoleLogger., took 0 ms.
TpTrace Verbose: 0 : 14492, 4, 2022/12/10, 13:11:32.323, 141612946354, vstest.console.dll, MulticastDelegateUtilities.SafeInvoke: InternalTestLoggerEvents.SendTestResult: Invoking callback 1/1 for Microsoft.VisualStudio.TestPlatform.CommandLine.Internal.ConsoleLogger., took 0 ms.
TpTrace Verbose: 0 : 14492, 4, 2022/12/10, 13:11:32.323, 141612949075, vstest.console.dll, MulticastDelegateUtilities.SafeInvoke: InternalTestLoggerEvents.SendTestResult: Invoking callback 1/1 for Microsoft.VisualStudio.TestPlatform.CommandLine.Internal.ConsoleLogger., took 0 ms.
TpTrace Verbose: 0 : 14492, 4, 2022/12/10, 13:11:32.323, 141612949871, vstest.console.dll, MulticastDelegateUtilities.SafeInvoke: InternalTestLoggerEvents.SendTestResult: Invoking callback 1/1 for Microsoft.VisualStudio.TestPlatform.CommandLine.Internal.ConsoleLogger., took 0 ms.
TpTrace Verbose: 0 : 14492, 4, 2022/12/10, 13:11:32.324, 141612950302, vstest.console.dll, MulticastDelegateUtilities.SafeInvoke: InternalTestLoggerEvents.SendTestResult: Invoking callback 1/1 for Microsoft.VisualStudio.TestPlatform.CommandLine.Internal.ConsoleLogger., took 0 ms.
TpTrace Verbose: 0 : 14492, 4, 2022/12/10, 13:11:32.324, 141612950702, vstest.console.dll, MulticastDelegateUtilities.SafeInvoke: InternalTestLoggerEvents.SendTestResult: Invoking callback 1/1 for Microsoft.VisualStudio.TestPlatform.CommandLine.Internal.ConsoleLogger., took 0 ms.
TpTrace Verbose: 0 : 14492, 4, 2022/12/10, 13:11:32.324, 141612951071, vstest.console.dll, MulticastDelegateUtilities.SafeInvoke: InternalTestLoggerEvents.SendTestResult: Invoking callback 1/1 for Microsoft.VisualStudio.TestPlatform.CommandLine.Internal.ConsoleLogger., took 0 ms.
TpTrace Verbose: 0 : 14492, 4, 2022/12/10, 13:11:32.334, 141613055057, vstest.console.dll, MulticastDelegateUtilities.SafeInvoke: InternalTestLoggerEvents.SendTestRunComplete: Invoking callback 1/2 for Microsoft.TestPlatform.Extensions.BlameDataCollector.BlameLogger., took 0 ms.
TpTrace Verbose: 0 : 14492, 4, 2022/12/10, 13:11:32.340, 141613119385, vstest.console.dll, MulticastDelegateUtilities.SafeInvoke: InternalTestLoggerEvents.SendTestRunComplete: Invoking callback 2/2 for Microsoft.VisualStudio.TestPlatform.CommandLine.Internal.ConsoleLogger., took 6 ms.
TpTrace Verbose: 0 : 14492, 11, 2022/12/10, 13:11:32.341, 141613123935, vstest.console.dll, TestRunRequest:TestRunComplete: Starting. IsAborted:False IsCanceled:False.
TpTrace Verbose: 0 : 14492, 11, 2022/12/10, 13:11:32.343, 141613140519, vstest.console.dll, TestLoggerManager.HandleTestRunComplete: Ignoring as the object is disposed.
TpTrace Verbose: 0 : 14492, 11, 2022/12/10, 13:11:32.343, 141613143807, vstest.console.dll, MulticastDelegateUtilities.SafeInvoke: TestRun.TestRunComplete: Invoking callback 1/2 for Microsoft.VisualStudio.TestPlatform.CommandLine.TestRunResultAggregator., took 0 ms.
TpTrace Verbose: 0 : 14492, 11, 2022/12/10, 13:11:32.343, 141613146318, vstest.console.dll, MulticastDelegateUtilities.SafeInvoke: TestRun.TestRunComplete: Invoking callback 2/2 for Microsoft.VisualStudio.TestPlatform.CommandLine.Processors.RunTestsArgumentExecutor+TestRunRequestEventsRegistrar., took 0 ms.
TpTrace Information: 0 : 14492, 11, 2022/12/10, 13:11:32.343, 141613148068, vstest.console.dll, TestRunRequest:TestRunComplete: Completed.
TpTrace Verbose: 0 : 14492, 1, 2022/12/10, 13:11:32.343, 141613148602, vstest.console.dll, TestRunRequest.Dispose: Starting.
TpTrace Verbose: 0 : 14492, 11, 2022/12/10, 13:11:32.343, 141613148801, vstest.console.dll, TestRequestSender.SetOperationComplete: Setting operation complete.
TpTrace Information: 0 : 14492, 1, 2022/12/10, 13:11:32.343, 141613149323, vstest.console.dll, TestRunRequest.Dispose: Completed.
TpTrace Information: 0 : 14492, 11, 2022/12/10, 13:11:32.343, 141613149700, vstest.console.dll, SocketServer.Stop: Stop server endPoint: 127.0.0.1:58622
TpTrace Information: 0 : 14492, 1, 2022/12/10, 13:11:32.344, 141613150293, vstest.console.dll, TestRequestManager.RunTests: run tests completed.
TpTrace Information: 0 : 14492, 11, 2022/12/10, 13:11:32.344, 141613150835, vstest.console.dll, SocketServer.Stop: Cancellation requested. Stopping message loop.
TpTrace Verbose: 0 : 14492, 11, 2022/12/10, 13:11:32.344, 141613151351, vstest.console.dll, MulticastDelegateUtilities.SafeInvoke: LengthPrefixCommunicationChannel: MessageReceived: Invoking callback 1/1 for Microsoft.VisualStudio.TestPlatform.CommunicationUtilities.TestRequestSender+<>c__DisplayClass31_0., took 154 ms.
TpTrace Information: 0 : 14492, 1, 2022/12/10, 13:11:32.344, 141613151755, vstest.console.dll, RunTestsArgumentProcessor:Execute: Test run is completed.
TpTrace Information: 0 : 14492, 11, 2022/12/10, 13:11:32.344, 141613151840, vstest.console.dll, SocketServer.PrivateStop: Stopping server endPoint: 127.0.0.1:58622 error: 
TpTrace Verbose: 0 : 14492, 1, 2022/12/10, 13:11:32.344, 141613153976, vstest.console.dll, Executor.Execute: Exiting with exit code of 1
TpTrace Verbose: 0 : 14492, 11, 2022/12/10, 13:11:32.344, 141613156779, vstest.console.dll, LengthPrefixCommunicationChannel.Dispose: Dispose reader and writer.
TpTrace Information: 0 : 14492, 11, 2022/12/10, 13:11:32.344, 141613157641, vstest.console.dll, SocketServer.Stop: Raise disconnected event endPoint: 127.0.0.1:58622 error: 
TpTrace Verbose: 0 : 14492, 11, 2022/12/10, 13:11:32.344, 141613158535, vstest.console.dll, TestRequestSender: OnTestRunAbort: Operation is already complete. Skip error message.
TpTrace Verbose: 0 : 14492, 11, 2022/12/10, 13:11:32.344, 141613158952, vstest.console.dll, MulticastDelegateUtilities.SafeInvoke: SocketServer: ClientDisconnected: Invoking callback 1/1 for Microsoft.VisualStudio.TestPlatform.CommunicationUtilities.TestRequestSender., took 0 ms.
